CRITICAL - 2023-01-20 09:01:00 --> Unable to connect to the database.
Main connection [MySQLi]: Unknown database 'admin_template_rbac1'
#0 D:\xampp7\htdocs\dashboardpeg\system\Database\BaseConnection.php(577): CodeIgniter\Database\BaseConnection->initialize()
#1 D:\xampp7\htdocs\dashboardpeg\app\Models\BaseModel.php(119): CodeIgniter\Database\BaseConnection->query('SELECT * FROM m...', Array)
#2 D:\xampp7\htdocs\dashboardpeg\app\Controllers\BaseController.php(47): App\Models\BaseModel->getModule('login')
#3 D:\xampp7\htdocs\dashboardpeg\app\Controllers\Login.php(19): App\Controllers\BaseController->__construct()
#4 D:\xampp7\htdocs\dashboardpeg\system\CodeIgniter.php(809): App\Controllers\Login->__construct()
#5 D:\xampp7\htdocs\dashboardpeg\system\CodeIgniter.php(410): CodeIgniter\CodeIgniter->createController()
#6 D:\xampp7\htdocs\dashboardpeg\system\CodeIgniter.php(326): CodeIgniter\CodeIgniter->handleRequest(NULL, Object(Config\Cache), false)
#7 D:\xampp7\htdocs\dashboardpeg\index.php(47): CodeIgniter\CodeIgniter->run()
#8 {main}
CRITICAL - 2023-01-20 13:14:14 --> Undefined variable: artikel
#0 D:\xampp7\htdocs\dashboardpeg\app\Views\themes\modern\home.php(3): CodeIgniter\Debug\Exceptions->errorHandler(8, 'Undefined varia...', 'D:\\xampp7\\htdoc...', 3, Array)
#1 D:\xampp7\htdocs\dashboardpeg\system\View\View.php(210): include('D:\\xampp7\\htdoc...')
#2 D:\xampp7\htdocs\dashboardpeg\system\View\View.php(213): CodeIgniter\View\View->CodeIgniter\View\{closure}()
#3 D:\xampp7\htdocs\dashboardpeg\system\Common.php(1089): CodeIgniter\View\View->render('themes/modern/h...', Array, true)
#4 D:\xampp7\htdocs\dashboardpeg\app\Controllers\Home.php(7): view('themes/modern/h...', Array)
#5 D:\xampp7\htdocs\dashboardpeg\system\CodeIgniter.php(832): App\Controllers\Home->index()
#6 D:\xampp7\htdocs\dashboardpeg\system\CodeIgniter.php(419): CodeIgniter\CodeIgniter->runController(Object(App\Controllers\Home))
#7 D:\xampp7\htdocs\dashboardpeg\system\CodeIgniter.php(326): CodeIgniter\CodeIgniter->handleRequest(NULL, Object(Config\Cache), false)
#8 D:\xampp7\htdocs\dashboardpeg\index.php(47): CodeIgniter\CodeIgniter->run()
#9 {main}
CRITICAL - 2023-01-20 13:14:57 --> Class 'App\Controllers\TanpaLoginModel' not found
#0 D:\xampp7\htdocs\dashboardpeg\system\CodeIgniter.php(809): App\Controllers\Home->__construct()
#1 D:\xampp7\htdocs\dashboardpeg\system\CodeIgniter.php(410): CodeIgniter\CodeIgniter->createController()
#2 D:\xampp7\htdocs\dashboardpeg\system\CodeIgniter.php(326): CodeIgniter\CodeIgniter->handleRequest(NULL, Object(Config\Cache), false)
#3 D:\xampp7\htdocs\dashboardpeg\index.php(47): CodeIgniter\CodeIgniter->run()
#4 {main}
CRITICAL - 2023-01-20 13:23:56 --> Undefined variable: instansi
#0 D:\xampp7\htdocs\dashboardpeg\app\Views\themes\modern\home.php(120): CodeIgniter\Debug\Exceptions->errorHandler(8, 'Undefined varia...', 'D:\\xampp7\\htdoc...', 120, Array)
#1 D:\xampp7\htdocs\dashboardpeg\system\View\View.php(210): include('D:\\xampp7\\htdoc...')
#2 D:\xampp7\htdocs\dashboardpeg\system\View\View.php(213): CodeIgniter\View\View->CodeIgniter\View\{closure}()
#3 D:\xampp7\htdocs\dashboardpeg\system\Common.php(1089): CodeIgniter\View\View->render('themes/modern/h...', Array, true)
#4 D:\xampp7\htdocs\dashboardpeg\app\Controllers\Home.php(16): view('themes/modern/h...', Array)
#5 D:\xampp7\htdocs\dashboardpeg\system\CodeIgniter.php(832): App\Controllers\Home->index()
#6 D:\xampp7\htdocs\dashboardpeg\system\CodeIgniter.php(419): CodeIgniter\CodeIgniter->runController(Object(App\Controllers\Home))
#7 D:\xampp7\htdocs\dashboardpeg\system\CodeIgniter.php(326): CodeIgniter\CodeIgniter->handleRequest(NULL, Object(Config\Cache), false)
#8 D:\xampp7\htdocs\dashboardpeg\index.php(47): CodeIgniter\CodeIgniter->run()
#9 {main}
CRITICAL - 2023-01-20 13:31:03 --> Class 'App\Models\HomeModel' not found
#0 D:\xampp7\htdocs\dashboardpeg\system\CodeIgniter.php(809): App\Controllers\Home->__construct()
#1 D:\xampp7\htdocs\dashboardpeg\system\CodeIgniter.php(410): CodeIgniter\CodeIgniter->createController()
#2 D:\xampp7\htdocs\dashboardpeg\system\CodeIgniter.php(326): CodeIgniter\CodeIgniter->handleRequest(NULL, Object(Config\Cache), false)
#3 D:\xampp7\htdocs\dashboardpeg\index.php(47): CodeIgniter\CodeIgniter->run()
#4 {main}
CRITICAL - 2023-01-20 13:33:35 --> Class 'App\Models\HomeModel' not found
#0 D:\xampp7\htdocs\dashboardpeg\system\CodeIgniter.php(809): App\Controllers\Home->__construct()
#1 D:\xampp7\htdocs\dashboardpeg\system\CodeIgniter.php(410): CodeIgniter\CodeIgniter->createController()
#2 D:\xampp7\htdocs\dashboardpeg\system\CodeIgniter.php(326): CodeIgniter\CodeIgniter->handleRequest(NULL, Object(Config\Cache), false)
#3 D:\xampp7\htdocs\dashboardpeg\index.php(47): CodeIgniter\CodeIgniter->run()
#4 {main}
CRITICAL - 2023-01-20 13:33:57 --> Undefined variable: artikel
#0 D:\xampp7\htdocs\dashboardpeg\app\Views\themes\modern\home.php(3): CodeIgniter\Debug\Exceptions->errorHandler(8, 'Undefined varia...', 'D:\\xampp7\\htdoc...', 3, Array)
#1 D:\xampp7\htdocs\dashboardpeg\system\View\View.php(210): include('D:\\xampp7\\htdoc...')
#2 D:\xampp7\htdocs\dashboardpeg\system\View\View.php(213): CodeIgniter\View\View->CodeIgniter\View\{closure}()
#3 D:\xampp7\htdocs\dashboardpeg\system\Common.php(1089): CodeIgniter\View\View->render('themes/modern/h...', Array, true)
#4 D:\xampp7\htdocs\dashboardpeg\app\Controllers\Home.php(18): view('themes/modern/h...', Array)
#5 D:\xampp7\htdocs\dashboardpeg\system\CodeIgniter.php(832): App\Controllers\Home->index()
#6 D:\xampp7\htdocs\dashboardpeg\system\CodeIgniter.php(419): CodeIgniter\CodeIgniter->runController(Object(App\Controllers\Home))
#7 D:\xampp7\htdocs\dashboardpeg\system\CodeIgniter.php(326): CodeIgniter\CodeIgniter->handleRequest(NULL, Object(Config\Cache), false)
#8 D:\xampp7\htdocs\dashboardpeg\index.php(47): CodeIgniter\CodeIgniter->run()
#9 {main}
CRITICAL - 2023-01-20 13:34:14 --> Undefined variable: artikel
#0 D:\xampp7\htdocs\dashboardpeg\app\Views\themes\modern\home.php(3): CodeIgniter\Debug\Exceptions->errorHandler(8, 'Undefined varia...', 'D:\\xampp7\\htdoc...', 3, Array)
#1 D:\xampp7\htdocs\dashboardpeg\system\View\View.php(210): include('D:\\xampp7\\htdoc...')
#2 D:\xampp7\htdocs\dashboardpeg\system\View\View.php(213): CodeIgniter\View\View->CodeIgniter\View\{closure}()
#3 D:\xampp7\htdocs\dashboardpeg\system\Common.php(1089): CodeIgniter\View\View->render('themes/modern/h...', Array, true)
#4 D:\xampp7\htdocs\dashboardpeg\app\Controllers\Home.php(18): view('themes/modern/h...', Array)
#5 D:\xampp7\htdocs\dashboardpeg\system\CodeIgniter.php(832): App\Controllers\Home->index()
#6 D:\xampp7\htdocs\dashboardpeg\system\CodeIgniter.php(419): CodeIgniter\CodeIgniter->runController(Object(App\Controllers\Home))
#7 D:\xampp7\htdocs\dashboardpeg\system\CodeIgniter.php(326): CodeIgniter\CodeIgniter->handleRequest(NULL, Object(Config\Cache), false)
#8 D:\xampp7\htdocs\dashboardpeg\index.php(47): CodeIgniter\CodeIgniter->run()
#9 {main}
CRITICAL - 2023-01-20 13:34:53 --> Trying to get property 'latitude' of non-object
#0 D:\xampp7\htdocs\dashboardpeg\app\Views\themes\modern\home.php(129): CodeIgniter\Debug\Exceptions->errorHandler(8, 'Trying to get p...', 'D:\\xampp7\\htdoc...', 129, Array)
#1 D:\xampp7\htdocs\dashboardpeg\system\View\View.php(210): include('D:\\xampp7\\htdoc...')
#2 D:\xampp7\htdocs\dashboardpeg\system\View\View.php(213): CodeIgniter\View\View->CodeIgniter\View\{closure}()
#3 D:\xampp7\htdocs\dashboardpeg\system\Common.php(1089): CodeIgniter\View\View->render('themes/modern/h...', Array, true)
#4 D:\xampp7\htdocs\dashboardpeg\app\Controllers\Home.php(18): view('themes/modern/h...', Array)
#5 D:\xampp7\htdocs\dashboardpeg\system\CodeIgniter.php(832): App\Controllers\Home->index()
#6 D:\xampp7\htdocs\dashboardpeg\system\CodeIgniter.php(419): CodeIgniter\CodeIgniter->runController(Object(App\Controllers\Home))
#7 D:\xampp7\htdocs\dashboardpeg\system\CodeIgniter.php(326): CodeIgniter\CodeIgniter->handleRequest(NULL, Object(Config\Cache), false)
#8 D:\xampp7\htdocs\dashboardpeg\index.php(47): CodeIgniter\CodeIgniter->run()
#9 {main}
CRITICAL - 2023-01-20 13:35:28 --> Trying to get property 'latitude' of non-object
#0 D:\xampp7\htdocs\dashboardpeg\app\Views\themes\modern\home.php(129): CodeIgniter\Debug\Exceptions->errorHandler(8, 'Trying to get p...', 'D:\\xampp7\\htdoc...', 129, Array)
#1 D:\xampp7\htdocs\dashboardpeg\system\View\View.php(210): include('D:\\xampp7\\htdoc...')
#2 D:\xampp7\htdocs\dashboardpeg\system\View\View.php(213): CodeIgniter\View\View->CodeIgniter\View\{closure}()
#3 D:\xampp7\htdocs\dashboardpeg\system\Common.php(1089): CodeIgniter\View\View->render('themes/modern/h...', Array, true)
#4 D:\xampp7\htdocs\dashboardpeg\app\Controllers\Home.php(18): view('themes/modern/h...', Array)
#5 D:\xampp7\htdocs\dashboardpeg\system\CodeIgniter.php(832): App\Controllers\Home->index()
#6 D:\xampp7\htdocs\dashboardpeg\system\CodeIgniter.php(419): CodeIgniter\CodeIgniter->runController(Object(App\Controllers\Home))
#7 D:\xampp7\htdocs\dashboardpeg\system\CodeIgniter.php(326): CodeIgniter\CodeIgniter->handleRequest(NULL, Object(Config\Cache), false)
#8 D:\xampp7\htdocs\dashboardpeg\index.php(47): CodeIgniter\CodeIgniter->run()
#9 {main}
CRITICAL - 2023-01-20 13:35:41 --> Call to undefined method CodeIgniter\Database\MySQLi\Result::get()
#0 D:\xampp7\htdocs\dashboardpeg\app\Controllers\Home.php(14): App\Models\HomeModel->get_all_data()
#1 D:\xampp7\htdocs\dashboardpeg\system\CodeIgniter.php(832): App\Controllers\Home->index()
#2 D:\xampp7\htdocs\dashboardpeg\system\CodeIgniter.php(419): CodeIgniter\CodeIgniter->runController(Object(App\Controllers\Home))
#3 D:\xampp7\htdocs\dashboardpeg\system\CodeIgniter.php(326): CodeIgniter\CodeIgniter->handleRequest(NULL, Object(Config\Cache), false)
#4 D:\xampp7\htdocs\dashboardpeg\index.php(47): CodeIgniter\CodeIgniter->run()
#5 {main}
CRITICAL - 2023-01-20 13:36:17 --> Trying to get property 'latitude' of non-object
#0 D:\xampp7\htdocs\dashboardpeg\app\Views\themes\modern\home.php(129): CodeIgniter\Debug\Exceptions->errorHandler(8, 'Trying to get p...', 'D:\\xampp7\\htdoc...', 129, Array)
#1 D:\xampp7\htdocs\dashboardpeg\system\View\View.php(210): include('D:\\xampp7\\htdoc...')
#2 D:\xampp7\htdocs\dashboardpeg\system\View\View.php(213): CodeIgniter\View\View->CodeIgniter\View\{closure}()
#3 D:\xampp7\htdocs\dashboardpeg\system\Common.php(1089): CodeIgniter\View\View->render('themes/modern/h...', Array, true)
#4 D:\xampp7\htdocs\dashboardpeg\app\Controllers\Home.php(18): view('themes/modern/h...', Array)
#5 D:\xampp7\htdocs\dashboardpeg\system\CodeIgniter.php(832): App\Controllers\Home->index()
#6 D:\xampp7\htdocs\dashboardpeg\system\CodeIgniter.php(419): CodeIgniter\CodeIgniter->runController(Object(App\Controllers\Home))
#7 D:\xampp7\htdocs\dashboardpeg\system\CodeIgniter.php(326): CodeIgniter\CodeIgniter->handleRequest(NULL, Object(Config\Cache), false)
#8 D:\xampp7\htdocs\dashboardpeg\index.php(47): CodeIgniter\CodeIgniter->run()
#9 {main}
CRITICAL - 2023-01-20 18:17:28 --> Table 'dashboardpeg.tbl_pegawai' doesn't exist
#0 D:\xampp7\htdocs\dashboardpeg\system\Database\MySQLi\Connection.php(292): mysqli->query('SELECT ti.*, (S...', 0)
#1 D:\xampp7\htdocs\dashboardpeg\system\Database\BaseConnection.php(670): CodeIgniter\Database\MySQLi\Connection->execute('SELECT ti.*, (S...')
#2 D:\xampp7\htdocs\dashboardpeg\system\Database\BaseConnection.php(598): CodeIgniter\Database\BaseConnection->simpleQuery('SELECT ti.*, (S...')
#3 D:\xampp7\htdocs\dashboardpeg\app\Models\HomeModel.php(12): CodeIgniter\Database\BaseConnection->query('SELECT ti.*, (S...')
#4 D:\xampp7\htdocs\dashboardpeg\app\Controllers\Home.php(13): App\Models\HomeModel->get_all_data_by_instansi()
#5 D:\xampp7\htdocs\dashboardpeg\system\CodeIgniter.php(832): App\Controllers\Home->index()
#6 D:\xampp7\htdocs\dashboardpeg\system\CodeIgniter.php(419): CodeIgniter\CodeIgniter->runController(Object(App\Controllers\Home))
#7 D:\xampp7\htdocs\dashboardpeg\system\CodeIgniter.php(326): CodeIgniter\CodeIgniter->handleRequest(NULL, Object(Config\Cache), false)
#8 D:\xampp7\htdocs\dashboardpeg\index.php(47): CodeIgniter\CodeIgniter->run()
#9 {main}
CRITICAL - 2023-01-20 20:01:24 --> Unknown column '$id_instansi' in 'where clause'
#0 D:\xampp7\htdocs\dashboardpeg\system\Database\MySQLi\Connection.php(292): mysqli->query('SELECT * FROM t...', 0)
#1 D:\xampp7\htdocs\dashboardpeg\system\Database\BaseConnection.php(670): CodeIgniter\Database\MySQLi\Connection->execute('SELECT * FROM t...')
#2 D:\xampp7\htdocs\dashboardpeg\system\Database\BaseConnection.php(598): CodeIgniter\Database\BaseConnection->simpleQuery('SELECT * FROM t...')
#3 D:\xampp7\htdocs\dashboardpeg\app\Models\HomeModel.php(18): CodeIgniter\Database\BaseConnection->query('SELECT * FROM t...')
#4 D:\xampp7\htdocs\dashboardpeg\app\Controllers\Home.php(20): App\Models\HomeModel->get_data_by_instansi('77de68daecd823b...')
#5 D:\xampp7\htdocs\dashboardpeg\system\CodeIgniter.php(832): App\Controllers\Home->detail('77de68daecd823b...')
#6 D:\xampp7\htdocs\dashboardpeg\system\CodeIgniter.php(419): CodeIgniter\CodeIgniter->runController(Object(App\Controllers\Home))
#7 D:\xampp7\htdocs\dashboardpeg\system\CodeIgniter.php(326): CodeIgniter\CodeIgniter->handleRequest(NULL, Object(Config\Cache), false)
#8 D:\xampp7\htdocs\dashboardpeg\index.php(47): CodeIgniter\CodeIgniter->run()
#9 {main}
CRITICAL - 2023-01-20 20:01:55 --> Unknown column '77de68daecd823babbb58edb1c8e14d7106e83bb' in 'where clause'
#0 D:\xampp7\htdocs\dashboardpeg\system\Database\MySQLi\Connection.php(292): mysqli->query('SELECT * FROM t...', 0)
#1 D:\xampp7\htdocs\dashboardpeg\system\Database\BaseConnection.php(670): CodeIgniter\Database\MySQLi\Connection->execute('SELECT * FROM t...')
#2 D:\xampp7\htdocs\dashboardpeg\system\Database\BaseConnection.php(598): CodeIgniter\Database\BaseConnection->simpleQuery('SELECT * FROM t...')
#3 D:\xampp7\htdocs\dashboardpeg\app\Models\HomeModel.php(18): CodeIgniter\Database\BaseConnection->query('SELECT * FROM t...')
#4 D:\xampp7\htdocs\dashboardpeg\app\Controllers\Home.php(20): App\Models\HomeModel->get_data_by_instansi('77de68daecd823b...')
#5 D:\xampp7\htdocs\dashboardpeg\system\CodeIgniter.php(832): App\Controllers\Home->detail('77de68daecd823b...')
#6 D:\xampp7\htdocs\dashboardpeg\system\CodeIgniter.php(419): CodeIgniter\CodeIgniter->runController(Object(App\Controllers\Home))
#7 D:\xampp7\htdocs\dashboardpeg\system\CodeIgniter.php(326): CodeIgniter\CodeIgniter->handleRequest(NULL, Object(Config\Cache), false)
#8 D:\xampp7\htdocs\dashboardpeg\index.php(47): CodeIgniter\CodeIgniter->run()
#9 {main}
CRITICAL - 2023-01-20 20:03:08 --> Undefined property: stdClass::$TotPegawai
#0 D:\xampp7\htdocs\dashboardpeg\app\Views\themes\modern\detail_instansi.php(152): CodeIgniter\Debug\Exceptions->errorHandler(8, 'Undefined prope...', 'D:\\xampp7\\htdoc...', 152, Array)
#1 D:\xampp7\htdocs\dashboardpeg\system\View\View.php(210): include('D:\\xampp7\\htdoc...')
#2 D:\xampp7\htdocs\dashboardpeg\system\View\View.php(213): CodeIgniter\View\View->CodeIgniter\View\{closure}()
#3 D:\xampp7\htdocs\dashboardpeg\system\Common.php(1089): CodeIgniter\View\View->render('themes/modern/d...', Array, true)
#4 D:\xampp7\htdocs\dashboardpeg\app\Controllers\Home.php(22): view('themes/modern/d...', Array)
#5 D:\xampp7\htdocs\dashboardpeg\system\CodeIgniter.php(832): App\Controllers\Home->detail('77de68daecd823b...')
#6 D:\xampp7\htdocs\dashboardpeg\system\CodeIgniter.php(419): CodeIgniter\CodeIgniter->runController(Object(App\Controllers\Home))
#7 D:\xampp7\htdocs\dashboardpeg\system\CodeIgniter.php(326): CodeIgniter\CodeIgniter->handleRequest(NULL, Object(Config\Cache), false)
#8 D:\xampp7\htdocs\dashboardpeg\index.php(47): CodeIgniter\CodeIgniter->run()
#9 {main}
CRITICAL - 2023-01-20 20:04:27 --> Undefined index: nama_instansi
#0 D:\xampp7\htdocs\dashboardpeg\app\Views\themes\modern\detail_instansi.php(3): CodeIgniter\Debug\Exceptions->errorHandler(8, 'Undefined index...', 'D:\\xampp7\\htdoc...', 3, Array)
#1 D:\xampp7\htdocs\dashboardpeg\system\View\View.php(210): include('D:\\xampp7\\htdoc...')
#2 D:\xampp7\htdocs\dashboardpeg\system\View\View.php(213): CodeIgniter\View\View->CodeIgniter\View\{closure}()
#3 D:\xampp7\htdocs\dashboardpeg\system\Common.php(1089): CodeIgniter\View\View->render('themes/modern/d...', Array, true)
#4 D:\xampp7\htdocs\dashboardpeg\app\Controllers\Home.php(22): view('themes/modern/d...', Array)
#5 D:\xampp7\htdocs\dashboardpeg\system\CodeIgniter.php(832): App\Controllers\Home->detail('77de68daecd823b...')
#6 D:\xampp7\htdocs\dashboardpeg\system\CodeIgniter.php(419): CodeIgniter\CodeIgniter->runController(Object(App\Controllers\Home))
#7 D:\xampp7\htdocs\dashboardpeg\system\CodeIgniter.php(326): CodeIgniter\CodeIgniter->handleRequest(NULL, Object(Config\Cache), false)
#8 D:\xampp7\htdocs\dashboardpeg\index.php(47): CodeIgniter\CodeIgniter->run()
#9 {main}
CRITICAL - 2023-01-20 20:04:57 --> Cannot use object of type stdClass as array
#0 D:\xampp7\htdocs\dashboardpeg\system\View\View.php(210): include()
#1 D:\xampp7\htdocs\dashboardpeg\system\View\View.php(213): CodeIgniter\View\View->CodeIgniter\View\{closure}()
#2 D:\xampp7\htdocs\dashboardpeg\system\Common.php(1089): CodeIgniter\View\View->render('themes/modern/d...', Array, true)
#3 D:\xampp7\htdocs\dashboardpeg\app\Controllers\Home.php(22): view('themes/modern/d...', Array)
#4 D:\xampp7\htdocs\dashboardpeg\system\CodeIgniter.php(832): App\Controllers\Home->detail('77de68daecd823b...')
#5 D:\xampp7\htdocs\dashboardpeg\system\CodeIgniter.php(419): CodeIgniter\CodeIgniter->runController(Object(App\Controllers\Home))
#6 D:\xampp7\htdocs\dashboardpeg\system\CodeIgniter.php(326): CodeIgniter\CodeIgniter->handleRequest(NULL, Object(Config\Cache), false)
#7 D:\xampp7\htdocs\dashboardpeg\index.php(47): CodeIgniter\CodeIgniter->run()
#8 {main}
CRITICAL - 2023-01-20 21:28:44 --> Undefined variable: graphjk1
#0 D:\xampp7\htdocs\dashboardpeg\app\Views\themes\modern\detail_instansi.php(195): CodeIgniter\Debug\Exceptions->errorHandler(8, 'Undefined varia...', 'D:\\xampp7\\htdoc...', 195, Array)
#1 D:\xampp7\htdocs\dashboardpeg\system\View\View.php(210): include('D:\\xampp7\\htdoc...')
#2 D:\xampp7\htdocs\dashboardpeg\system\View\View.php(213): CodeIgniter\View\View->CodeIgniter\View\{closure}()
#3 D:\xampp7\htdocs\dashboardpeg\system\Common.php(1089): CodeIgniter\View\View->render('themes/modern/d...', Array, true)
#4 D:\xampp7\htdocs\dashboardpeg\app\Controllers\Home.php(22): view('themes/modern/d...', Array)
#5 D:\xampp7\htdocs\dashboardpeg\system\CodeIgniter.php(832): App\Controllers\Home->detail('77de68daecd823b...')
#6 D:\xampp7\htdocs\dashboardpeg\system\CodeIgniter.php(419): CodeIgniter\CodeIgniter->runController(Object(App\Controllers\Home))
#7 D:\xampp7\htdocs\dashboardpeg\system\CodeIgniter.php(326): CodeIgniter\CodeIgniter->handleRequest(NULL, Object(Config\Cache), false)
#8 D:\xampp7\htdocs\dashboardpeg\index.php(47): CodeIgniter\CodeIgniter->run()
#9 {main}
CRITICAL - 2023-01-20 21:31:24 --> Undefined variable: graphjk1
#0 D:\xampp7\htdocs\dashboardpeg\app\Views\themes\modern\detail_instansi.php(307): CodeIgniter\Debug\Exceptions->errorHandler(8, 'Undefined varia...', 'D:\\xampp7\\htdoc...', 307, Array)
#1 D:\xampp7\htdocs\dashboardpeg\system\View\View.php(210): include('D:\\xampp7\\htdoc...')
#2 D:\xampp7\htdocs\dashboardpeg\system\View\View.php(213): CodeIgniter\View\View->CodeIgniter\View\{closure}()
#3 D:\xampp7\htdocs\dashboardpeg\system\Common.php(1089): CodeIgniter\View\View->render('themes/modern/d...', Array, true)
#4 D:\xampp7\htdocs\dashboardpeg\app\Controllers\Home.php(22): view('themes/modern/d...', Array)
#5 D:\xampp7\htdocs\dashboardpeg\system\CodeIgniter.php(832): App\Controllers\Home->detail('77de68daecd823b...')
#6 D:\xampp7\htdocs\dashboardpeg\system\CodeIgniter.php(419): CodeIgniter\CodeIgniter->runController(Object(App\Controllers\Home))
#7 D:\xampp7\htdocs\dashboardpeg\system\CodeIgniter.php(326): CodeIgniter\CodeIgniter->handleRequest(NULL, Object(Config\Cache), false)
#8 D:\xampp7\htdocs\dashboardpeg\index.php(47): CodeIgniter\CodeIgniter->run()
#9 {main}
CRITICAL - 2023-01-20 21:32:56 --> Undefined variable: graphjk1
#0 D:\xampp7\htdocs\dashboardpeg\app\Views\themes\modern\detail_instansi.php(307): CodeIgniter\Debug\Exceptions->errorHandler(8, 'Undefined varia...', 'D:\\xampp7\\htdoc...', 307, Array)
#1 D:\xampp7\htdocs\dashboardpeg\system\View\View.php(210): include('D:\\xampp7\\htdoc...')
#2 D:\xampp7\htdocs\dashboardpeg\system\View\View.php(213): CodeIgniter\View\View->CodeIgniter\View\{closure}()
#3 D:\xampp7\htdocs\dashboardpeg\system\Common.php(1089): CodeIgniter\View\View->render('themes/modern/d...', Array, true)
#4 D:\xampp7\htdocs\dashboardpeg\app\Controllers\Home.php(22): view('themes/modern/d...', Array)
#5 D:\xampp7\htdocs\dashboardpeg\system\CodeIgniter.php(832): App\Controllers\Home->detail('77de68daecd823b...')
#6 D:\xampp7\htdocs\dashboardpeg\system\CodeIgniter.php(419): CodeIgniter\CodeIgniter->runController(Object(App\Controllers\Home))
#7 D:\xampp7\htdocs\dashboardpeg\system\CodeIgniter.php(326): CodeIgniter\CodeIgniter->handleRequest(NULL, Object(Config\Cache), false)
#8 D:\xampp7\htdocs\dashboardpeg\index.php(47): CodeIgniter\CodeIgniter->run()
#9 {main}
CRITICAL - 2023-01-20 21:32:58 --> Undefined variable: graphjk1
#0 D:\xampp7\htdocs\dashboardpeg\app\Views\themes\modern\detail_instansi.php(307): CodeIgniter\Debug\Exceptions->errorHandler(8, 'Undefined varia...', 'D:\\xampp7\\htdoc...', 307, Array)
#1 D:\xampp7\htdocs\dashboardpeg\system\View\View.php(210): include('D:\\xampp7\\htdoc...')
#2 D:\xampp7\htdocs\dashboardpeg\system\View\View.php(213): CodeIgniter\View\View->CodeIgniter\View\{closure}()
#3 D:\xampp7\htdocs\dashboardpeg\system\Common.php(1089): CodeIgniter\View\View->render('themes/modern/d...', Array, true)
#4 D:\xampp7\htdocs\dashboardpeg\app\Controllers\Home.php(22): view('themes/modern/d...', Array)
#5 D:\xampp7\htdocs\dashboardpeg\system\CodeIgniter.php(832): App\Controllers\Home->detail('77de68daecd823b...')
#6 D:\xampp7\htdocs\dashboardpeg\system\CodeIgniter.php(419): CodeIgniter\CodeIgniter->runController(Object(App\Controllers\Home))
#7 D:\xampp7\htdocs\dashboardpeg\system\CodeIgniter.php(326): CodeIgniter\CodeIgniter->handleRequest(NULL, Object(Config\Cache), false)
#8 D:\xampp7\htdocs\dashboardpeg\index.php(47): CodeIgniter\CodeIgniter->run()
#9 {main}
CRITICAL - 2023-01-20 21:32:59 --> Undefined variable: graphjk1
#0 D:\xampp7\htdocs\dashboardpeg\app\Views\themes\modern\detail_instansi.php(307): CodeIgniter\Debug\Exceptions->errorHandler(8, 'Undefined varia...', 'D:\\xampp7\\htdoc...', 307, Array)
#1 D:\xampp7\htdocs\dashboardpeg\system\View\View.php(210): include('D:\\xampp7\\htdoc...')
#2 D:\xampp7\htdocs\dashboardpeg\system\View\View.php(213): CodeIgniter\View\View->CodeIgniter\View\{closure}()
#3 D:\xampp7\htdocs\dashboardpeg\system\Common.php(1089): CodeIgniter\View\View->render('themes/modern/d...', Array, true)
#4 D:\xampp7\htdocs\dashboardpeg\app\Controllers\Home.php(22): view('themes/modern/d...', Array)
#5 D:\xampp7\htdocs\dashboardpeg\system\CodeIgniter.php(832): App\Controllers\Home->detail('77de68daecd823b...')
#6 D:\xampp7\htdocs\dashboardpeg\system\CodeIgniter.php(419): CodeIgniter\CodeIgniter->runController(Object(App\Controllers\Home))
#7 D:\xampp7\htdocs\dashboardpeg\system\CodeIgniter.php(326): CodeIgniter\CodeIgniter->handleRequest(NULL, Object(Config\Cache), false)
#8 D:\xampp7\htdocs\dashboardpeg\index.php(47): CodeIgniter\CodeIgniter->run()
#9 {main}
CRITICAL - 2023-01-20 22:11:18 --> Trying to get property 'nama_instansi' of non-object
#0 D:\xampp7\htdocs\dashboardpeg\app\Views\themes\modern\detail_instansi.php(3): CodeIgniter\Debug\Exceptions->errorHandler(8, 'Trying to get p...', 'D:\\xampp7\\htdoc...', 3, Array)
#1 D:\xampp7\htdocs\dashboardpeg\system\View\View.php(210): include('D:\\xampp7\\htdoc...')
#2 D:\xampp7\htdocs\dashboardpeg\system\View\View.php(213): CodeIgniter\View\View->CodeIgniter\View\{closure}()
#3 D:\xampp7\htdocs\dashboardpeg\system\Common.php(1089): CodeIgniter\View\View->render('themes/modern/d...', Array, true)
#4 D:\xampp7\htdocs\dashboardpeg\app\Controllers\Home.php(22): view('themes/modern/d...', Array)
#5 D:\xampp7\htdocs\dashboardpeg\system\CodeIgniter.php(832): App\Controllers\Home->detail('https', 'cdn.datatables....', '1.13.1', 'css', 'jquery.dataTabl...')
#6 D:\xampp7\htdocs\dashboardpeg\system\CodeIgniter.php(419): CodeIgniter\CodeIgniter->runController(Object(App\Controllers\Home))
#7 D:\xampp7\htdocs\dashboardpeg\system\CodeIgniter.php(326): CodeIgniter\CodeIgniter->handleRequest(NULL, Object(Config\Cache), false)
#8 D:\xampp7\htdocs\dashboardpeg\index.php(47): CodeIgniter\CodeIgniter->run()
#9 {main}
CRITICAL - 2023-01-20 22:11:18 --> Trying to get property 'nama_instansi' of non-object
#0 D:\xampp7\htdocs\dashboardpeg\app\Views\themes\modern\detail_instansi.php(3): CodeIgniter\Debug\Exceptions->errorHandler(8, 'Trying to get p...', 'D:\\xampp7\\htdoc...', 3, Array)
#1 D:\xampp7\htdocs\dashboardpeg\system\View\View.php(210): include('D:\\xampp7\\htdoc...')
#2 D:\xampp7\htdocs\dashboardpeg\system\View\View.php(213): CodeIgniter\View\View->CodeIgniter\View\{closure}()
#3 D:\xampp7\htdocs\dashboardpeg\system\Common.php(1089): CodeIgniter\View\View->render('themes/modern/d...', Array, true)
#4 D:\xampp7\htdocs\dashboardpeg\app\Controllers\Home.php(22): view('themes/modern/d...', Array)
#5 D:\xampp7\htdocs\dashboardpeg\system\CodeIgniter.php(832): App\Controllers\Home->detail('https', 'cdn.datatables....', '1.13.1', 'css', 'jquery.dataTabl...')
#6 D:\xampp7\htdocs\dashboardpeg\system\CodeIgniter.php(419): CodeIgniter\CodeIgniter->runController(Object(App\Controllers\Home))
#7 D:\xampp7\htdocs\dashboardpeg\system\CodeIgniter.php(326): CodeIgniter\CodeIgniter->handleRequest(NULL, Object(Config\Cache), false)
#8 D:\xampp7\htdocs\dashboardpeg\index.php(47): CodeIgniter\CodeIgniter->run()
#9 {main}
CRITICAL - 2023-01-20 22:51:28 --> Undefined variable: graphjk1
#0 D:\xampp7\htdocs\dashboardpeg\app\Views\themes\modern\detail_instansi.php(304): CodeIgniter\Debug\Exceptions->errorHandler(8, 'Undefined varia...', 'D:\\xampp7\\htdoc...', 304, Array)
#1 D:\xampp7\htdocs\dashboardpeg\system\View\View.php(210): include('D:\\xampp7\\htdoc...')
#2 D:\xampp7\htdocs\dashboardpeg\system\View\View.php(213): CodeIgniter\View\View->CodeIgniter\View\{closure}()
#3 D:\xampp7\htdocs\dashboardpeg\system\Common.php(1089): CodeIgniter\View\View->render('themes/modern/d...', Array, true)
#4 D:\xampp7\htdocs\dashboardpeg\app\Controllers\Home.php(22): view('themes/modern/d...', Array)
#5 D:\xampp7\htdocs\dashboardpeg\system\CodeIgniter.php(832): App\Controllers\Home->detail('17ba0791499db90...')
#6 D:\xampp7\htdocs\dashboardpeg\system\CodeIgniter.php(419): CodeIgniter\CodeIgniter->runController(Object(App\Controllers\Home))
#7 D:\xampp7\htdocs\dashboardpeg\system\CodeIgniter.php(326): CodeIgniter\CodeIgniter->handleRequest(NULL, Object(Config\Cache), false)
#8 D:\xampp7\htdocs\dashboardpeg\index.php(47): CodeIgniter\CodeIgniter->run()
#9 {main}
CRITICAL - 2023-01-20 23:00:33 --> Undefined variable: graphjk1
#0 D:\xampp7\htdocs\dashboardpeg\app\Views\themes\modern\detail_instansi.php(355): CodeIgniter\Debug\Exceptions->errorHandler(8, 'Undefined varia...', 'D:\\xampp7\\htdoc...', 355, Array)
#1 D:\xampp7\htdocs\dashboardpeg\system\View\View.php(210): include('D:\\xampp7\\htdoc...')
#2 D:\xampp7\htdocs\dashboardpeg\system\View\View.php(213): CodeIgniter\View\View->CodeIgniter\View\{closure}()
#3 D:\xampp7\htdocs\dashboardpeg\system\Common.php(1089): CodeIgniter\View\View->render('themes/modern/d...', Array, true)
#4 D:\xampp7\htdocs\dashboardpeg\app\Controllers\Home.php(22): view('themes/modern/d...', Array)
#5 D:\xampp7\htdocs\dashboardpeg\system\CodeIgniter.php(832): App\Controllers\Home->detail('17ba0791499db90...')
#6 D:\xampp7\htdocs\dashboardpeg\system\CodeIgniter.php(419): CodeIgniter\CodeIgniter->runController(Object(App\Controllers\Home))
#7 D:\xampp7\htdocs\dashboardpeg\system\CodeIgniter.php(326): CodeIgniter\CodeIgniter->handleRequest(NULL, Object(Config\Cache), false)
#8 D:\xampp7\htdocs\dashboardpeg\index.php(47): CodeIgniter\CodeIgniter->run()
#9 {main}
CRITICAL - 2023-01-20 23:05:27 --> Undefined property: App\Controllers\Home::$m_instansi
#0 D:\xampp7\htdocs\dashboardpeg\app\Controllers\Home.php(23): CodeIgniter\Debug\Exceptions->errorHandler(8, 'Undefined prope...', 'D:\\xampp7\\htdoc...', 23, Array)
#1 D:\xampp7\htdocs\dashboardpeg\system\CodeIgniter.php(832): App\Controllers\Home->detail('17ba0791499db90...')
#2 D:\xampp7\htdocs\dashboardpeg\system\CodeIgniter.php(419): CodeIgniter\CodeIgniter->runController(Object(App\Controllers\Home))
#3 D:\xampp7\htdocs\dashboardpeg\system\CodeIgniter.php(326): CodeIgniter\CodeIgniter->handleRequest(NULL, Object(Config\Cache), false)
#4 D:\xampp7\htdocs\dashboardpeg\index.php(47): CodeIgniter\CodeIgniter->run()
#5 {main}
CRITICAL - 2023-01-20 23:07:25 --> Undefined property: App\Controllers\Home::$m_instansi
#0 D:\xampp7\htdocs\dashboardpeg\app\Controllers\Home.php(23): CodeIgniter\Debug\Exceptions->errorHandler(8, 'Undefined prope...', 'D:\\xampp7\\htdoc...', 23, Array)
#1 D:\xampp7\htdocs\dashboardpeg\system\CodeIgniter.php(832): App\Controllers\Home->detail('17ba0791499db90...')
#2 D:\xampp7\htdocs\dashboardpeg\system\CodeIgniter.php(419): CodeIgniter\CodeIgniter->runController(Object(App\Controllers\Home))
#3 D:\xampp7\htdocs\dashboardpeg\system\CodeIgniter.php(326): CodeIgniter\CodeIgniter->handleRequest(NULL, Object(Config\Cache), false)
#4 D:\xampp7\htdocs\dashboardpeg\index.php(47): CodeIgniter\CodeIgniter->run()
#5 {main}
CRITICAL - 2023-01-20 23:07:45 --> Unknown column '17ba0791499db908433b80f37c5fbc89b870084b' in 'where clause'
#0 D:\xampp7\htdocs\dashboardpeg\system\Database\MySQLi\Connection.php(292): mysqli->query('SELECT COUNT(tp...', 0)
#1 D:\xampp7\htdocs\dashboardpeg\system\Database\BaseConnection.php(670): CodeIgniter\Database\MySQLi\Connection->execute('SELECT COUNT(tp...')
#2 D:\xampp7\htdocs\dashboardpeg\system\Database\BaseConnection.php(598): CodeIgniter\Database\BaseConnection->simpleQuery('SELECT COUNT(tp...')
#3 D:\xampp7\htdocs\dashboardpeg\app\Models\HomeModel.php(25): CodeIgniter\Database\BaseConnection->query('SELECT COUNT(tp...')
#4 D:\xampp7\htdocs\dashboardpeg\app\Controllers\Home.php(22): App\Models\HomeModel->get_jenkel_by_instansi1('17ba0791499db90...')
#5 D:\xampp7\htdocs\dashboardpeg\system\CodeIgniter.php(832): App\Controllers\Home->detail('17ba0791499db90...')
#6 D:\xampp7\htdocs\dashboardpeg\system\CodeIgniter.php(419): CodeIgniter\CodeIgniter->runController(Object(App\Controllers\Home))
#7 D:\xampp7\htdocs\dashboardpeg\system\CodeIgniter.php(326): CodeIgniter\CodeIgniter->handleRequest(NULL, Object(Config\Cache), false)
#8 D:\xampp7\htdocs\dashboardpeg\index.php(47): CodeIgniter\CodeIgniter->run()
#9 {main}
CRITICAL - 2023-01-20 23:09:27 --> Unknown column '17ba0791499db908433b80f37c5fbc89b870084b' in 'where clause'
#0 D:\xampp7\htdocs\dashboardpeg\system\Database\MySQLi\Connection.php(292): mysqli->query('SELECT COUNT(tp...', 0)
#1 D:\xampp7\htdocs\dashboardpeg\system\Database\BaseConnection.php(670): CodeIgniter\Database\MySQLi\Connection->execute('SELECT COUNT(tp...')
#2 D:\xampp7\htdocs\dashboardpeg\system\Database\BaseConnection.php(598): CodeIgniter\Database\BaseConnection->simpleQuery('SELECT COUNT(tp...')
#3 D:\xampp7\htdocs\dashboardpeg\app\Models\HomeModel.php(25): CodeIgniter\Database\BaseConnection->query('SELECT COUNT(tp...')
#4 D:\xampp7\htdocs\dashboardpeg\app\Controllers\Home.php(22): App\Models\HomeModel->get_jenkel_by_instansi1('17ba0791499db90...')
#5 D:\xampp7\htdocs\dashboardpeg\system\CodeIgniter.php(832): App\Controllers\Home->detail('17ba0791499db90...')
#6 D:\xampp7\htdocs\dashboardpeg\system\CodeIgniter.php(419): CodeIgniter\CodeIgniter->runController(Object(App\Controllers\Home))
#7 D:\xampp7\htdocs\dashboardpeg\system\CodeIgniter.php(326): CodeIgniter\CodeIgniter->handleRequest(NULL, Object(Config\Cache), false)
#8 D:\xampp7\htdocs\dashboardpeg\index.php(47): CodeIgniter\CodeIgniter->run()
#9 {main}
CRITICAL - 2023-01-20 23:10:32 --> Call to undefined method CodeIgniter\Database\MySQLi\Result::row()
#0 D:\xampp7\htdocs\dashboardpeg\app\Controllers\Home.php(22): App\Models\HomeModel->get_jenkel_by_instansi1('17ba0791499db90...')
#1 D:\xampp7\htdocs\dashboardpeg\system\CodeIgniter.php(832): App\Controllers\Home->detail('17ba0791499db90...')
#2 D:\xampp7\htdocs\dashboardpeg\system\CodeIgniter.php(419): CodeIgniter\CodeIgniter->runController(Object(App\Controllers\Home))
#3 D:\xampp7\htdocs\dashboardpeg\system\CodeIgniter.php(326): CodeIgniter\CodeIgniter->handleRequest(NULL, Object(Config\Cache), false)
#4 D:\xampp7\htdocs\dashboardpeg\index.php(47): CodeIgniter\CodeIgniter->run()
#5 {main}
CRITICAL - 2023-01-20 23:11:02 --> Undefined variable: config
#0 D:\xampp7\htdocs\dashboardpeg\app\Views\themes\modern\detail_instansi.php(8): CodeIgniter\Debug\Exceptions->errorHandler(8, 'Undefined varia...', 'D:\\xampp7\\htdoc...', 8, Array)
#1 D:\xampp7\htdocs\dashboardpeg\system\View\View.php(210): include('D:\\xampp7\\htdoc...')
#2 D:\xampp7\htdocs\dashboardpeg\system\View\View.php(213): CodeIgniter\View\View->CodeIgniter\View\{closure}()
#3 D:\xampp7\htdocs\dashboardpeg\system\Common.php(1089): CodeIgniter\View\View->render('themes/modern/d...', Array, true)
#4 D:\xampp7\htdocs\dashboardpeg\app\Controllers\Home.php(25): view('themes/modern/d...', Array)
#5 D:\xampp7\htdocs\dashboardpeg\system\CodeIgniter.php(832): App\Controllers\Home->detail('17ba0791499db90...')
#6 D:\xampp7\htdocs\dashboardpeg\system\CodeIgniter.php(419): CodeIgniter\CodeIgniter->runController(Object(App\Controllers\Home))
#7 D:\xampp7\htdocs\dashboardpeg\system\CodeIgniter.php(326): CodeIgniter\CodeIgniter->handleRequest(NULL, Object(Config\Cache), false)
#8 D:\xampp7\htdocs\dashboardpeg\index.php(47): CodeIgniter\CodeIgniter->run()
#9 {main}
CRITICAL - 2023-01-20 23:11:54 --> Undefined variable: config
#0 D:\xampp7\htdocs\dashboardpeg\app\Views\themes\modern\detail_instansi.php(8): CodeIgniter\Debug\Exceptions->errorHandler(8, 'Undefined varia...', 'D:\\xampp7\\htdoc...', 8, Array)
#1 D:\xampp7\htdocs\dashboardpeg\system\View\View.php(210): include('D:\\xampp7\\htdoc...')
#2 D:\xampp7\htdocs\dashboardpeg\system\View\View.php(213): CodeIgniter\View\View->CodeIgniter\View\{closure}()
#3 D:\xampp7\htdocs\dashboardpeg\system\Common.php(1089): CodeIgniter\View\View->render('themes/modern/d...', Array, true)
#4 D:\xampp7\htdocs\dashboardpeg\app\Controllers\Home.php(25): view('themes/modern/d...', Array)
#5 D:\xampp7\htdocs\dashboardpeg\system\CodeIgniter.php(832): App\Controllers\Home->detail('17ba0791499db90...')
#6 D:\xampp7\htdocs\dashboardpeg\system\CodeIgniter.php(419): CodeIgniter\CodeIgniter->runController(Object(App\Controllers\Home))
#7 D:\xampp7\htdocs\dashboardpeg\system\CodeIgniter.php(326): CodeIgniter\CodeIgniter->handleRequest(NULL, Object(Config\Cache), false)
#8 D:\xampp7\htdocs\dashboardpeg\index.php(47): CodeIgniter\CodeIgniter->run()
#9 {main}
CRITICAL - 2023-01-20 23:12:13 --> Undefined variable: config
#0 D:\xampp7\htdocs\dashboardpeg\app\Views\themes\modern\detail_instansi.php(8): CodeIgniter\Debug\Exceptions->errorHandler(8, 'Undefined varia...', 'D:\\xampp7\\htdoc...', 8, Array)
#1 D:\xampp7\htdocs\dashboardpeg\system\View\View.php(210): include('D:\\xampp7\\htdoc...')
#2 D:\xampp7\htdocs\dashboardpeg\system\View\View.php(213): CodeIgniter\View\View->CodeIgniter\View\{closure}()
#3 D:\xampp7\htdocs\dashboardpeg\system\Common.php(1089): CodeIgniter\View\View->render('themes/modern/d...', Array, true)
#4 D:\xampp7\htdocs\dashboardpeg\app\Controllers\Home.php(25): view('themes/modern/d...', Array)
#5 D:\xampp7\htdocs\dashboardpeg\system\CodeIgniter.php(832): App\Controllers\Home->detail('77de68daecd823b...')
#6 D:\xampp7\htdocs\dashboardpeg\system\CodeIgniter.php(419): CodeIgniter\CodeIgniter->runController(Object(App\Controllers\Home))
#7 D:\xampp7\htdocs\dashboardpeg\system\CodeIgniter.php(326): CodeIgniter\CodeIgniter->handleRequest(NULL, Object(Config\Cache), false)
#8 D:\xampp7\htdocs\dashboardpeg\index.php(47): CodeIgniter\CodeIgniter->run()
#9 {main}
CRITICAL - 2023-01-20 23:12:32 --> Undefined variable: instansi
#0 D:\xampp7\htdocs\dashboardpeg\app\Controllers\Home.php(20): CodeIgniter\Debug\Exceptions->errorHandler(8, 'Undefined varia...', 'D:\\xampp7\\htdoc...', 20, Array)
#1 D:\xampp7\htdocs\dashboardpeg\system\CodeIgniter.php(832): App\Controllers\Home->detail('77de68daecd823b...')
#2 D:\xampp7\htdocs\dashboardpeg\system\CodeIgniter.php(419): CodeIgniter\CodeIgniter->runController(Object(App\Controllers\Home))
#3 D:\xampp7\htdocs\dashboardpeg\system\CodeIgniter.php(326): CodeIgniter\CodeIgniter->handleRequest(NULL, Object(Config\Cache), false)
#4 D:\xampp7\htdocs\dashboardpeg\index.php(47): CodeIgniter\CodeIgniter->run()
#5 {main}
CRITICAL - 2023-01-20 23:12:50 --> Trying to get property 'nama_instansi' of non-object
#0 D:\xampp7\htdocs\dashboardpeg\app\Views\themes\modern\detail_instansi.php(3): CodeIgniter\Debug\Exceptions->errorHandler(8, 'Trying to get p...', 'D:\\xampp7\\htdoc...', 3, Array)
#1 D:\xampp7\htdocs\dashboardpeg\system\View\View.php(210): include('D:\\xampp7\\htdoc...')
#2 D:\xampp7\htdocs\dashboardpeg\system\View\View.php(213): CodeIgniter\View\View->CodeIgniter\View\{closure}()
#3 D:\xampp7\htdocs\dashboardpeg\system\Common.php(1089): CodeIgniter\View\View->render('themes/modern/d...', Array, true)
#4 D:\xampp7\htdocs\dashboardpeg\app\Controllers\Home.php(27): view('themes/modern/d...', Array)
#5 D:\xampp7\htdocs\dashboardpeg\system\CodeIgniter.php(832): App\Controllers\Home->detail('77de68daecd823b...')
#6 D:\xampp7\htdocs\dashboardpeg\system\CodeIgniter.php(419): CodeIgniter\CodeIgniter->runController(Object(App\Controllers\Home))
#7 D:\xampp7\htdocs\dashboardpeg\system\CodeIgniter.php(326): CodeIgniter\CodeIgniter->handleRequest(NULL, Object(Config\Cache), false)
#8 D:\xampp7\htdocs\dashboardpeg\index.php(47): CodeIgniter\CodeIgniter->run()
#9 {main}
CRITICAL - 2023-01-20 23:13:02 --> Undefined variable: config
#0 D:\xampp7\htdocs\dashboardpeg\app\Views\themes\modern\detail_instansi.php(8): CodeIgniter\Debug\Exceptions->errorHandler(8, 'Undefined varia...', 'D:\\xampp7\\htdoc...', 8, Array)
#1 D:\xampp7\htdocs\dashboardpeg\system\View\View.php(210): include('D:\\xampp7\\htdoc...')
#2 D:\xampp7\htdocs\dashboardpeg\system\View\View.php(213): CodeIgniter\View\View->CodeIgniter\View\{closure}()
#3 D:\xampp7\htdocs\dashboardpeg\system\Common.php(1089): CodeIgniter\View\View->render('themes/modern/d...', Array, true)
#4 D:\xampp7\htdocs\dashboardpeg\app\Controllers\Home.php(25): view('themes/modern/d...', Array)
#5 D:\xampp7\htdocs\dashboardpeg\system\CodeIgniter.php(832): App\Controllers\Home->detail('77de68daecd823b...')
#6 D:\xampp7\htdocs\dashboardpeg\system\CodeIgniter.php(419): CodeIgniter\CodeIgniter->runController(Object(App\Controllers\Home))
#7 D:\xampp7\htdocs\dashboardpeg\system\CodeIgniter.php(326): CodeIgniter\CodeIgniter->handleRequest(NULL, Object(Config\Cache), false)
#8 D:\xampp7\htdocs\dashboardpeg\index.php(47): CodeIgniter\CodeIgniter->run()
#9 {main}
CRITICAL - 2023-01-20 23:14:00 --> Undefined variable: config
#0 D:\xampp7\htdocs\dashboardpeg\app\Views\themes\modern\detail_instansi.php(8): CodeIgniter\Debug\Exceptions->errorHandler(8, 'Undefined varia...', 'D:\\xampp7\\htdoc...', 8, Array)
#1 D:\xampp7\htdocs\dashboardpeg\system\View\View.php(210): include('D:\\xampp7\\htdoc...')
#2 D:\xampp7\htdocs\dashboardpeg\system\View\View.php(213): CodeIgniter\View\View->CodeIgniter\View\{closure}()
#3 D:\xampp7\htdocs\dashboardpeg\system\Common.php(1089): CodeIgniter\View\View->render('themes/modern/d...', Array, true)
#4 D:\xampp7\htdocs\dashboardpeg\app\Controllers\Home.php(25): view('themes/modern/d...', Array)
#5 D:\xampp7\htdocs\dashboardpeg\system\CodeIgniter.php(832): App\Controllers\Home->detail('77de68daecd823b...')
#6 D:\xampp7\htdocs\dashboardpeg\system\CodeIgniter.php(419): CodeIgniter\CodeIgniter->runController(Object(App\Controllers\Home))
#7 D:\xampp7\htdocs\dashboardpeg\system\CodeIgniter.php(326): CodeIgniter\CodeIgniter->handleRequest(NULL, Object(Config\Cache), false)
#8 D:\xampp7\htdocs\dashboardpeg\index.php(47): CodeIgniter\CodeIgniter->run()
#9 {main}
CRITICAL - 2023-01-20 23:15:36 --> Undefined variable: instansi
#0 D:\xampp7\htdocs\dashboardpeg\app\Views\themes\modern\detail_instansi.php(3): CodeIgniter\Debug\Exceptions->errorHandler(8, 'Undefined varia...', 'D:\\xampp7\\htdoc...', 3, Array)
#1 D:\xampp7\htdocs\dashboardpeg\system\View\View.php(210): include('D:\\xampp7\\htdoc...')
#2 D:\xampp7\htdocs\dashboardpeg\system\View\View.php(213): CodeIgniter\View\View->CodeIgniter\View\{closure}()
#3 D:\xampp7\htdocs\dashboardpeg\system\Common.php(1089): CodeIgniter\View\View->render('themes/modern/d...', Array, true)
#4 D:\xampp7\htdocs\dashboardpeg\app\Controllers\Home.php(25): view('themes/modern/d...')
#5 D:\xampp7\htdocs\dashboardpeg\system\CodeIgniter.php(832): App\Controllers\Home->detail('77de68daecd823b...')
#6 D:\xampp7\htdocs\dashboardpeg\system\CodeIgniter.php(419): CodeIgniter\CodeIgniter->runController(Object(App\Controllers\Home))
#7 D:\xampp7\htdocs\dashboardpeg\system\CodeIgniter.php(326): CodeIgniter\CodeIgniter->handleRequest(NULL, Object(Config\Cache), false)
#8 D:\xampp7\htdocs\dashboardpeg\index.php(47): CodeIgniter\CodeIgniter->run()
#9 {main}
CRITICAL - 2023-01-20 23:15:45 --> Undefined variable: config
#0 D:\xampp7\htdocs\dashboardpeg\app\Views\themes\modern\detail_instansi.php(8): CodeIgniter\Debug\Exceptions->errorHandler(8, 'Undefined varia...', 'D:\\xampp7\\htdoc...', 8, Array)
#1 D:\xampp7\htdocs\dashboardpeg\system\View\View.php(210): include('D:\\xampp7\\htdoc...')
#2 D:\xampp7\htdocs\dashboardpeg\system\View\View.php(213): CodeIgniter\View\View->CodeIgniter\View\{closure}()
#3 D:\xampp7\htdocs\dashboardpeg\system\Common.php(1089): CodeIgniter\View\View->render('themes/modern/d...', Array, true)
#4 D:\xampp7\htdocs\dashboardpeg\app\Controllers\Home.php(25): view('themes/modern/d...')
#5 D:\xampp7\htdocs\dashboardpeg\system\CodeIgniter.php(832): App\Controllers\Home->detail('77de68daecd823b...')
#6 D:\xampp7\htdocs\dashboardpeg\system\CodeIgniter.php(419): CodeIgniter\CodeIgniter->runController(Object(App\Controllers\Home))
#7 D:\xampp7\htdocs\dashboardpeg\system\CodeIgniter.php(326): CodeIgniter\CodeIgniter->handleRequest(NULL, Object(Config\Cache), false)
#8 D:\xampp7\htdocs\dashboardpeg\index.php(47): CodeIgniter\CodeIgniter->run()
#9 {main}
CRITICAL - 2023-01-20 23:58:19 --> Trying to get property 'golru' of non-object
#0 D:\xampp7\htdocs\dashboardpeg\app\Views\themes\modern\detail_instansi.php(215): CodeIgniter\Debug\Exceptions->errorHandler(8, 'Trying to get p...', 'D:\\xampp7\\htdoc...', 215, Array)
#1 D:\xampp7\htdocs\dashboardpeg\system\View\View.php(210): include('D:\\xampp7\\htdoc...')
#2 D:\xampp7\htdocs\dashboardpeg\system\View\View.php(213): CodeIgniter\View\View->CodeIgniter\View\{closure}()
#3 D:\xampp7\htdocs\dashboardpeg\system\Common.php(1089): CodeIgniter\View\View->render('themes/modern/d...', Array, true)
#4 D:\xampp7\htdocs\dashboardpeg\app\Controllers\Home.php(25): view('themes/modern/d...', Array)
#5 D:\xampp7\htdocs\dashboardpeg\system\CodeIgniter.php(832): App\Controllers\Home->detail('77de68daecd823b...')
#6 D:\xampp7\htdocs\dashboardpeg\system\CodeIgniter.php(419): CodeIgniter\CodeIgniter->runController(Object(App\Controllers\Home))
#7 D:\xampp7\htdocs\dashboardpeg\system\CodeIgniter.php(326): CodeIgniter\CodeIgniter->handleRequest(NULL, Object(Config\Cache), false)
#8 D:\xampp7\htdocs\dashboardpeg\index.php(47): CodeIgniter\CodeIgniter->run()
#9 {main}
