CRITICAL - 2022-06-16 19:22:37 --> You have an error in your SQL syntax; check the manual that corresponds to your MariaDB server version for the right syntax to use near 'GROUP BY kode_user
				) AS tabel' at line 5
#0 D:\xampp-8.1.2\htdocs\ci4\admin_template_rbac1\system\Database\MySQLi\Connection.php(292): mysqli->query('SELECT COUNT(*)...', 0)
#1 D:\xampp-8.1.2\htdocs\ci4\admin_template_rbac1\system\Database\BaseConnection.php(670): CodeIgniter\Database\MySQLi\Connection->execute('SELECT COUNT(*)...')
#2 D:\xampp-8.1.2\htdocs\ci4\admin_template_rbac1\system\Database\BaseConnection.php(598): CodeIgniter\Database\BaseConnection->simpleQuery('SELECT COUNT(*)...')
#3 D:\xampp-8.1.2\htdocs\ci4\admin_template_rbac1\app\Models\DashboardModel.php(61): CodeIgniter\Database\BaseConnection->query('SELECT COUNT(*)...')
#4 D:\xampp-8.1.2\htdocs\ci4\admin_template_rbac1\app\Controllers\Dashboard.php(39): App\Models\DashboardModel->getTotalCustomer('2022')
#5 D:\xampp-8.1.2\htdocs\ci4\admin_template_rbac1\system\CodeIgniter.php(832): App\Controllers\Dashboard->index()
#6 D:\xampp-8.1.2\htdocs\ci4\admin_template_rbac1\system\CodeIgniter.php(419): CodeIgniter\CodeIgniter->runController(Object(App\Controllers\Dashboard))
#7 D:\xampp-8.1.2\htdocs\ci4\admin_template_rbac1\system\CodeIgniter.php(326): CodeIgniter\CodeIgniter->handleRequest(NULL, Object(Config\Cache), false)
#8 D:\xampp-8.1.2\htdocs\ci4\admin_template_rbac1\index.php(47): CodeIgniter\CodeIgniter->run()
#9 {main}
CRITICAL - 2022-06-16 19:26:00 --> You must set the database table to be used with your query.
#0 D:\xampp-8.1.2\htdocs\ci4\admin_template_rbac1\system\Model.php(545): CodeIgniter\Database\BaseConnection->table(NULL)
#1 D:\xampp-8.1.2\htdocs\ci4\admin_template_rbac1\system\Model.php(722): CodeIgniter\Model->builder()
#2 D:\xampp-8.1.2\htdocs\ci4\admin_template_rbac1\app\Controllers\Dashboard.php(39): CodeIgniter\Model->__call('getTotalCustome...', Array)
#3 D:\xampp-8.1.2\htdocs\ci4\admin_template_rbac1\system\CodeIgniter.php(832): App\Controllers\Dashboard->index()
#4 D:\xampp-8.1.2\htdocs\ci4\admin_template_rbac1\system\CodeIgniter.php(419): CodeIgniter\CodeIgniter->runController(Object(App\Controllers\Dashboard))
#5 D:\xampp-8.1.2\htdocs\ci4\admin_template_rbac1\system\CodeIgniter.php(326): CodeIgniter\CodeIgniter->handleRequest(NULL, Object(Config\Cache), false)
#6 D:\xampp-8.1.2\htdocs\ci4\admin_template_rbac1\index.php(47): CodeIgniter\CodeIgniter->run()
#7 {main}
CRITICAL - 2022-06-16 19:26:14 --> Table 'admin_template_rbac1.customer' doesn't exist
#0 D:\xampp-8.1.2\htdocs\ci4\admin_template_rbac1\system\Database\MySQLi\Connection.php(292): mysqli->query('SELECT * FROM c...', 0)
#1 D:\xampp-8.1.2\htdocs\ci4\admin_template_rbac1\system\Database\BaseConnection.php(670): CodeIgniter\Database\MySQLi\Connection->execute('SELECT * FROM c...')
#2 D:\xampp-8.1.2\htdocs\ci4\admin_template_rbac1\system\Database\BaseConnection.php(598): CodeIgniter\Database\BaseConnection->simpleQuery('SELECT * FROM c...')
#3 D:\xampp-8.1.2\htdocs\ci4\admin_template_rbac1\app\Models\DashboardModel.php(120): CodeIgniter\Database\BaseConnection->query('SELECT * FROM c...')
#4 D:\xampp-8.1.2\htdocs\ci4\admin_template_rbac1\app\Controllers\Dashboard.php(51): App\Models\DashboardModel->getBestCustomer()
#5 D:\xampp-8.1.2\htdocs\ci4\admin_template_rbac1\system\CodeIgniter.php(832): App\Controllers\Dashboard->index()
#6 D:\xampp-8.1.2\htdocs\ci4\admin_template_rbac1\system\CodeIgniter.php(419): CodeIgniter\CodeIgniter->runController(Object(App\Controllers\Dashboard))
#7 D:\xampp-8.1.2\htdocs\ci4\admin_template_rbac1\system\CodeIgniter.php(326): CodeIgniter\CodeIgniter->handleRequest(NULL, Object(Config\Cache), false)
#8 D:\xampp-8.1.2\htdocs\ci4\admin_template_rbac1\index.php(47): CodeIgniter\CodeIgniter->run()
#9 {main}
CRITICAL - 2022-06-16 19:26:47 --> Table 'admin_template_rbac1.toko_customer' doesn't exist
#0 D:\xampp-8.1.2\htdocs\ci4\admin_template_rbac1\system\Database\MySQLi\Connection.php(292): mysqli->query('SELECT * FROM t...', 0)
#1 D:\xampp-8.1.2\htdocs\ci4\admin_template_rbac1\system\Database\BaseConnection.php(670): CodeIgniter\Database\MySQLi\Connection->execute('SELECT * FROM t...')
#2 D:\xampp-8.1.2\htdocs\ci4\admin_template_rbac1\system\Database\BaseConnection.php(598): CodeIgniter\Database\BaseConnection->simpleQuery('SELECT * FROM t...')
#3 D:\xampp-8.1.2\htdocs\ci4\admin_template_rbac1\app\Models\DashboardModel.php(120): CodeIgniter\Database\BaseConnection->query('SELECT * FROM t...')
#4 D:\xampp-8.1.2\htdocs\ci4\admin_template_rbac1\app\Controllers\Dashboard.php(51): App\Models\DashboardModel->getBestCustomer()
#5 D:\xampp-8.1.2\htdocs\ci4\admin_template_rbac1\system\CodeIgniter.php(832): App\Controllers\Dashboard->index()
#6 D:\xampp-8.1.2\htdocs\ci4\admin_template_rbac1\system\CodeIgniter.php(419): CodeIgniter\CodeIgniter->runController(Object(App\Controllers\Dashboard))
#7 D:\xampp-8.1.2\htdocs\ci4\admin_template_rbac1\system\CodeIgniter.php(326): CodeIgniter\CodeIgniter->handleRequest(NULL, Object(Config\Cache), false)
#8 D:\xampp-8.1.2\htdocs\ci4\admin_template_rbac1\index.php(47): CodeIgniter\CodeIgniter->run()
#9 {main}
CRITICAL - 2022-06-16 20:53:22 --> Undefined array key "total"
#0 D:\xampp-8.1.2\htdocs\ci4\admin_template_rbac1\app\Views\themes\modern\dashboard.php(359): CodeIgniter\Debug\Exceptions->errorHandler(2, 'Undefined array...', 'D:\\xampp-8.1.2\\...', 359)
#1 D:\xampp-8.1.2\htdocs\ci4\admin_template_rbac1\system\View\View.php(210): include('D:\\xampp-8.1.2\\...')
#2 D:\xampp-8.1.2\htdocs\ci4\admin_template_rbac1\system\View\View.php(213): CodeIgniter\View\View->CodeIgniter\View\{closure}()
#3 D:\xampp-8.1.2\htdocs\ci4\admin_template_rbac1\system\Common.php(1089): CodeIgniter\View\View->render('themes/modern/d...', Array, true)
#4 D:\xampp-8.1.2\htdocs\ci4\admin_template_rbac1\app\Controllers\BaseController.php(240): view('themes/modern/d...', Array)
#5 D:\xampp-8.1.2\htdocs\ci4\admin_template_rbac1\app\Controllers\Dashboard.php(60): App\Controllers\BaseController->view('dashboard.php', Array)
#6 D:\xampp-8.1.2\htdocs\ci4\admin_template_rbac1\system\CodeIgniter.php(832): App\Controllers\Dashboard->index()
#7 D:\xampp-8.1.2\htdocs\ci4\admin_template_rbac1\system\CodeIgniter.php(419): CodeIgniter\CodeIgniter->runController(Object(App\Controllers\Dashboard))
#8 D:\xampp-8.1.2\htdocs\ci4\admin_template_rbac1\system\CodeIgniter.php(326): CodeIgniter\CodeIgniter->handleRequest(NULL, Object(Config\Cache), false)
#9 D:\xampp-8.1.2\htdocs\ci4\admin_template_rbac1\index.php(47): CodeIgniter\CodeIgniter->run()
#10 {main}
CRITICAL - 2022-06-16 20:53:37 --> Undefined array key "total"
#0 D:\xampp-8.1.2\htdocs\ci4\admin_template_rbac1\app\Views\themes\modern\dashboard.php(360): CodeIgniter\Debug\Exceptions->errorHandler(2, 'Undefined array...', 'D:\\xampp-8.1.2\\...', 360)
#1 D:\xampp-8.1.2\htdocs\ci4\admin_template_rbac1\system\View\View.php(210): include('D:\\xampp-8.1.2\\...')
#2 D:\xampp-8.1.2\htdocs\ci4\admin_template_rbac1\system\View\View.php(213): CodeIgniter\View\View->CodeIgniter\View\{closure}()
#3 D:\xampp-8.1.2\htdocs\ci4\admin_template_rbac1\system\Common.php(1089): CodeIgniter\View\View->render('themes/modern/d...', Array, true)
#4 D:\xampp-8.1.2\htdocs\ci4\admin_template_rbac1\app\Controllers\BaseController.php(240): view('themes/modern/d...', Array)
#5 D:\xampp-8.1.2\htdocs\ci4\admin_template_rbac1\app\Controllers\Dashboard.php(60): App\Controllers\BaseController->view('dashboard.php', Array)
#6 D:\xampp-8.1.2\htdocs\ci4\admin_template_rbac1\system\CodeIgniter.php(832): App\Controllers\Dashboard->index()
#7 D:\xampp-8.1.2\htdocs\ci4\admin_template_rbac1\system\CodeIgniter.php(419): CodeIgniter\CodeIgniter->runController(Object(App\Controllers\Dashboard))
#8 D:\xampp-8.1.2\htdocs\ci4\admin_template_rbac1\system\CodeIgniter.php(326): CodeIgniter\CodeIgniter->handleRequest(NULL, Object(Config\Cache), false)
#9 D:\xampp-8.1.2\htdocs\ci4\admin_template_rbac1\index.php(47): CodeIgniter\CodeIgniter->run()
#10 {main}
