CRITICAL - 2022-06-18 06:44:19 --> Too few arguments to function App\Models\DashboardModel::getPembelianPelangganTerbesar(), 0 passed in D:\xampp-8.1.2\htdocs\ci4\admin_template_rbac1\app\Controllers\Dashboard.php on line 52 and exactly 1 expected
#0 D:\xampp-8.1.2\htdocs\ci4\admin_template_rbac1\app\Controllers\Dashboard.php(52): App\Models\DashboardModel->getPembelianPelangganTerbesar()
#1 D:\xampp-8.1.2\htdocs\ci4\admin_template_rbac1\system\CodeIgniter.php(832): App\Controllers\Dashboard->index()
#2 D:\xampp-8.1.2\htdocs\ci4\admin_template_rbac1\system\CodeIgniter.php(419): CodeIgniter\CodeIgniter->runController(Object(App\Controllers\Dashboard))
#3 D:\xampp-8.1.2\htdocs\ci4\admin_template_rbac1\system\CodeIgniter.php(326): CodeIgniter\CodeIgniter->handleRequest(NULL, Object(Config\Cache), false)
#4 D:\xampp-8.1.2\htdocs\ci4\admin_template_rbac1\index.php(47): CodeIgniter\CodeIgniter->run()
#5 {main}
CRITICAL - 2022-06-18 06:44:44 --> Cannot access offset of type string on string
#0 D:\xampp-8.1.2\htdocs\ci4\admin_template_rbac1\system\View\View.php(210): include()
#1 D:\xampp-8.1.2\htdocs\ci4\admin_template_rbac1\system\View\View.php(213): CodeIgniter\View\View->CodeIgniter\View\{closure}()
#2 D:\xampp-8.1.2\htdocs\ci4\admin_template_rbac1\system\Common.php(1089): CodeIgniter\View\View->render('themes/modern/d...', Array, true)
#3 D:\xampp-8.1.2\htdocs\ci4\admin_template_rbac1\app\Controllers\BaseController.php(240): view('themes/modern/d...', Array)
#4 D:\xampp-8.1.2\htdocs\ci4\admin_template_rbac1\app\Controllers\Dashboard.php(61): App\Controllers\BaseController->view('dashboard.php', Array)
#5 D:\xampp-8.1.2\htdocs\ci4\admin_template_rbac1\system\CodeIgniter.php(832): App\Controllers\Dashboard->index()
#6 D:\xampp-8.1.2\htdocs\ci4\admin_template_rbac1\system\CodeIgniter.php(419): CodeIgniter\CodeIgniter->runController(Object(App\Controllers\Dashboard))
#7 D:\xampp-8.1.2\htdocs\ci4\admin_template_rbac1\system\CodeIgniter.php(326): CodeIgniter\CodeIgniter->handleRequest(NULL, Object(Config\Cache), false)
#8 D:\xampp-8.1.2\htdocs\ci4\admin_template_rbac1\index.php(47): CodeIgniter\CodeIgniter->run()
#9 {main}
CRITICAL - 2022-06-18 06:46:33 --> Table 'admin_template_rbac1.toko_pelanggsn' doesn't exist
#0 D:\xampp-8.1.2\htdocs\ci4\admin_template_rbac1\system\Database\MySQLi\Connection.php(292): mysqli->query('SELECT id_toko_...', 0)
#1 D:\xampp-8.1.2\htdocs\ci4\admin_template_rbac1\system\Database\BaseConnection.php(670): CodeIgniter\Database\MySQLi\Connection->execute('SELECT id_toko_...')
#2 D:\xampp-8.1.2\htdocs\ci4\admin_template_rbac1\system\Database\BaseConnection.php(598): CodeIgniter\Database\BaseConnection->simpleQuery('SELECT id_toko_...')
#3 D:\xampp-8.1.2\htdocs\ci4\admin_template_rbac1\app\Models\DashboardModel.php(61): CodeIgniter\Database\BaseConnection->query('SELECT id_toko_...')
#4 D:\xampp-8.1.2\htdocs\ci4\admin_template_rbac1\app\Controllers\Dashboard.php(52): App\Models\DashboardModel->getPembelianPelangganTerbesar('2022')
#5 D:\xampp-8.1.2\htdocs\ci4\admin_template_rbac1\system\CodeIgniter.php(832): App\Controllers\Dashboard->index()
#6 D:\xampp-8.1.2\htdocs\ci4\admin_template_rbac1\system\CodeIgniter.php(419): CodeIgniter\CodeIgniter->runController(Object(App\Controllers\Dashboard))
#7 D:\xampp-8.1.2\htdocs\ci4\admin_template_rbac1\system\CodeIgniter.php(326): CodeIgniter\CodeIgniter->handleRequest(NULL, Object(Config\Cache), false)
#8 D:\xampp-8.1.2\htdocs\ci4\admin_template_rbac1\index.php(47): CodeIgniter\CodeIgniter->run()
#9 {main}
CRITICAL - 2022-06-18 06:46:44 --> Cannot access offset of type string on string
#0 D:\xampp-8.1.2\htdocs\ci4\admin_template_rbac1\system\View\View.php(210): include()
#1 D:\xampp-8.1.2\htdocs\ci4\admin_template_rbac1\system\View\View.php(213): CodeIgniter\View\View->CodeIgniter\View\{closure}()
#2 D:\xampp-8.1.2\htdocs\ci4\admin_template_rbac1\system\Common.php(1089): CodeIgniter\View\View->render('themes/modern/d...', Array, true)
#3 D:\xampp-8.1.2\htdocs\ci4\admin_template_rbac1\app\Controllers\BaseController.php(240): view('themes/modern/d...', Array)
#4 D:\xampp-8.1.2\htdocs\ci4\admin_template_rbac1\app\Controllers\Dashboard.php(61): App\Controllers\BaseController->view('dashboard.php', Array)
#5 D:\xampp-8.1.2\htdocs\ci4\admin_template_rbac1\system\CodeIgniter.php(832): App\Controllers\Dashboard->index()
#6 D:\xampp-8.1.2\htdocs\ci4\admin_template_rbac1\system\CodeIgniter.php(419): CodeIgniter\CodeIgniter->runController(Object(App\Controllers\Dashboard))
#7 D:\xampp-8.1.2\htdocs\ci4\admin_template_rbac1\system\CodeIgniter.php(326): CodeIgniter\CodeIgniter->handleRequest(NULL, Object(Config\Cache), false)
#8 D:\xampp-8.1.2\htdocs\ci4\admin_template_rbac1\index.php(47): CodeIgniter\CodeIgniter->run()
#9 {main}
CRITICAL - 2022-06-18 07:40:34 --> Undefined array key "totl_harga"
#0 D:\xampp-8.1.2\htdocs\ci4\admin_template_rbac1\app\Views\themes\modern\dashboard.php(384): CodeIgniter\Debug\Exceptions->errorHandler(2, 'Undefined array...', 'D:\\xampp-8.1.2\\...', 384)
#1 D:\xampp-8.1.2\htdocs\ci4\admin_template_rbac1\system\View\View.php(210): include('D:\\xampp-8.1.2\\...')
#2 D:\xampp-8.1.2\htdocs\ci4\admin_template_rbac1\system\View\View.php(213): CodeIgniter\View\View->CodeIgniter\View\{closure}()
#3 D:\xampp-8.1.2\htdocs\ci4\admin_template_rbac1\system\Common.php(1089): CodeIgniter\View\View->render('themes/modern/d...', Array, true)
#4 D:\xampp-8.1.2\htdocs\ci4\admin_template_rbac1\app\Controllers\BaseController.php(240): view('themes/modern/d...', Array)
#5 D:\xampp-8.1.2\htdocs\ci4\admin_template_rbac1\app\Controllers\Dashboard.php(62): App\Controllers\BaseController->view('dashboard.php', Array)
#6 D:\xampp-8.1.2\htdocs\ci4\admin_template_rbac1\system\CodeIgniter.php(832): App\Controllers\Dashboard->index()
#7 D:\xampp-8.1.2\htdocs\ci4\admin_template_rbac1\system\CodeIgniter.php(419): CodeIgniter\CodeIgniter->runController(Object(App\Controllers\Dashboard))
#8 D:\xampp-8.1.2\htdocs\ci4\admin_template_rbac1\system\CodeIgniter.php(326): CodeIgniter\CodeIgniter->handleRequest(NULL, Object(Config\Cache), false)
#9 D:\xampp-8.1.2\htdocs\ci4\admin_template_rbac1\index.php(47): CodeIgniter\CodeIgniter->run()
#10 {main}
CRITICAL - 2022-06-18 08:23:40 --> You must set the database table to be used with your query.
#0 D:\xampp-8.1.2\htdocs\ci4\admin_template_rbac1\system\Model.php(545): CodeIgniter\Database\BaseConnection->table(NULL)
#1 D:\xampp-8.1.2\htdocs\ci4\admin_template_rbac1\system\Model.php(722): CodeIgniter\Model->builder()
#2 D:\xampp-8.1.2\htdocs\ci4\admin_template_rbac1\app\Controllers\Dashboard.php(47): CodeIgniter\Model->__call('getPelangganAkt...', Array)
#3 D:\xampp-8.1.2\htdocs\ci4\admin_template_rbac1\system\CodeIgniter.php(832): App\Controllers\Dashboard->index()
#4 D:\xampp-8.1.2\htdocs\ci4\admin_template_rbac1\system\CodeIgniter.php(419): CodeIgniter\CodeIgniter->runController(Object(App\Controllers\Dashboard))
#5 D:\xampp-8.1.2\htdocs\ci4\admin_template_rbac1\system\CodeIgniter.php(326): CodeIgniter\CodeIgniter->handleRequest(NULL, Object(Config\Cache), false)
#6 D:\xampp-8.1.2\htdocs\ci4\admin_template_rbac1\index.php(47): CodeIgniter\CodeIgniter->run()
#7 {main}
CRITICAL - 2022-06-18 08:36:46 --> Undefined array key "growth"
#0 D:\xampp-8.1.2\htdocs\ci4\admin_template_rbac1\app\Views\themes\modern\dashboard.php(101): CodeIgniter\Debug\Exceptions->errorHandler(2, 'Undefined array...', 'D:\\xampp-8.1.2\\...', 101)
#1 D:\xampp-8.1.2\htdocs\ci4\admin_template_rbac1\system\View\View.php(210): include('D:\\xampp-8.1.2\\...')
#2 D:\xampp-8.1.2\htdocs\ci4\admin_template_rbac1\system\View\View.php(213): CodeIgniter\View\View->CodeIgniter\View\{closure}()
#3 D:\xampp-8.1.2\htdocs\ci4\admin_template_rbac1\system\Common.php(1089): CodeIgniter\View\View->render('themes/modern/d...', Array, true)
#4 D:\xampp-8.1.2\htdocs\ci4\admin_template_rbac1\app\Controllers\BaseController.php(240): view('themes/modern/d...', Array)
#5 D:\xampp-8.1.2\htdocs\ci4\admin_template_rbac1\app\Controllers\Dashboard.php(70): App\Controllers\BaseController->view('dashboard.php', Array)
#6 D:\xampp-8.1.2\htdocs\ci4\admin_template_rbac1\system\CodeIgniter.php(832): App\Controllers\Dashboard->index()
#7 D:\xampp-8.1.2\htdocs\ci4\admin_template_rbac1\system\CodeIgniter.php(419): CodeIgniter\CodeIgniter->runController(Object(App\Controllers\Dashboard))
#8 D:\xampp-8.1.2\htdocs\ci4\admin_template_rbac1\system\CodeIgniter.php(326): CodeIgniter\CodeIgniter->handleRequest(NULL, Object(Config\Cache), false)
#9 D:\xampp-8.1.2\htdocs\ci4\admin_template_rbac1\index.php(47): CodeIgniter\CodeIgniter->run()
#10 {main}
CRITICAL - 2022-06-18 10:54:21 --> You must set the database table to be used with your query.
#0 D:\xampp-8.1.2\htdocs\ci4\admin_template_rbac1\system\Model.php(545): CodeIgniter\Database\BaseConnection->table(NULL)
#1 D:\xampp-8.1.2\htdocs\ci4\admin_template_rbac1\system\Model.php(722): CodeIgniter\Model->builder()
#2 D:\xampp-8.1.2\htdocs\ci4\admin_template_rbac1\app\Controllers\Dashboard.php(76): CodeIgniter\Model->__call('getPenjualan', Array)
#3 D:\xampp-8.1.2\htdocs\ci4\admin_template_rbac1\system\CodeIgniter.php(832): App\Controllers\Dashboard->ajaxGetPenjualan()
#4 D:\xampp-8.1.2\htdocs\ci4\admin_template_rbac1\system\CodeIgniter.php(419): CodeIgniter\CodeIgniter->runController(Object(App\Controllers\Dashboard))
#5 D:\xampp-8.1.2\htdocs\ci4\admin_template_rbac1\system\CodeIgniter.php(326): CodeIgniter\CodeIgniter->handleRequest(NULL, Object(Config\Cache), false)
#6 D:\xampp-8.1.2\htdocs\ci4\admin_template_rbac1\index.php(47): CodeIgniter\CodeIgniter->run()
#7 {main}
CRITICAL - 2022-06-18 16:56:12 --> Unknown column 'nama' in 'field list'
#0 D:\xampp-8.1.2\htdocs\ci4\admin_template_rbac1\system\Database\MySQLi\Connection.php(292): mysqli->query('SELECT id_pelan...', 0)
#1 D:\xampp-8.1.2\htdocs\ci4\admin_template_rbac1\system\Database\BaseConnection.php(670): CodeIgniter\Database\MySQLi\Connection->execute('SELECT id_pelan...')
#2 D:\xampp-8.1.2\htdocs\ci4\admin_template_rbac1\system\Database\BaseConnection.php(598): CodeIgniter\Database\BaseConnection->simpleQuery('SELECT id_pelan...')
#3 D:\xampp-8.1.2\htdocs\ci4\admin_template_rbac1\app\Models\DashboardModel.php(77): CodeIgniter\Database\BaseConnection->query('SELECT id_pelan...')
#4 D:\xampp-8.1.2\htdocs\ci4\admin_template_rbac1\app\Controllers\Dashboard.php(61): App\Models\DashboardModel->getPembelianPelangganTerbesar('2022')
#5 D:\xampp-8.1.2\htdocs\ci4\admin_template_rbac1\system\CodeIgniter.php(832): App\Controllers\Dashboard->index()
#6 D:\xampp-8.1.2\htdocs\ci4\admin_template_rbac1\system\CodeIgniter.php(419): CodeIgniter\CodeIgniter->runController(Object(App\Controllers\Dashboard))
#7 D:\xampp-8.1.2\htdocs\ci4\admin_template_rbac1\system\CodeIgniter.php(326): CodeIgniter\CodeIgniter->handleRequest(NULL, Object(Config\Cache), false)
#8 D:\xampp-8.1.2\htdocs\ci4\admin_template_rbac1\index.php(47): CodeIgniter\CodeIgniter->run()
#9 {main}
CRITICAL - 2022-06-18 16:57:41 --> Unknown column 'nama' in 'field list'
#0 D:\xampp-8.1.2\htdocs\ci4\admin_template_rbac1\system\Database\MySQLi\Connection.php(292): mysqli->query('SELECT id_produ...', 0)
#1 D:\xampp-8.1.2\htdocs\ci4\admin_template_rbac1\system\Database\BaseConnection.php(670): CodeIgniter\Database\MySQLi\Connection->execute('SELECT id_produ...')
#2 D:\xampp-8.1.2\htdocs\ci4\admin_template_rbac1\system\Database\BaseConnection.php(598): CodeIgniter\Database\BaseConnection->simpleQuery('SELECT id_produ...')
#3 D:\xampp-8.1.2\htdocs\ci4\admin_template_rbac1\app\Models\DashboardModel.php(116): CodeIgniter\Database\BaseConnection->query('SELECT id_produ...')
#4 D:\xampp-8.1.2\htdocs\ci4\admin_template_rbac1\app\Controllers\Dashboard.php(53): App\Models\DashboardModel->getItemTerjual('2022')
#5 D:\xampp-8.1.2\htdocs\ci4\admin_template_rbac1\system\CodeIgniter.php(832): App\Controllers\Dashboard->index()
#6 D:\xampp-8.1.2\htdocs\ci4\admin_template_rbac1\system\CodeIgniter.php(419): CodeIgniter\CodeIgniter->runController(Object(App\Controllers\Dashboard))
#7 D:\xampp-8.1.2\htdocs\ci4\admin_template_rbac1\system\CodeIgniter.php(326): CodeIgniter\CodeIgniter->handleRequest(NULL, Object(Config\Cache), false)
#8 D:\xampp-8.1.2\htdocs\ci4\admin_template_rbac1\index.php(47): CodeIgniter\CodeIgniter->run()
#9 {main}
CRITICAL - 2022-06-18 16:58:39 --> Undefined array key "nama"
#0 D:\xampp-8.1.2\htdocs\ci4\admin_template_rbac1\app\Views\themes\modern\dashboard.php(312): CodeIgniter\Debug\Exceptions->errorHandler(2, 'Undefined array...', 'D:\\xampp-8.1.2\\...', 312)
#1 D:\xampp-8.1.2\htdocs\ci4\admin_template_rbac1\system\View\View.php(210): include('D:\\xampp-8.1.2\\...')
#2 D:\xampp-8.1.2\htdocs\ci4\admin_template_rbac1\system\View\View.php(213): CodeIgniter\View\View->CodeIgniter\View\{closure}()
#3 D:\xampp-8.1.2\htdocs\ci4\admin_template_rbac1\system\Common.php(1089): CodeIgniter\View\View->render('themes/modern/d...', Array, true)
#4 D:\xampp-8.1.2\htdocs\ci4\admin_template_rbac1\app\Controllers\BaseController.php(240): view('themes/modern/d...', Array)
#5 D:\xampp-8.1.2\htdocs\ci4\admin_template_rbac1\app\Controllers\Dashboard.php(77): App\Controllers\BaseController->view('dashboard.php', Array)
#6 D:\xampp-8.1.2\htdocs\ci4\admin_template_rbac1\system\CodeIgniter.php(832): App\Controllers\Dashboard->index()
#7 D:\xampp-8.1.2\htdocs\ci4\admin_template_rbac1\system\CodeIgniter.php(419): CodeIgniter\CodeIgniter->runController(Object(App\Controllers\Dashboard))
#8 D:\xampp-8.1.2\htdocs\ci4\admin_template_rbac1\system\CodeIgniter.php(326): CodeIgniter\CodeIgniter->handleRequest(NULL, Object(Config\Cache), false)
#9 D:\xampp-8.1.2\htdocs\ci4\admin_template_rbac1\index.php(47): CodeIgniter\CodeIgniter->run()
#10 {main}
CRITICAL - 2022-06-18 17:00:12 --> Table 'admin_template_rbac1.penjualan' doesn't exist
#0 D:\xampp-8.1.2\htdocs\ci4\admin_template_rbac1\system\Database\MySQLi\Connection.php(292): mysqli->query('SELECT MONTH(tg...', 0)
#1 D:\xampp-8.1.2\htdocs\ci4\admin_template_rbac1\system\Database\BaseConnection.php(670): CodeIgniter\Database\MySQLi\Connection->execute('SELECT MONTH(tg...')
#2 D:\xampp-8.1.2\htdocs\ci4\admin_template_rbac1\system\Database\BaseConnection.php(598): CodeIgniter\Database\BaseConnection->simpleQuery('SELECT MONTH(tg...')
#3 D:\xampp-8.1.2\htdocs\ci4\admin_template_rbac1\app\Models\ChartjsModel.php(17): CodeIgniter\Database\BaseConnection->query('SELECT MONTH(tg...', 2021)
#4 D:\xampp-8.1.2\htdocs\ci4\admin_template_rbac1\app\Controllers\Chartjs.php(35): App\Models\ChartjsModel->getPenjualan(2021)
#5 D:\xampp-8.1.2\htdocs\ci4\admin_template_rbac1\system\CodeIgniter.php(832): App\Controllers\Chartjs->index()
#6 D:\xampp-8.1.2\htdocs\ci4\admin_template_rbac1\system\CodeIgniter.php(419): CodeIgniter\CodeIgniter->runController(Object(App\Controllers\Chartjs))
#7 D:\xampp-8.1.2\htdocs\ci4\admin_template_rbac1\system\CodeIgniter.php(326): CodeIgniter\CodeIgniter->handleRequest(NULL, Object(Config\Cache), false)
#8 D:\xampp-8.1.2\htdocs\ci4\admin_template_rbac1\index.php(47): CodeIgniter\CodeIgniter->run()
#9 {main}
CRITICAL - 2022-06-18 17:04:55 --> Undefined array key "nama"
#0 D:\xampp-8.1.2\htdocs\ci4\admin_template_rbac1\app\Views\themes\modern\chartjs.php(141): CodeIgniter\Debug\Exceptions->errorHandler(2, 'Undefined array...', 'D:\\xampp-8.1.2\\...', 141)
#1 D:\xampp-8.1.2\htdocs\ci4\admin_template_rbac1\system\View\View.php(210): include('D:\\xampp-8.1.2\\...')
#2 D:\xampp-8.1.2\htdocs\ci4\admin_template_rbac1\system\View\View.php(213): CodeIgniter\View\View->CodeIgniter\View\{closure}()
#3 D:\xampp-8.1.2\htdocs\ci4\admin_template_rbac1\system\Common.php(1089): CodeIgniter\View\View->render('themes/modern/c...', Array, true)
#4 D:\xampp-8.1.2\htdocs\ci4\admin_template_rbac1\app\Controllers\BaseController.php(240): view('themes/modern/c...', Array)
#5 D:\xampp-8.1.2\htdocs\ci4\admin_template_rbac1\app\Controllers\Chartjs.php(45): App\Controllers\BaseController->view('chartjs.php', Array)
#6 D:\xampp-8.1.2\htdocs\ci4\admin_template_rbac1\system\CodeIgniter.php(832): App\Controllers\Chartjs->index()
#7 D:\xampp-8.1.2\htdocs\ci4\admin_template_rbac1\system\CodeIgniter.php(419): CodeIgniter\CodeIgniter->runController(Object(App\Controllers\Chartjs))
#8 D:\xampp-8.1.2\htdocs\ci4\admin_template_rbac1\system\CodeIgniter.php(326): CodeIgniter\CodeIgniter->handleRequest(NULL, Object(Config\Cache), false)
#9 D:\xampp-8.1.2\htdocs\ci4\admin_template_rbac1\index.php(47): CodeIgniter\CodeIgniter->run()
#10 {main}
CRITICAL - 2022-06-18 17:08:41 --> Undefined variable $list_tahun
#0 D:\xampp-8.1.2\htdocs\ci4\admin_template_rbac1\app\Views\themes\modern\chartjs.php(18): CodeIgniter\Debug\Exceptions->errorHandler(2, 'Undefined varia...', 'D:\\xampp-8.1.2\\...', 18)
#1 D:\xampp-8.1.2\htdocs\ci4\admin_template_rbac1\system\View\View.php(210): include('D:\\xampp-8.1.2\\...')
#2 D:\xampp-8.1.2\htdocs\ci4\admin_template_rbac1\system\View\View.php(213): CodeIgniter\View\View->CodeIgniter\View\{closure}()
#3 D:\xampp-8.1.2\htdocs\ci4\admin_template_rbac1\system\Common.php(1089): CodeIgniter\View\View->render('themes/modern/c...', Array, true)
#4 D:\xampp-8.1.2\htdocs\ci4\admin_template_rbac1\app\Controllers\BaseController.php(240): view('themes/modern/c...', Array)
#5 D:\xampp-8.1.2\htdocs\ci4\admin_template_rbac1\app\Controllers\Chartjs.php(48): App\Controllers\BaseController->view('chartjs.php', Array)
#6 D:\xampp-8.1.2\htdocs\ci4\admin_template_rbac1\system\CodeIgniter.php(832): App\Controllers\Chartjs->index()
#7 D:\xampp-8.1.2\htdocs\ci4\admin_template_rbac1\system\CodeIgniter.php(419): CodeIgniter\CodeIgniter->runController(Object(App\Controllers\Chartjs))
#8 D:\xampp-8.1.2\htdocs\ci4\admin_template_rbac1\system\CodeIgniter.php(326): CodeIgniter\CodeIgniter->handleRequest(NULL, Object(Config\Cache), false)
#9 D:\xampp-8.1.2\htdocs\ci4\admin_template_rbac1\index.php(47): CodeIgniter\CodeIgniter->run()
#10 {main}
CRITICAL - 2022-06-18 17:14:25 --> Cannot access offset of type string on string
#0 D:\xampp-8.1.2\htdocs\ci4\admin_template_rbac1\system\View\View.php(210): include()
#1 D:\xampp-8.1.2\htdocs\ci4\admin_template_rbac1\system\View\View.php(213): CodeIgniter\View\View->CodeIgniter\View\{closure}()
#2 D:\xampp-8.1.2\htdocs\ci4\admin_template_rbac1\system\Common.php(1089): CodeIgniter\View\View->render('themes/modern/c...', Array, true)
#3 D:\xampp-8.1.2\htdocs\ci4\admin_template_rbac1\app\Controllers\BaseController.php(240): view('themes/modern/c...', Array)
#4 D:\xampp-8.1.2\htdocs\ci4\admin_template_rbac1\app\Controllers\Chartjs.php(49): App\Controllers\BaseController->view('chartjs.php', Array)
#5 D:\xampp-8.1.2\htdocs\ci4\admin_template_rbac1\system\CodeIgniter.php(832): App\Controllers\Chartjs->index()
#6 D:\xampp-8.1.2\htdocs\ci4\admin_template_rbac1\system\CodeIgniter.php(419): CodeIgniter\CodeIgniter->runController(Object(App\Controllers\Chartjs))
#7 D:\xampp-8.1.2\htdocs\ci4\admin_template_rbac1\system\CodeIgniter.php(326): CodeIgniter\CodeIgniter->handleRequest(NULL, Object(Config\Cache), false)
#8 D:\xampp-8.1.2\htdocs\ci4\admin_template_rbac1\index.php(47): CodeIgniter\CodeIgniter->run()
#9 {main}
CRITICAL - 2022-06-18 18:02:58 --> Undefined variable $label_kategori
#0 D:\xampp-8.1.2\htdocs\ci4\admin_template_rbac1\app\Views\themes\modern\chartjs.php(64): CodeIgniter\Debug\Exceptions->errorHandler(2, 'Undefined varia...', 'D:\\xampp-8.1.2\\...', 64)
#1 D:\xampp-8.1.2\htdocs\ci4\admin_template_rbac1\system\View\View.php(210): include('D:\\xampp-8.1.2\\...')
#2 D:\xampp-8.1.2\htdocs\ci4\admin_template_rbac1\system\View\View.php(213): CodeIgniter\View\View->CodeIgniter\View\{closure}()
#3 D:\xampp-8.1.2\htdocs\ci4\admin_template_rbac1\system\Common.php(1089): CodeIgniter\View\View->render('themes/modern/c...', Array, true)
#4 D:\xampp-8.1.2\htdocs\ci4\admin_template_rbac1\app\Controllers\BaseController.php(240): view('themes/modern/c...', Array)
#5 D:\xampp-8.1.2\htdocs\ci4\admin_template_rbac1\app\Controllers\Chartjs.php(49): App\Controllers\BaseController->view('chartjs.php', Array)
#6 D:\xampp-8.1.2\htdocs\ci4\admin_template_rbac1\system\CodeIgniter.php(832): App\Controllers\Chartjs->index()
#7 D:\xampp-8.1.2\htdocs\ci4\admin_template_rbac1\system\CodeIgniter.php(419): CodeIgniter\CodeIgniter->runController(Object(App\Controllers\Chartjs))
#8 D:\xampp-8.1.2\htdocs\ci4\admin_template_rbac1\system\CodeIgniter.php(326): CodeIgniter\CodeIgniter->handleRequest(NULL, Object(Config\Cache), false)
#9 D:\xampp-8.1.2\htdocs\ci4\admin_template_rbac1\index.php(47): CodeIgniter\CodeIgniter->run()
#10 {main}
CRITICAL - 2022-06-18 18:07:21 --> Table 'admin_template_rbac1.penjualan' doesn't exist
#0 D:\xampp-8.1.2\htdocs\ci4\admin_template_rbac1\system\Database\MySQLi\Connection.php(292): mysqli->query('SELECT MONTH(tg...', 0)
#1 D:\xampp-8.1.2\htdocs\ci4\admin_template_rbac1\system\Database\BaseConnection.php(670): CodeIgniter\Database\MySQLi\Connection->execute('SELECT MONTH(tg...')
#2 D:\xampp-8.1.2\htdocs\ci4\admin_template_rbac1\system\Database\BaseConnection.php(598): CodeIgniter\Database\BaseConnection->simpleQuery('SELECT MONTH(tg...')
#3 D:\xampp-8.1.2\htdocs\ci4\admin_template_rbac1\app\Models\ApexchartsModel.php(17): CodeIgniter\Database\BaseConnection->query('SELECT MONTH(tg...', 2021)
#4 D:\xampp-8.1.2\htdocs\ci4\admin_template_rbac1\app\Controllers\Apexcharts.php(36): App\Models\ApexchartsModel->getPenjualan(2021)
#5 D:\xampp-8.1.2\htdocs\ci4\admin_template_rbac1\system\CodeIgniter.php(832): App\Controllers\Apexcharts->index()
#6 D:\xampp-8.1.2\htdocs\ci4\admin_template_rbac1\system\CodeIgniter.php(419): CodeIgniter\CodeIgniter->runController(Object(App\Controllers\Apexcharts))
#7 D:\xampp-8.1.2\htdocs\ci4\admin_template_rbac1\system\CodeIgniter.php(326): CodeIgniter\CodeIgniter->handleRequest(NULL, Object(Config\Cache), false)
#8 D:\xampp-8.1.2\htdocs\ci4\admin_template_rbac1\index.php(47): CodeIgniter\CodeIgniter->run()
#9 {main}
CRITICAL - 2022-06-18 18:08:35 --> Unknown column 'nama' in 'field list'
#0 D:\xampp-8.1.2\htdocs\ci4\admin_template_rbac1\system\Database\MySQLi\Connection.php(292): mysqli->query('SELECT id_baran...', 0)
#1 D:\xampp-8.1.2\htdocs\ci4\admin_template_rbac1\system\Database\BaseConnection.php(670): CodeIgniter\Database\MySQLi\Connection->execute('SELECT id_baran...')
#2 D:\xampp-8.1.2\htdocs\ci4\admin_template_rbac1\system\Database\BaseConnection.php(598): CodeIgniter\Database\BaseConnection->simpleQuery('SELECT id_baran...')
#3 D:\xampp-8.1.2\htdocs\ci4\admin_template_rbac1\app\Models\ApexchartsModel.php(30): CodeIgniter\Database\BaseConnection->query('SELECT id_baran...')
#4 D:\xampp-8.1.2\htdocs\ci4\admin_template_rbac1\app\Controllers\Apexcharts.php(37): App\Models\ApexchartsModel->getItemTerjual(2021)
#5 D:\xampp-8.1.2\htdocs\ci4\admin_template_rbac1\system\CodeIgniter.php(832): App\Controllers\Apexcharts->index()
#6 D:\xampp-8.1.2\htdocs\ci4\admin_template_rbac1\system\CodeIgniter.php(419): CodeIgniter\CodeIgniter->runController(Object(App\Controllers\Apexcharts))
#7 D:\xampp-8.1.2\htdocs\ci4\admin_template_rbac1\system\CodeIgniter.php(326): CodeIgniter\CodeIgniter->handleRequest(NULL, Object(Config\Cache), false)
#8 D:\xampp-8.1.2\htdocs\ci4\admin_template_rbac1\index.php(47): CodeIgniter\CodeIgniter->run()
#9 {main}
CRITICAL - 2022-06-18 18:08:53 --> Undefined array key "nama"
#0 D:\xampp-8.1.2\htdocs\ci4\admin_template_rbac1\app\Views\themes\modern\apexcharts.php(203): CodeIgniter\Debug\Exceptions->errorHandler(2, 'Undefined array...', 'D:\\xampp-8.1.2\\...', 203)
#1 D:\xampp-8.1.2\htdocs\ci4\admin_template_rbac1\system\View\View.php(210): include('D:\\xampp-8.1.2\\...')
#2 D:\xampp-8.1.2\htdocs\ci4\admin_template_rbac1\system\View\View.php(213): CodeIgniter\View\View->CodeIgniter\View\{closure}()
#3 D:\xampp-8.1.2\htdocs\ci4\admin_template_rbac1\system\Common.php(1089): CodeIgniter\View\View->render('themes/modern/a...', Array, true)
#4 D:\xampp-8.1.2\htdocs\ci4\admin_template_rbac1\app\Controllers\BaseController.php(240): view('themes/modern/a...', Array)
#5 D:\xampp-8.1.2\htdocs\ci4\admin_template_rbac1\app\Controllers\Apexcharts.php(46): App\Controllers\BaseController->view('apexcharts.php', Array)
#6 D:\xampp-8.1.2\htdocs\ci4\admin_template_rbac1\system\CodeIgniter.php(832): App\Controllers\Apexcharts->index()
#7 D:\xampp-8.1.2\htdocs\ci4\admin_template_rbac1\system\CodeIgniter.php(419): CodeIgniter\CodeIgniter->runController(Object(App\Controllers\Apexcharts))
#8 D:\xampp-8.1.2\htdocs\ci4\admin_template_rbac1\system\CodeIgniter.php(326): CodeIgniter\CodeIgniter->handleRequest(NULL, Object(Config\Cache), false)
#9 D:\xampp-8.1.2\htdocs\ci4\admin_template_rbac1\index.php(47): CodeIgniter\CodeIgniter->run()
#10 {main}
CRITICAL - 2022-06-18 18:26:02 --> Table 'admin_template_rbac1.penjualan' doesn't exist
#0 D:\xampp-8.1.2\htdocs\ci4\admin_template_rbac1\system\Database\MySQLi\Connection.php(292): mysqli->query('SELECT MONTH(tg...', 0)
#1 D:\xampp-8.1.2\htdocs\ci4\admin_template_rbac1\system\Database\BaseConnection.php(670): CodeIgniter\Database\MySQLi\Connection->execute('SELECT MONTH(tg...')
#2 D:\xampp-8.1.2\htdocs\ci4\admin_template_rbac1\system\Database\BaseConnection.php(598): CodeIgniter\Database\BaseConnection->simpleQuery('SELECT MONTH(tg...')
#3 D:\xampp-8.1.2\htdocs\ci4\admin_template_rbac1\app\Models\EchartsModel.php(17): CodeIgniter\Database\BaseConnection->query('SELECT MONTH(tg...', 2021)
#4 D:\xampp-8.1.2\htdocs\ci4\admin_template_rbac1\app\Controllers\Echarts.php(34): App\Models\EchartsModel->getPenjualan(2021)
#5 D:\xampp-8.1.2\htdocs\ci4\admin_template_rbac1\system\CodeIgniter.php(832): App\Controllers\Echarts->index()
#6 D:\xampp-8.1.2\htdocs\ci4\admin_template_rbac1\system\CodeIgniter.php(419): CodeIgniter\CodeIgniter->runController(Object(App\Controllers\Echarts))
#7 D:\xampp-8.1.2\htdocs\ci4\admin_template_rbac1\system\CodeIgniter.php(326): CodeIgniter\CodeIgniter->handleRequest(NULL, Object(Config\Cache), false)
#8 D:\xampp-8.1.2\htdocs\ci4\admin_template_rbac1\index.php(47): CodeIgniter\CodeIgniter->run()
#9 {main}
CRITICAL - 2022-06-18 18:26:20 --> Unknown column 'id_trx' in 'from clause'
#0 D:\xampp-8.1.2\htdocs\ci4\admin_template_rbac1\system\Database\MySQLi\Connection.php(292): mysqli->query('SELECT id_produ...', 0)
#1 D:\xampp-8.1.2\htdocs\ci4\admin_template_rbac1\system\Database\BaseConnection.php(670): CodeIgniter\Database\MySQLi\Connection->execute('SELECT id_produ...')
#2 D:\xampp-8.1.2\htdocs\ci4\admin_template_rbac1\system\Database\BaseConnection.php(598): CodeIgniter\Database\BaseConnection->simpleQuery('SELECT id_produ...')
#3 D:\xampp-8.1.2\htdocs\ci4\admin_template_rbac1\app\Models\EchartsModel.php(30): CodeIgniter\Database\BaseConnection->query('SELECT id_produ...')
#4 D:\xampp-8.1.2\htdocs\ci4\admin_template_rbac1\app\Controllers\Echarts.php(35): App\Models\EchartsModel->getItemTerjual(2021)
#5 D:\xampp-8.1.2\htdocs\ci4\admin_template_rbac1\system\CodeIgniter.php(832): App\Controllers\Echarts->index()
#6 D:\xampp-8.1.2\htdocs\ci4\admin_template_rbac1\system\CodeIgniter.php(419): CodeIgniter\CodeIgniter->runController(Object(App\Controllers\Echarts))
#7 D:\xampp-8.1.2\htdocs\ci4\admin_template_rbac1\system\CodeIgniter.php(326): CodeIgniter\CodeIgniter->handleRequest(NULL, Object(Config\Cache), false)
#8 D:\xampp-8.1.2\htdocs\ci4\admin_template_rbac1\index.php(47): CodeIgniter\CodeIgniter->run()
#9 {main}
CRITICAL - 2022-06-18 18:26:38 --> Unknown column 'id_produk' in 'from clause'
#0 D:\xampp-8.1.2\htdocs\ci4\admin_template_rbac1\system\Database\MySQLi\Connection.php(292): mysqli->query('SELECT id_produ...', 0)
#1 D:\xampp-8.1.2\htdocs\ci4\admin_template_rbac1\system\Database\BaseConnection.php(670): CodeIgniter\Database\MySQLi\Connection->execute('SELECT id_produ...')
#2 D:\xampp-8.1.2\htdocs\ci4\admin_template_rbac1\system\Database\BaseConnection.php(598): CodeIgniter\Database\BaseConnection->simpleQuery('SELECT id_produ...')
#3 D:\xampp-8.1.2\htdocs\ci4\admin_template_rbac1\app\Models\EchartsModel.php(30): CodeIgniter\Database\BaseConnection->query('SELECT id_produ...')
#4 D:\xampp-8.1.2\htdocs\ci4\admin_template_rbac1\app\Controllers\Echarts.php(35): App\Models\EchartsModel->getItemTerjual(2021)
#5 D:\xampp-8.1.2\htdocs\ci4\admin_template_rbac1\system\CodeIgniter.php(832): App\Controllers\Echarts->index()
#6 D:\xampp-8.1.2\htdocs\ci4\admin_template_rbac1\system\CodeIgniter.php(419): CodeIgniter\CodeIgniter->runController(Object(App\Controllers\Echarts))
#7 D:\xampp-8.1.2\htdocs\ci4\admin_template_rbac1\system\CodeIgniter.php(326): CodeIgniter\CodeIgniter->handleRequest(NULL, Object(Config\Cache), false)
#8 D:\xampp-8.1.2\htdocs\ci4\admin_template_rbac1\index.php(47): CodeIgniter\CodeIgniter->run()
#9 {main}
CRITICAL - 2022-06-18 18:26:57 --> Undefined array key "nama"
#0 D:\xampp-8.1.2\htdocs\ci4\admin_template_rbac1\app\Views\themes\modern\echarts.php(159): CodeIgniter\Debug\Exceptions->errorHandler(2, 'Undefined array...', 'D:\\xampp-8.1.2\\...', 159)
#1 D:\xampp-8.1.2\htdocs\ci4\admin_template_rbac1\system\View\View.php(210): include('D:\\xampp-8.1.2\\...')
#2 D:\xampp-8.1.2\htdocs\ci4\admin_template_rbac1\system\View\View.php(213): CodeIgniter\View\View->CodeIgniter\View\{closure}()
#3 D:\xampp-8.1.2\htdocs\ci4\admin_template_rbac1\system\Common.php(1089): CodeIgniter\View\View->render('themes/modern/e...', Array, true)
#4 D:\xampp-8.1.2\htdocs\ci4\admin_template_rbac1\app\Controllers\BaseController.php(240): view('themes/modern/e...', Array)
#5 D:\xampp-8.1.2\htdocs\ci4\admin_template_rbac1\app\Controllers\Echarts.php(44): App\Controllers\BaseController->view('echarts.php', Array)
#6 D:\xampp-8.1.2\htdocs\ci4\admin_template_rbac1\system\CodeIgniter.php(832): App\Controllers\Echarts->index()
#7 D:\xampp-8.1.2\htdocs\ci4\admin_template_rbac1\system\CodeIgniter.php(419): CodeIgniter\CodeIgniter->runController(Object(App\Controllers\Echarts))
#8 D:\xampp-8.1.2\htdocs\ci4\admin_template_rbac1\system\CodeIgniter.php(326): CodeIgniter\CodeIgniter->handleRequest(NULL, Object(Config\Cache), false)
#9 D:\xampp-8.1.2\htdocs\ci4\admin_template_rbac1\index.php(47): CodeIgniter\CodeIgniter->run()
#10 {main}
CRITICAL - 2022-06-18 18:36:19 --> Undefined variable $list_tahun
#0 D:\xampp-8.1.2\htdocs\ci4\admin_template_rbac1\app\Views\themes\modern\apexcharts.php(18): CodeIgniter\Debug\Exceptions->errorHandler(2, 'Undefined varia...', 'D:\\xampp-8.1.2\\...', 18)
#1 D:\xampp-8.1.2\htdocs\ci4\admin_template_rbac1\system\View\View.php(210): include('D:\\xampp-8.1.2\\...')
#2 D:\xampp-8.1.2\htdocs\ci4\admin_template_rbac1\system\View\View.php(213): CodeIgniter\View\View->CodeIgniter\View\{closure}()
#3 D:\xampp-8.1.2\htdocs\ci4\admin_template_rbac1\system\Common.php(1089): CodeIgniter\View\View->render('themes/modern/a...', Array, true)
#4 D:\xampp-8.1.2\htdocs\ci4\admin_template_rbac1\app\Controllers\BaseController.php(240): view('themes/modern/a...', Array)
#5 D:\xampp-8.1.2\htdocs\ci4\admin_template_rbac1\app\Controllers\Apexcharts.php(47): App\Controllers\BaseController->view('apexcharts.php', Array)
#6 D:\xampp-8.1.2\htdocs\ci4\admin_template_rbac1\system\CodeIgniter.php(832): App\Controllers\Apexcharts->index()
#7 D:\xampp-8.1.2\htdocs\ci4\admin_template_rbac1\system\CodeIgniter.php(419): CodeIgniter\CodeIgniter->runController(Object(App\Controllers\Apexcharts))
#8 D:\xampp-8.1.2\htdocs\ci4\admin_template_rbac1\system\CodeIgniter.php(326): CodeIgniter\CodeIgniter->handleRequest(NULL, Object(Config\Cache), false)
#9 D:\xampp-8.1.2\htdocs\ci4\admin_template_rbac1\index.php(47): CodeIgniter\CodeIgniter->run()
#10 {main}
CRITICAL - 2022-06-18 18:36:55 --> You must set the database table to be used with your query.
#0 D:\xampp-8.1.2\htdocs\ci4\admin_template_rbac1\system\Model.php(545): CodeIgniter\Database\BaseConnection->table(NULL)
#1 D:\xampp-8.1.2\htdocs\ci4\admin_template_rbac1\system\Model.php(722): CodeIgniter\Model->builder()
#2 D:\xampp-8.1.2\htdocs\ci4\admin_template_rbac1\app\Controllers\Apexcharts.php(26): CodeIgniter\Model->__call('getListTahun', Array)
#3 D:\xampp-8.1.2\htdocs\ci4\admin_template_rbac1\system\CodeIgniter.php(832): App\Controllers\Apexcharts->index()
#4 D:\xampp-8.1.2\htdocs\ci4\admin_template_rbac1\system\CodeIgniter.php(419): CodeIgniter\CodeIgniter->runController(Object(App\Controllers\Apexcharts))
#5 D:\xampp-8.1.2\htdocs\ci4\admin_template_rbac1\system\CodeIgniter.php(326): CodeIgniter\CodeIgniter->handleRequest(NULL, Object(Config\Cache), false)
#6 D:\xampp-8.1.2\htdocs\ci4\admin_template_rbac1\index.php(47): CodeIgniter\CodeIgniter->run()
#7 {main}
CRITICAL - 2022-06-18 19:32:02 --> Undefined array key "nama"
#0 D:\xampp-8.1.2\htdocs\ci4\admin_template_rbac1\app\Views\themes\modern\echarts.php(159): CodeIgniter\Debug\Exceptions->errorHandler(2, 'Undefined array...', 'D:\\xampp-8.1.2\\...', 159)
#1 D:\xampp-8.1.2\htdocs\ci4\admin_template_rbac1\system\View\View.php(210): include('D:\\xampp-8.1.2\\...')
#2 D:\xampp-8.1.2\htdocs\ci4\admin_template_rbac1\system\View\View.php(213): CodeIgniter\View\View->CodeIgniter\View\{closure}()
#3 D:\xampp-8.1.2\htdocs\ci4\admin_template_rbac1\system\Common.php(1089): CodeIgniter\View\View->render('themes/modern/e...', Array, true)
#4 D:\xampp-8.1.2\htdocs\ci4\admin_template_rbac1\app\Controllers\BaseController.php(240): view('themes/modern/e...', Array)
#5 D:\xampp-8.1.2\htdocs\ci4\admin_template_rbac1\app\Controllers\Echarts.php(49): App\Controllers\BaseController->view('echarts.php', Array)
#6 D:\xampp-8.1.2\htdocs\ci4\admin_template_rbac1\system\CodeIgniter.php(832): App\Controllers\Echarts->index()
#7 D:\xampp-8.1.2\htdocs\ci4\admin_template_rbac1\system\CodeIgniter.php(419): CodeIgniter\CodeIgniter->runController(Object(App\Controllers\Echarts))
#8 D:\xampp-8.1.2\htdocs\ci4\admin_template_rbac1\system\CodeIgniter.php(326): CodeIgniter\CodeIgniter->handleRequest(NULL, Object(Config\Cache), false)
#9 D:\xampp-8.1.2\htdocs\ci4\admin_template_rbac1\index.php(47): CodeIgniter\CodeIgniter->run()
#10 {main}
CRITICAL - 2022-06-18 19:44:37 --> Undefined array key "nama"
#0 D:\xampp-8.1.2\htdocs\ci4\admin_template_rbac1\app\Views\themes\modern\apexcharts.php(124): CodeIgniter\Debug\Exceptions->errorHandler(2, 'Undefined array...', 'D:\\xampp-8.1.2\\...', 124)
#1 D:\xampp-8.1.2\htdocs\ci4\admin_template_rbac1\system\View\View.php(210): include('D:\\xampp-8.1.2\\...')
#2 D:\xampp-8.1.2\htdocs\ci4\admin_template_rbac1\system\View\View.php(213): CodeIgniter\View\View->CodeIgniter\View\{closure}()
#3 D:\xampp-8.1.2\htdocs\ci4\admin_template_rbac1\system\Common.php(1089): CodeIgniter\View\View->render('themes/modern/a...', Array, true)
#4 D:\xampp-8.1.2\htdocs\ci4\admin_template_rbac1\app\Controllers\BaseController.php(240): view('themes/modern/a...', Array)
#5 D:\xampp-8.1.2\htdocs\ci4\admin_template_rbac1\app\Controllers\Apexcharts.php(51): App\Controllers\BaseController->view('apexcharts.php', Array)
#6 D:\xampp-8.1.2\htdocs\ci4\admin_template_rbac1\system\CodeIgniter.php(832): App\Controllers\Apexcharts->index()
#7 D:\xampp-8.1.2\htdocs\ci4\admin_template_rbac1\system\CodeIgniter.php(419): CodeIgniter\CodeIgniter->runController(Object(App\Controllers\Apexcharts))
#8 D:\xampp-8.1.2\htdocs\ci4\admin_template_rbac1\system\CodeIgniter.php(326): CodeIgniter\CodeIgniter->handleRequest(NULL, Object(Config\Cache), false)
#9 D:\xampp-8.1.2\htdocs\ci4\admin_template_rbac1\index.php(47): CodeIgniter\CodeIgniter->run()
#10 {main}
CRITICAL - 2022-06-18 22:24:25 --> Undefined array key "nama"
#0 D:\xampp-8.1.2\htdocs\ci4\admin_template_rbac1\app\Views\themes\modern\chartjs.php(93): CodeIgniter\Debug\Exceptions->errorHandler(2, 'Undefined array...', 'D:\\xampp-8.1.2\\...', 93)
#1 D:\xampp-8.1.2\htdocs\ci4\admin_template_rbac1\system\View\View.php(210): include('D:\\xampp-8.1.2\\...')
#2 D:\xampp-8.1.2\htdocs\ci4\admin_template_rbac1\system\View\View.php(213): CodeIgniter\View\View->CodeIgniter\View\{closure}()
#3 D:\xampp-8.1.2\htdocs\ci4\admin_template_rbac1\system\Common.php(1089): CodeIgniter\View\View->render('themes/modern/c...', Array, true)
#4 D:\xampp-8.1.2\htdocs\ci4\admin_template_rbac1\app\Controllers\BaseController.php(240): view('themes/modern/c...', Array)
#5 D:\xampp-8.1.2\htdocs\ci4\admin_template_rbac1\app\Controllers\Chartjs.php(49): App\Controllers\BaseController->view('chartjs.php', Array)
#6 D:\xampp-8.1.2\htdocs\ci4\admin_template_rbac1\system\CodeIgniter.php(832): App\Controllers\Chartjs->index()
#7 D:\xampp-8.1.2\htdocs\ci4\admin_template_rbac1\system\CodeIgniter.php(419): CodeIgniter\CodeIgniter->runController(Object(App\Controllers\Chartjs))
#8 D:\xampp-8.1.2\htdocs\ci4\admin_template_rbac1\system\CodeIgniter.php(326): CodeIgniter\CodeIgniter->handleRequest(NULL, Object(Config\Cache), false)
#9 D:\xampp-8.1.2\htdocs\ci4\admin_template_rbac1\index.php(47): CodeIgniter\CodeIgniter->run()
#10 {main}
CRITICAL - 2022-06-18 22:28:48 --> Undefined array key "nama"
#0 D:\xampp-8.1.2\htdocs\ci4\admin_template_rbac1\app\Views\themes\modern\chartjs.php(141): CodeIgniter\Debug\Exceptions->errorHandler(2, 'Undefined array...', 'D:\\xampp-8.1.2\\...', 141)
#1 D:\xampp-8.1.2\htdocs\ci4\admin_template_rbac1\system\View\View.php(210): include('D:\\xampp-8.1.2\\...')
#2 D:\xampp-8.1.2\htdocs\ci4\admin_template_rbac1\system\View\View.php(213): CodeIgniter\View\View->CodeIgniter\View\{closure}()
#3 D:\xampp-8.1.2\htdocs\ci4\admin_template_rbac1\system\Common.php(1089): CodeIgniter\View\View->render('themes/modern/c...', Array, true)
#4 D:\xampp-8.1.2\htdocs\ci4\admin_template_rbac1\app\Controllers\BaseController.php(240): view('themes/modern/c...', Array)
#5 D:\xampp-8.1.2\htdocs\ci4\admin_template_rbac1\app\Controllers\Chartjs.php(49): App\Controllers\BaseController->view('chartjs.php', Array)
#6 D:\xampp-8.1.2\htdocs\ci4\admin_template_rbac1\system\CodeIgniter.php(832): App\Controllers\Chartjs->index()
#7 D:\xampp-8.1.2\htdocs\ci4\admin_template_rbac1\system\CodeIgniter.php(419): CodeIgniter\CodeIgniter->runController(Object(App\Controllers\Chartjs))
#8 D:\xampp-8.1.2\htdocs\ci4\admin_template_rbac1\system\CodeIgniter.php(326): CodeIgniter\CodeIgniter->handleRequest(NULL, Object(Config\Cache), false)
#9 D:\xampp-8.1.2\htdocs\ci4\admin_template_rbac1\index.php(47): CodeIgniter\CodeIgniter->run()
#10 {main}
CRITICAL - 2022-06-18 22:29:09 --> Undefined array key "nama"
#0 D:\xampp-8.1.2\htdocs\ci4\admin_template_rbac1\app\Views\themes\modern\chartjs.php(141): CodeIgniter\Debug\Exceptions->errorHandler(2, 'Undefined array...', 'D:\\xampp-8.1.2\\...', 141)
#1 D:\xampp-8.1.2\htdocs\ci4\admin_template_rbac1\system\View\View.php(210): include('D:\\xampp-8.1.2\\...')
#2 D:\xampp-8.1.2\htdocs\ci4\admin_template_rbac1\system\View\View.php(213): CodeIgniter\View\View->CodeIgniter\View\{closure}()
#3 D:\xampp-8.1.2\htdocs\ci4\admin_template_rbac1\system\Common.php(1089): CodeIgniter\View\View->render('themes/modern/c...', Array, true)
#4 D:\xampp-8.1.2\htdocs\ci4\admin_template_rbac1\app\Controllers\BaseController.php(240): view('themes/modern/c...', Array)
#5 D:\xampp-8.1.2\htdocs\ci4\admin_template_rbac1\app\Controllers\Chartjs.php(49): App\Controllers\BaseController->view('chartjs.php', Array)
#6 D:\xampp-8.1.2\htdocs\ci4\admin_template_rbac1\system\CodeIgniter.php(832): App\Controllers\Chartjs->index()
#7 D:\xampp-8.1.2\htdocs\ci4\admin_template_rbac1\system\CodeIgniter.php(419): CodeIgniter\CodeIgniter->runController(Object(App\Controllers\Chartjs))
#8 D:\xampp-8.1.2\htdocs\ci4\admin_template_rbac1\system\CodeIgniter.php(326): CodeIgniter\CodeIgniter->handleRequest(NULL, Object(Config\Cache), false)
#9 D:\xampp-8.1.2\htdocs\ci4\admin_template_rbac1\index.php(47): CodeIgniter\CodeIgniter->run()
#10 {main}
