CRITICAL - 2023-01-21 00:03:09 --> syntax error, unexpected end of file
#0 D:\xampp7\htdocs\dashboardpeg\system\View\View.php(213): CodeIgniter\View\View->CodeIgniter\View\{closure}()
#1 D:\xampp7\htdocs\dashboardpeg\system\Common.php(1089): CodeIgniter\View\View->render('themes/modern/d...', Array, true)
#2 D:\xampp7\htdocs\dashboardpeg\app\Controllers\Home.php(25): view('themes/modern/d...', Array)
#3 D:\xampp7\htdocs\dashboardpeg\system\CodeIgniter.php(832): App\Controllers\Home->detail('77de68daecd823b...')
#4 D:\xampp7\htdocs\dashboardpeg\system\CodeIgniter.php(419): CodeIgniter\CodeIgniter->runController(Object(App\Controllers\Home))
#5 D:\xampp7\htdocs\dashboardpeg\system\CodeIgniter.php(326): CodeIgniter\CodeIgniter->handleRequest(NULL, Object(Config\Cache), false)
#6 D:\xampp7\htdocs\dashboardpeg\index.php(47): CodeIgniter\CodeIgniter->run()
#7 {main}
CRITICAL - 2023-01-21 00:03:27 --> syntax error, unexpected end of file
#0 D:\xampp7\htdocs\dashboardpeg\system\View\View.php(213): CodeIgniter\View\View->CodeIgniter\View\{closure}()
#1 D:\xampp7\htdocs\dashboardpeg\system\Common.php(1089): CodeIgniter\View\View->render('themes/modern/d...', Array, true)
#2 D:\xampp7\htdocs\dashboardpeg\app\Controllers\Home.php(25): view('themes/modern/d...', Array)
#3 D:\xampp7\htdocs\dashboardpeg\system\CodeIgniter.php(832): App\Controllers\Home->detail('77de68daecd823b...')
#4 D:\xampp7\htdocs\dashboardpeg\system\CodeIgniter.php(419): CodeIgniter\CodeIgniter->runController(Object(App\Controllers\Home))
#5 D:\xampp7\htdocs\dashboardpeg\system\CodeIgniter.php(326): CodeIgniter\CodeIgniter->handleRequest(NULL, Object(Config\Cache), false)
#6 D:\xampp7\htdocs\dashboardpeg\index.php(47): CodeIgniter\CodeIgniter->run()
#7 {main}
CRITICAL - 2023-01-21 00:18:42 --> Undefined variable: jenkel
#0 D:\xampp7\htdocs\dashboardpeg\app\Views\themes\modern\detail_instansi.php(258): CodeIgniter\Debug\Exceptions->errorHandler(8, 'Undefined varia...', 'D:\\xampp7\\htdoc...', 258, Array)
#1 D:\xampp7\htdocs\dashboardpeg\system\View\View.php(210): include('D:\\xampp7\\htdoc...')
#2 D:\xampp7\htdocs\dashboardpeg\system\View\View.php(213): CodeIgniter\View\View->CodeIgniter\View\{closure}()
#3 D:\xampp7\htdocs\dashboardpeg\system\Common.php(1089): CodeIgniter\View\View->render('themes/modern/d...', Array, true)
#4 D:\xampp7\htdocs\dashboardpeg\app\Controllers\Home.php(25): view('themes/modern/d...', Array)
#5 D:\xampp7\htdocs\dashboardpeg\system\CodeIgniter.php(832): App\Controllers\Home->detail('77de68daecd823b...')
#6 D:\xampp7\htdocs\dashboardpeg\system\CodeIgniter.php(419): CodeIgniter\CodeIgniter->runController(Object(App\Controllers\Home))
#7 D:\xampp7\htdocs\dashboardpeg\system\CodeIgniter.php(326): CodeIgniter\CodeIgniter->handleRequest(NULL, Object(Config\Cache), false)
#8 D:\xampp7\htdocs\dashboardpeg\index.php(47): CodeIgniter\CodeIgniter->run()
#9 {main}
CRITICAL - 2023-01-21 00:25:10 --> Undefined variable: jenkel
#0 D:\xampp7\htdocs\dashboardpeg\app\Views\themes\modern\detail_instansi.php(258): CodeIgniter\Debug\Exceptions->errorHandler(8, 'Undefined varia...', 'D:\\xampp7\\htdoc...', 258, Array)
#1 D:\xampp7\htdocs\dashboardpeg\system\View\View.php(210): include('D:\\xampp7\\htdoc...')
#2 D:\xampp7\htdocs\dashboardpeg\system\View\View.php(213): CodeIgniter\View\View->CodeIgniter\View\{closure}()
#3 D:\xampp7\htdocs\dashboardpeg\system\Common.php(1089): CodeIgniter\View\View->render('themes/modern/d...', Array, true)
#4 D:\xampp7\htdocs\dashboardpeg\app\Controllers\Home.php(25): view('themes/modern/d...', Array)
#5 D:\xampp7\htdocs\dashboardpeg\system\CodeIgniter.php(832): App\Controllers\Home->detail('77de68daecd823b...')
#6 D:\xampp7\htdocs\dashboardpeg\system\CodeIgniter.php(419): CodeIgniter\CodeIgniter->runController(Object(App\Controllers\Home))
#7 D:\xampp7\htdocs\dashboardpeg\system\CodeIgniter.php(326): CodeIgniter\CodeIgniter->handleRequest(NULL, Object(Config\Cache), false)
#8 D:\xampp7\htdocs\dashboardpeg\index.php(47): CodeIgniter\CodeIgniter->run()
#9 {main}
CRITICAL - 2023-01-21 00:31:47 --> Trying to get property 'jk' of non-object
#0 D:\xampp7\htdocs\dashboardpeg\app\Views\themes\modern\detail_instansi.php(303): CodeIgniter\Debug\Exceptions->errorHandler(8, 'Trying to get p...', 'D:\\xampp7\\htdoc...', 303, Array)
#1 D:\xampp7\htdocs\dashboardpeg\system\View\View.php(210): include('D:\\xampp7\\htdoc...')
#2 D:\xampp7\htdocs\dashboardpeg\system\View\View.php(213): CodeIgniter\View\View->CodeIgniter\View\{closure}()
#3 D:\xampp7\htdocs\dashboardpeg\system\Common.php(1089): CodeIgniter\View\View->render('themes/modern/d...', Array, true)
#4 D:\xampp7\htdocs\dashboardpeg\app\Controllers\Home.php(24): view('themes/modern/d...', Array)
#5 D:\xampp7\htdocs\dashboardpeg\system\CodeIgniter.php(832): App\Controllers\Home->detail('77de68daecd823b...')
#6 D:\xampp7\htdocs\dashboardpeg\system\CodeIgniter.php(419): CodeIgniter\CodeIgniter->runController(Object(App\Controllers\Home))
#7 D:\xampp7\htdocs\dashboardpeg\system\CodeIgniter.php(326): CodeIgniter\CodeIgniter->handleRequest(NULL, Object(Config\Cache), false)
#8 D:\xampp7\htdocs\dashboardpeg\index.php(47): CodeIgniter\CodeIgniter->run()
#9 {main}
CRITICAL - 2023-01-21 00:32:07 --> Undefined property: stdClass::$jum_jk
#0 D:\xampp7\htdocs\dashboardpeg\app\Views\themes\modern\detail_instansi.php(304): CodeIgniter\Debug\Exceptions->errorHandler(8, 'Undefined prope...', 'D:\\xampp7\\htdoc...', 304, Array)
#1 D:\xampp7\htdocs\dashboardpeg\system\View\View.php(210): include('D:\\xampp7\\htdoc...')
#2 D:\xampp7\htdocs\dashboardpeg\system\View\View.php(213): CodeIgniter\View\View->CodeIgniter\View\{closure}()
#3 D:\xampp7\htdocs\dashboardpeg\system\Common.php(1089): CodeIgniter\View\View->render('themes/modern/d...', Array, true)
#4 D:\xampp7\htdocs\dashboardpeg\app\Controllers\Home.php(24): view('themes/modern/d...', Array)
#5 D:\xampp7\htdocs\dashboardpeg\system\CodeIgniter.php(832): App\Controllers\Home->detail('77de68daecd823b...')
#6 D:\xampp7\htdocs\dashboardpeg\system\CodeIgniter.php(419): CodeIgniter\CodeIgniter->runController(Object(App\Controllers\Home))
#7 D:\xampp7\htdocs\dashboardpeg\system\CodeIgniter.php(326): CodeIgniter\CodeIgniter->handleRequest(NULL, Object(Config\Cache), false)
#8 D:\xampp7\htdocs\dashboardpeg\index.php(47): CodeIgniter\CodeIgniter->run()
#9 {main}
CRITICAL - 2023-01-21 00:32:24 --> Undefined variable: graphjk1
#0 D:\xampp7\htdocs\dashboardpeg\app\Views\themes\modern\detail_instansi.php(431): CodeIgniter\Debug\Exceptions->errorHandler(8, 'Undefined varia...', 'D:\\xampp7\\htdoc...', 431, Array)
#1 D:\xampp7\htdocs\dashboardpeg\system\View\View.php(210): include('D:\\xampp7\\htdoc...')
#2 D:\xampp7\htdocs\dashboardpeg\system\View\View.php(213): CodeIgniter\View\View->CodeIgniter\View\{closure}()
#3 D:\xampp7\htdocs\dashboardpeg\system\Common.php(1089): CodeIgniter\View\View->render('themes/modern/d...', Array, true)
#4 D:\xampp7\htdocs\dashboardpeg\app\Controllers\Home.php(24): view('themes/modern/d...', Array)
#5 D:\xampp7\htdocs\dashboardpeg\system\CodeIgniter.php(832): App\Controllers\Home->detail('77de68daecd823b...')
#6 D:\xampp7\htdocs\dashboardpeg\system\CodeIgniter.php(419): CodeIgniter\CodeIgniter->runController(Object(App\Controllers\Home))
#7 D:\xampp7\htdocs\dashboardpeg\system\CodeIgniter.php(326): CodeIgniter\CodeIgniter->handleRequest(NULL, Object(Config\Cache), false)
#8 D:\xampp7\htdocs\dashboardpeg\index.php(47): CodeIgniter\CodeIgniter->run()
#9 {main}
CRITICAL - 2023-01-21 00:36:40 --> syntax error, unexpected '}', expecting ';' or ','
#0 D:\xampp7\htdocs\dashboardpeg\system\View\View.php(213): CodeIgniter\View\View->CodeIgniter\View\{closure}()
#1 D:\xampp7\htdocs\dashboardpeg\system\Common.php(1089): CodeIgniter\View\View->render('themes/modern/d...', Array, true)
#2 D:\xampp7\htdocs\dashboardpeg\app\Controllers\Home.php(24): view('themes/modern/d...', Array)
#3 D:\xampp7\htdocs\dashboardpeg\system\CodeIgniter.php(832): App\Controllers\Home->detail('77de68daecd823b...')
#4 D:\xampp7\htdocs\dashboardpeg\system\CodeIgniter.php(419): CodeIgniter\CodeIgniter->runController(Object(App\Controllers\Home))
#5 D:\xampp7\htdocs\dashboardpeg\system\CodeIgniter.php(326): CodeIgniter\CodeIgniter->handleRequest(NULL, Object(Config\Cache), false)
#6 D:\xampp7\htdocs\dashboardpeg\index.php(47): CodeIgniter\CodeIgniter->run()
#7 {main}
CRITICAL - 2023-01-21 00:37:08 --> Undefined variable: graphjk1
#0 D:\xampp7\htdocs\dashboardpeg\app\Views\themes\modern\detail_instansi.php(431): CodeIgniter\Debug\Exceptions->errorHandler(8, 'Undefined varia...', 'D:\\xampp7\\htdoc...', 431, Array)
#1 D:\xampp7\htdocs\dashboardpeg\system\View\View.php(210): include('D:\\xampp7\\htdoc...')
#2 D:\xampp7\htdocs\dashboardpeg\system\View\View.php(213): CodeIgniter\View\View->CodeIgniter\View\{closure}()
#3 D:\xampp7\htdocs\dashboardpeg\system\Common.php(1089): CodeIgniter\View\View->render('themes/modern/d...', Array, true)
#4 D:\xampp7\htdocs\dashboardpeg\app\Controllers\Home.php(24): view('themes/modern/d...', Array)
#5 D:\xampp7\htdocs\dashboardpeg\system\CodeIgniter.php(832): App\Controllers\Home->detail('77de68daecd823b...')
#6 D:\xampp7\htdocs\dashboardpeg\system\CodeIgniter.php(419): CodeIgniter\CodeIgniter->runController(Object(App\Controllers\Home))
#7 D:\xampp7\htdocs\dashboardpeg\system\CodeIgniter.php(326): CodeIgniter\CodeIgniter->handleRequest(NULL, Object(Config\Cache), false)
#8 D:\xampp7\htdocs\dashboardpeg\index.php(47): CodeIgniter\CodeIgniter->run()
#9 {main}
CRITICAL - 2023-01-21 01:33:47 --> syntax error, unexpected 'L' (T_STRING)
#0 D:\xampp7\htdocs\dashboardpeg\system\Autoloader\Autoloader.php(241): CodeIgniter\Autoloader\Autoloader->includeFile('D:\\xampp7\\htdoc...')
#1 D:\xampp7\htdocs\dashboardpeg\system\Autoloader\Autoloader.php(219): CodeIgniter\Autoloader\Autoloader->loadInNamespace('App\\Models\\Home...')
#2 [internal function]: CodeIgniter\Autoloader\Autoloader->loadClass('App\\Models\\Home...')
#3 D:\xampp7\htdocs\dashboardpeg\app\Controllers\Home.php(8): spl_autoload_call('App\\Models\\Home...')
#4 D:\xampp7\htdocs\dashboardpeg\system\CodeIgniter.php(809): App\Controllers\Home->__construct()
#5 D:\xampp7\htdocs\dashboardpeg\system\CodeIgniter.php(410): CodeIgniter\CodeIgniter->createController()
#6 D:\xampp7\htdocs\dashboardpeg\system\CodeIgniter.php(326): CodeIgniter\CodeIgniter->handleRequest(NULL, Object(Config\Cache), false)
#7 D:\xampp7\htdocs\dashboardpeg\index.php(47): CodeIgniter\CodeIgniter->run()
#8 {main}
CRITICAL - 2023-01-21 01:35:35 --> Undefined property: stdClass::$jk
#0 D:\xampp7\htdocs\dashboardpeg\app\Views\themes\modern\detail_instansi.php(263): CodeIgniter\Debug\Exceptions->errorHandler(8, 'Undefined prope...', 'D:\\xampp7\\htdoc...', 263, Array)
#1 D:\xampp7\htdocs\dashboardpeg\system\View\View.php(210): include('D:\\xampp7\\htdoc...')
#2 D:\xampp7\htdocs\dashboardpeg\system\View\View.php(213): CodeIgniter\View\View->CodeIgniter\View\{closure}()
#3 D:\xampp7\htdocs\dashboardpeg\system\Common.php(1089): CodeIgniter\View\View->render('themes/modern/d...', Array, true)
#4 D:\xampp7\htdocs\dashboardpeg\app\Controllers\Home.php(24): view('themes/modern/d...', Array)
#5 D:\xampp7\htdocs\dashboardpeg\system\CodeIgniter.php(832): App\Controllers\Home->detail('77de68daecd823b...')
#6 D:\xampp7\htdocs\dashboardpeg\system\CodeIgniter.php(419): CodeIgniter\CodeIgniter->runController(Object(App\Controllers\Home))
#7 D:\xampp7\htdocs\dashboardpeg\system\CodeIgniter.php(326): CodeIgniter\CodeIgniter->handleRequest(NULL, Object(Config\Cache), false)
#8 D:\xampp7\htdocs\dashboardpeg\index.php(47): CodeIgniter\CodeIgniter->run()
#9 {main}
CRITICAL - 2023-01-21 03:11:16 --> Undefined variable: menu_kategori
#0 C:\xampp\htdocs\dashboardpeg\app\Views\themes\modern\kenaikanpangkat.php(16): CodeIgniter\Debug\Exceptions->errorHandler(8, 'Undefined varia...', 'C:\\xampp\\htdocs...', 16, Array)
#1 C:\xampp\htdocs\dashboardpeg\system\View\View.php(210): include('C:\\xampp\\htdocs...')
#2 C:\xampp\htdocs\dashboardpeg\system\View\View.php(213): CodeIgniter\View\View->CodeIgniter\View\{closure}()
#3 C:\xampp\htdocs\dashboardpeg\system\Common.php(1089): CodeIgniter\View\View->render('themes/modern/k...', Array, true)
#4 C:\xampp\htdocs\dashboardpeg\app\Controllers\BaseController.php(247): view('themes/modern/k...', Array)
#5 C:\xampp\htdocs\dashboardpeg\app\Controllers\Kenaikanpangkat.php(9): App\Controllers\BaseController->view('kenaikanpangkat...', Array)
#6 C:\xampp\htdocs\dashboardpeg\system\CodeIgniter.php(832): App\Controllers\Kenaikanpangkat->index()
#7 C:\xampp\htdocs\dashboardpeg\system\CodeIgniter.php(419): CodeIgniter\CodeIgniter->runController(Object(App\Controllers\Kenaikanpangkat))
#8 C:\xampp\htdocs\dashboardpeg\system\CodeIgniter.php(326): CodeIgniter\CodeIgniter->handleRequest(NULL, Object(Config\Cache), false)
#9 C:\xampp\htdocs\dashboardpeg\index.php(47): CodeIgniter\CodeIgniter->run()
#10 {main}
CRITICAL - 2023-01-21 03:28:22 --> Undefined variable: menu_kategori
#0 C:\xampp\htdocs\dashboardpeg\app\Views\themes\modern\kenaikanpangkat.php(15): CodeIgniter\Debug\Exceptions->errorHandler(8, 'Undefined varia...', 'C:\\xampp\\htdocs...', 15, Array)
#1 C:\xampp\htdocs\dashboardpeg\system\View\View.php(210): include('C:\\xampp\\htdocs...')
#2 C:\xampp\htdocs\dashboardpeg\system\View\View.php(213): CodeIgniter\View\View->CodeIgniter\View\{closure}()
#3 C:\xampp\htdocs\dashboardpeg\system\Common.php(1089): CodeIgniter\View\View->render('themes/modern/k...', Array, true)
#4 C:\xampp\htdocs\dashboardpeg\app\Controllers\BaseController.php(247): view('themes/modern/k...', Array)
#5 C:\xampp\htdocs\dashboardpeg\app\Controllers\Kenaikanpangkat.php(9): App\Controllers\BaseController->view('kenaikanpangkat...', Array)
#6 C:\xampp\htdocs\dashboardpeg\system\CodeIgniter.php(832): App\Controllers\Kenaikanpangkat->index()
#7 C:\xampp\htdocs\dashboardpeg\system\CodeIgniter.php(419): CodeIgniter\CodeIgniter->runController(Object(App\Controllers\Kenaikanpangkat))
#8 C:\xampp\htdocs\dashboardpeg\system\CodeIgniter.php(326): CodeIgniter\CodeIgniter->handleRequest(NULL, Object(Config\Cache), false)
#9 C:\xampp\htdocs\dashboardpeg\index.php(47): CodeIgniter\CodeIgniter->run()
#10 {main}
CRITICAL - 2023-01-21 03:28:53 --> Undefined variable: list_menu
#0 C:\xampp\htdocs\dashboardpeg\app\Views\themes\modern\kenaikanpangkat.php(35): CodeIgniter\Debug\Exceptions->errorHandler(8, 'Undefined varia...', 'C:\\xampp\\htdocs...', 35, Array)
#1 C:\xampp\htdocs\dashboardpeg\system\View\View.php(210): include('C:\\xampp\\htdocs...')
#2 C:\xampp\htdocs\dashboardpeg\system\View\View.php(213): CodeIgniter\View\View->CodeIgniter\View\{closure}()
#3 C:\xampp\htdocs\dashboardpeg\system\Common.php(1089): CodeIgniter\View\View->render('themes/modern/k...', Array, true)
#4 C:\xampp\htdocs\dashboardpeg\app\Controllers\BaseController.php(247): view('themes/modern/k...', Array)
#5 C:\xampp\htdocs\dashboardpeg\app\Controllers\Kenaikanpangkat.php(9): App\Controllers\BaseController->view('kenaikanpangkat...', Array)
#6 C:\xampp\htdocs\dashboardpeg\system\CodeIgniter.php(832): App\Controllers\Kenaikanpangkat->index()
#7 C:\xampp\htdocs\dashboardpeg\system\CodeIgniter.php(419): CodeIgniter\CodeIgniter->runController(Object(App\Controllers\Kenaikanpangkat))
#8 C:\xampp\htdocs\dashboardpeg\system\CodeIgniter.php(326): CodeIgniter\CodeIgniter->handleRequest(NULL, Object(Config\Cache), false)
#9 C:\xampp\htdocs\dashboardpeg\index.php(47): CodeIgniter\CodeIgniter->run()
#10 {main}
CRITICAL - 2023-01-21 03:30:17 --> Undefined variable: menu_kategori
#0 C:\xampp\htdocs\dashboardpeg\app\Views\themes\modern\kenaikanpangkat.php(15): CodeIgniter\Debug\Exceptions->errorHandler(8, 'Undefined varia...', 'C:\\xampp\\htdocs...', 15, Array)
#1 C:\xampp\htdocs\dashboardpeg\system\View\View.php(210): include('C:\\xampp\\htdocs...')
#2 C:\xampp\htdocs\dashboardpeg\system\View\View.php(213): CodeIgniter\View\View->CodeIgniter\View\{closure}()
#3 C:\xampp\htdocs\dashboardpeg\system\Common.php(1089): CodeIgniter\View\View->render('themes/modern/k...', Array, true)
#4 C:\xampp\htdocs\dashboardpeg\app\Controllers\BaseController.php(247): view('themes/modern/k...', Array)
#5 C:\xampp\htdocs\dashboardpeg\app\Controllers\Kenaikanpangkat.php(9): App\Controllers\BaseController->view('kenaikanpangkat...', Array)
#6 C:\xampp\htdocs\dashboardpeg\system\CodeIgniter.php(832): App\Controllers\Kenaikanpangkat->index()
#7 C:\xampp\htdocs\dashboardpeg\system\CodeIgniter.php(419): CodeIgniter\CodeIgniter->runController(Object(App\Controllers\Kenaikanpangkat))
#8 C:\xampp\htdocs\dashboardpeg\system\CodeIgniter.php(326): CodeIgniter\CodeIgniter->handleRequest(NULL, Object(Config\Cache), false)
#9 C:\xampp\htdocs\dashboardpeg\index.php(47): CodeIgniter\CodeIgniter->run()
#10 {main}
CRITICAL - 2023-01-21 03:30:30 --> Undefined variable: menu_kategori
#0 C:\xampp\htdocs\dashboardpeg\app\Views\themes\modern\kenaikanpangkat.php(15): CodeIgniter\Debug\Exceptions->errorHandler(8, 'Undefined varia...', 'C:\\xampp\\htdocs...', 15, Array)
#1 C:\xampp\htdocs\dashboardpeg\system\View\View.php(210): include('C:\\xampp\\htdocs...')
#2 C:\xampp\htdocs\dashboardpeg\system\View\View.php(213): CodeIgniter\View\View->CodeIgniter\View\{closure}()
#3 C:\xampp\htdocs\dashboardpeg\system\Common.php(1089): CodeIgniter\View\View->render('themes/modern/k...', Array, true)
#4 C:\xampp\htdocs\dashboardpeg\app\Controllers\BaseController.php(247): view('themes/modern/k...', Array)
#5 C:\xampp\htdocs\dashboardpeg\app\Controllers\Kenaikanpangkat.php(9): App\Controllers\BaseController->view('kenaikanpangkat...', Array)
#6 C:\xampp\htdocs\dashboardpeg\system\CodeIgniter.php(832): App\Controllers\Kenaikanpangkat->index()
#7 C:\xampp\htdocs\dashboardpeg\system\CodeIgniter.php(419): CodeIgniter\CodeIgniter->runController(Object(App\Controllers\Kenaikanpangkat))
#8 C:\xampp\htdocs\dashboardpeg\system\CodeIgniter.php(326): CodeIgniter\CodeIgniter->handleRequest(NULL, Object(Config\Cache), false)
#9 C:\xampp\htdocs\dashboardpeg\index.php(47): CodeIgniter\CodeIgniter->run()
#10 {main}
CRITICAL - 2023-01-21 03:32:07 --> Undefined variable: list_menu
#0 C:\xampp\htdocs\dashboardpeg\app\Views\themes\modern\kenaikanpangkat.php(52): CodeIgniter\Debug\Exceptions->errorHandler(8, 'Undefined varia...', 'C:\\xampp\\htdocs...', 52, Array)
#1 C:\xampp\htdocs\dashboardpeg\system\View\View.php(210): include('C:\\xampp\\htdocs...')
#2 C:\xampp\htdocs\dashboardpeg\system\View\View.php(213): CodeIgniter\View\View->CodeIgniter\View\{closure}()
#3 C:\xampp\htdocs\dashboardpeg\system\Common.php(1089): CodeIgniter\View\View->render('themes/modern/k...', Array, true)
#4 C:\xampp\htdocs\dashboardpeg\app\Controllers\BaseController.php(247): view('themes/modern/k...', Array)
#5 C:\xampp\htdocs\dashboardpeg\app\Controllers\Kenaikanpangkat.php(9): App\Controllers\BaseController->view('kenaikanpangkat...', Array)
#6 C:\xampp\htdocs\dashboardpeg\system\CodeIgniter.php(832): App\Controllers\Kenaikanpangkat->index()
#7 C:\xampp\htdocs\dashboardpeg\system\CodeIgniter.php(419): CodeIgniter\CodeIgniter->runController(Object(App\Controllers\Kenaikanpangkat))
#8 C:\xampp\htdocs\dashboardpeg\system\CodeIgniter.php(326): CodeIgniter\CodeIgniter->handleRequest(NULL, Object(Config\Cache), false)
#9 C:\xampp\htdocs\dashboardpeg\index.php(47): CodeIgniter\CodeIgniter->run()
#10 {main}
CRITICAL - 2023-01-21 03:32:20 --> Undefined variable: list_menu
#0 C:\xampp\htdocs\dashboardpeg\app\Views\themes\modern\kenaikanpangkat.php(52): CodeIgniter\Debug\Exceptions->errorHandler(8, 'Undefined varia...', 'C:\\xampp\\htdocs...', 52, Array)
#1 C:\xampp\htdocs\dashboardpeg\system\View\View.php(210): include('C:\\xampp\\htdocs...')
#2 C:\xampp\htdocs\dashboardpeg\system\View\View.php(213): CodeIgniter\View\View->CodeIgniter\View\{closure}()
#3 C:\xampp\htdocs\dashboardpeg\system\Common.php(1089): CodeIgniter\View\View->render('themes/modern/k...', Array, true)
#4 C:\xampp\htdocs\dashboardpeg\app\Controllers\BaseController.php(247): view('themes/modern/k...', Array)
#5 C:\xampp\htdocs\dashboardpeg\app\Controllers\Kenaikanpangkat.php(9): App\Controllers\BaseController->view('kenaikanpangkat...', Array)
#6 C:\xampp\htdocs\dashboardpeg\system\CodeIgniter.php(832): App\Controllers\Kenaikanpangkat->index()
#7 C:\xampp\htdocs\dashboardpeg\system\CodeIgniter.php(419): CodeIgniter\CodeIgniter->runController(Object(App\Controllers\Kenaikanpangkat))
#8 C:\xampp\htdocs\dashboardpeg\system\CodeIgniter.php(326): CodeIgniter\CodeIgniter->handleRequest(NULL, Object(Config\Cache), false)
#9 C:\xampp\htdocs\dashboardpeg\index.php(47): CodeIgniter\CodeIgniter->run()
#10 {main}
CRITICAL - 2023-01-21 03:41:16 --> Trying to access array offset on value of type int
#0 C:\xampp\htdocs\dashboardpeg\app\Views\themes\modern\kenaikanpangkat.php(18): CodeIgniter\Debug\Exceptions->errorHandler(8, 'Trying to acces...', 'C:\\xampp\\htdocs...', 18, Array)
#1 C:\xampp\htdocs\dashboardpeg\system\View\View.php(210): include('C:\\xampp\\htdocs...')
#2 C:\xampp\htdocs\dashboardpeg\system\View\View.php(213): CodeIgniter\View\View->CodeIgniter\View\{closure}()
#3 C:\xampp\htdocs\dashboardpeg\system\Common.php(1089): CodeIgniter\View\View->render('themes/modern/k...', Array, true)
#4 C:\xampp\htdocs\dashboardpeg\app\Controllers\BaseController.php(247): view('themes/modern/k...', Array)
#5 C:\xampp\htdocs\dashboardpeg\app\Controllers\Kenaikanpangkat.php(9): App\Controllers\BaseController->view('kenaikanpangkat...', Array)
#6 C:\xampp\htdocs\dashboardpeg\system\CodeIgniter.php(832): App\Controllers\Kenaikanpangkat->index()
#7 C:\xampp\htdocs\dashboardpeg\system\CodeIgniter.php(419): CodeIgniter\CodeIgniter->runController(Object(App\Controllers\Kenaikanpangkat))
#8 C:\xampp\htdocs\dashboardpeg\system\CodeIgniter.php(326): CodeIgniter\CodeIgniter->handleRequest(NULL, Object(Config\Cache), false)
#9 C:\xampp\htdocs\dashboardpeg\index.php(47): CodeIgniter\CodeIgniter->run()
#10 {main}
