CRITICAL - 2022-06-05 05:07:10 --> Undefined variable $current_module
#0 D:\xampp-8.1.2\htdocs\ci4\admin_template_rbac1\app\Controllers\Builtin\Module.php(185): CodeIgniter\Debug\Exceptions->errorHandler(2, 'Undefined varia...', 'D:\\xampp-8.1.2\\...', 185)
#1 D:\xampp-8.1.2\htdocs\ci4\admin_template_rbac1\system\CodeIgniter.php(832): App\Controllers\Builtin\Module->getDataDT()
#2 D:\xampp-8.1.2\htdocs\ci4\admin_template_rbac1\system\CodeIgniter.php(419): CodeIgniter\CodeIgniter->runController(Object(App\Controllers\Builtin\Module))
#3 D:\xampp-8.1.2\htdocs\ci4\admin_template_rbac1\system\CodeIgniter.php(326): CodeIgniter\CodeIgniter->handleRequest(NULL, Object(Config\Cache), false)
#4 D:\xampp-8.1.2\htdocs\ci4\admin_template_rbac1\index.php(47): CodeIgniter\CodeIgniter->run()
#5 {main}
CRITICAL - 2022-06-05 05:07:18 --> Undefined variable $current_module
#0 D:\xampp-8.1.2\htdocs\ci4\admin_template_rbac1\app\Controllers\Builtin\Module.php(185): CodeIgniter\Debug\Exceptions->errorHandler(2, 'Undefined varia...', 'D:\\xampp-8.1.2\\...', 185)
#1 D:\xampp-8.1.2\htdocs\ci4\admin_template_rbac1\system\CodeIgniter.php(832): App\Controllers\Builtin\Module->getDataDT()
#2 D:\xampp-8.1.2\htdocs\ci4\admin_template_rbac1\system\CodeIgniter.php(419): CodeIgniter\CodeIgniter->runController(Object(App\Controllers\Builtin\Module))
#3 D:\xampp-8.1.2\htdocs\ci4\admin_template_rbac1\system\CodeIgniter.php(326): CodeIgniter\CodeIgniter->handleRequest(NULL, Object(Config\Cache), false)
#4 D:\xampp-8.1.2\htdocs\ci4\admin_template_rbac1\index.php(47): CodeIgniter\CodeIgniter->run()
#5 {main}
CRITICAL - 2022-06-05 05:08:26 --> Undefined variable $file_module
#0 D:\xampp-8.1.2\htdocs\ci4\admin_template_rbac1\app\Controllers\Builtin\Module.php(186): CodeIgniter\Debug\Exceptions->errorHandler(2, 'Undefined varia...', 'D:\\xampp-8.1.2\\...', 186)
#1 D:\xampp-8.1.2\htdocs\ci4\admin_template_rbac1\system\CodeIgniter.php(832): App\Controllers\Builtin\Module->getDataDT()
#2 D:\xampp-8.1.2\htdocs\ci4\admin_template_rbac1\system\CodeIgniter.php(419): CodeIgniter\CodeIgniter->runController(Object(App\Controllers\Builtin\Module))
#3 D:\xampp-8.1.2\htdocs\ci4\admin_template_rbac1\system\CodeIgniter.php(326): CodeIgniter\CodeIgniter->handleRequest(NULL, Object(Config\Cache), false)
#4 D:\xampp-8.1.2\htdocs\ci4\admin_template_rbac1\index.php(47): CodeIgniter\CodeIgniter->run()
#5 {main}
CRITICAL - 2022-06-05 05:09:38 --> Undefined array key "id_mahasiswa"
#0 D:\xampp-8.1.2\htdocs\ci4\admin_template_rbac1\app\Controllers\Builtin\Module.php(202): CodeIgniter\Debug\Exceptions->errorHandler(2, 'Undefined array...', 'D:\\xampp-8.1.2\\...', 202)
#1 D:\xampp-8.1.2\htdocs\ci4\admin_template_rbac1\system\CodeIgniter.php(832): App\Controllers\Builtin\Module->getDataDT()
#2 D:\xampp-8.1.2\htdocs\ci4\admin_template_rbac1\system\CodeIgniter.php(419): CodeIgniter\CodeIgniter->runController(Object(App\Controllers\Builtin\Module))
#3 D:\xampp-8.1.2\htdocs\ci4\admin_template_rbac1\system\CodeIgniter.php(326): CodeIgniter\CodeIgniter->handleRequest(NULL, Object(Config\Cache), false)
#4 D:\xampp-8.1.2\htdocs\ci4\admin_template_rbac1\index.php(47): CodeIgniter\CodeIgniter->run()
#5 {main}
CRITICAL - 2022-06-05 05:10:15 --> Undefined array key "nama"
#0 D:\xampp-8.1.2\htdocs\ci4\admin_template_rbac1\app\Controllers\Builtin\Module.php(210): CodeIgniter\Debug\Exceptions->errorHandler(2, 'Undefined array...', 'D:\\xampp-8.1.2\\...', 210)
#1 D:\xampp-8.1.2\htdocs\ci4\admin_template_rbac1\system\CodeIgniter.php(832): App\Controllers\Builtin\Module->getDataDT()
#2 D:\xampp-8.1.2\htdocs\ci4\admin_template_rbac1\system\CodeIgniter.php(419): CodeIgniter\CodeIgniter->runController(Object(App\Controllers\Builtin\Module))
#3 D:\xampp-8.1.2\htdocs\ci4\admin_template_rbac1\system\CodeIgniter.php(326): CodeIgniter\CodeIgniter->handleRequest(NULL, Object(Config\Cache), false)
#4 D:\xampp-8.1.2\htdocs\ci4\admin_template_rbac1\index.php(47): CodeIgniter\CodeIgniter->run()
#5 {main}
CRITICAL - 2022-06-05 05:11:31 --> Trying to access array offset on value of type null
#0 D:\xampp-8.1.2\htdocs\ci4\admin_template_rbac1\app\Models\Builtin\ModuleModel.php(122): CodeIgniter\Debug\Exceptions->errorHandler(2, 'Trying to acces...', 'D:\\xampp-8.1.2\\...', 122)
#1 D:\xampp-8.1.2\htdocs\ci4\admin_template_rbac1\app\Controllers\Builtin\Module.php(175): App\Models\Builtin\ModuleModel->getListData(' WHERE 1 = 1 ')
#2 D:\xampp-8.1.2\htdocs\ci4\admin_template_rbac1\system\CodeIgniter.php(832): App\Controllers\Builtin\Module->getDataDT('edit')
#3 D:\xampp-8.1.2\htdocs\ci4\admin_template_rbac1\system\CodeIgniter.php(419): CodeIgniter\CodeIgniter->runController(Object(App\Controllers\Builtin\Module))
#4 D:\xampp-8.1.2\htdocs\ci4\admin_template_rbac1\system\CodeIgniter.php(326): CodeIgniter\CodeIgniter->handleRequest(NULL, Object(Config\Cache), false)
#5 D:\xampp-8.1.2\htdocs\ci4\admin_template_rbac1\index.php(47): CodeIgniter\CodeIgniter->run()
#6 {main}
CRITICAL - 2022-06-05 08:20:04 --> Undefined variable $tahun
#0 D:\xampp-8.1.2\htdocs\ci4\admin_template_rbac1\app\Models\DashboardModel.php(40): CodeIgniter\Debug\Exceptions->errorHandler(2, 'Undefined varia...', 'D:\\xampp-8.1.2\\...', 40)
#1 D:\xampp-8.1.2\htdocs\ci4\admin_template_rbac1\app\Controllers\Dashboard.php(37): App\Models\DashboardModel->getItemTerjualDetail(2021)
#2 D:\xampp-8.1.2\htdocs\ci4\admin_template_rbac1\system\CodeIgniter.php(832): App\Controllers\Dashboard->index()
#3 D:\xampp-8.1.2\htdocs\ci4\admin_template_rbac1\system\CodeIgniter.php(419): CodeIgniter\CodeIgniter->runController(Object(App\Controllers\Dashboard))
#4 D:\xampp-8.1.2\htdocs\ci4\admin_template_rbac1\system\CodeIgniter.php(326): CodeIgniter\CodeIgniter->handleRequest(NULL, Object(Config\Cache), false)
#5 D:\xampp-8.1.2\htdocs\ci4\admin_template_rbac1\index.php(47): CodeIgniter\CodeIgniter->run()
#6 {main}
CRITICAL - 2022-06-05 08:20:17 --> You have an error in your SQL syntax; check the manual that corresponds to your MariaDB server version for the right syntax to use near 'ODER BY total DESC LIMIT 10' at line 7
#0 D:\xampp-8.1.2\htdocs\ci4\admin_template_rbac1\system\Database\MySQLi\Connection.php(292): mysqli->query('SELECT id_produ...', 0)
#1 D:\xampp-8.1.2\htdocs\ci4\admin_template_rbac1\system\Database\BaseConnection.php(670): CodeIgniter\Database\MySQLi\Connection->execute('SELECT id_produ...')
#2 D:\xampp-8.1.2\htdocs\ci4\admin_template_rbac1\system\Database\BaseConnection.php(598): CodeIgniter\Database\BaseConnection->simpleQuery('SELECT id_produ...')
#3 D:\xampp-8.1.2\htdocs\ci4\admin_template_rbac1\app\Models\DashboardModel.php(44): CodeIgniter\Database\BaseConnection->query('SELECT id_produ...', 2021)
#4 D:\xampp-8.1.2\htdocs\ci4\admin_template_rbac1\app\Controllers\Dashboard.php(37): App\Models\DashboardModel->getItemTerjualDetail(2021)
#5 D:\xampp-8.1.2\htdocs\ci4\admin_template_rbac1\system\CodeIgniter.php(832): App\Controllers\Dashboard->index()
#6 D:\xampp-8.1.2\htdocs\ci4\admin_template_rbac1\system\CodeIgniter.php(419): CodeIgniter\CodeIgniter->runController(Object(App\Controllers\Dashboard))
#7 D:\xampp-8.1.2\htdocs\ci4\admin_template_rbac1\system\CodeIgniter.php(326): CodeIgniter\CodeIgniter->handleRequest(NULL, Object(Config\Cache), false)
#8 D:\xampp-8.1.2\htdocs\ci4\admin_template_rbac1\index.php(47): CodeIgniter\CodeIgniter->run()
#9 {main}
CRITICAL - 2022-06-05 08:21:13 --> Undefined variable $item_terjual_detail
#0 D:\xampp-8.1.2\htdocs\ci4\admin_template_rbac1\app\Views\themes\modern\dashboard.php(226): CodeIgniter\Debug\Exceptions->errorHandler(2, 'Undefined varia...', 'D:\\xampp-8.1.2\\...', 226)
#1 D:\xampp-8.1.2\htdocs\ci4\admin_template_rbac1\system\View\View.php(210): include('D:\\xampp-8.1.2\\...')
#2 D:\xampp-8.1.2\htdocs\ci4\admin_template_rbac1\system\View\View.php(213): CodeIgniter\View\View->CodeIgniter\View\{closure}()
#3 D:\xampp-8.1.2\htdocs\ci4\admin_template_rbac1\system\Common.php(1089): CodeIgniter\View\View->render('themes/modern/d...', Array, true)
#4 D:\xampp-8.1.2\htdocs\ci4\admin_template_rbac1\app\Controllers\BaseController.php(240): view('themes/modern/d...', Array)
#5 D:\xampp-8.1.2\htdocs\ci4\admin_template_rbac1\app\Controllers\Dashboard.php(46): App\Controllers\BaseController->view('dashboard.php', Array)
#6 D:\xampp-8.1.2\htdocs\ci4\admin_template_rbac1\system\CodeIgniter.php(832): App\Controllers\Dashboard->index()
#7 D:\xampp-8.1.2\htdocs\ci4\admin_template_rbac1\system\CodeIgniter.php(419): CodeIgniter\CodeIgniter->runController(Object(App\Controllers\Dashboard))
#8 D:\xampp-8.1.2\htdocs\ci4\admin_template_rbac1\system\CodeIgniter.php(326): CodeIgniter\CodeIgniter->handleRequest(NULL, Object(Config\Cache), false)
#9 D:\xampp-8.1.2\htdocs\ci4\admin_template_rbac1\index.php(47): CodeIgniter\CodeIgniter->run()
#10 {main}
CRITICAL - 2022-06-05 08:21:55 --> You have an error in your SQL syntax; check the manual that corresponds to your MariaDB server version for the right syntax to use near 'ODER BY total DESC LIMIT 10' at line 7
#0 D:\xampp-8.1.2\htdocs\ci4\admin_template_rbac1\system\Database\MySQLi\Connection.php(292): mysqli->query('SELECT id_produ...', 0)
#1 D:\xampp-8.1.2\htdocs\ci4\admin_template_rbac1\system\Database\BaseConnection.php(670): CodeIgniter\Database\MySQLi\Connection->execute('SELECT id_produ...')
#2 D:\xampp-8.1.2\htdocs\ci4\admin_template_rbac1\system\Database\BaseConnection.php(598): CodeIgniter\Database\BaseConnection->simpleQuery('SELECT id_produ...')
#3 D:\xampp-8.1.2\htdocs\ci4\admin_template_rbac1\app\Models\DashboardModel.php(44): CodeIgniter\Database\BaseConnection->query('SELECT id_produ...', 2021)
#4 D:\xampp-8.1.2\htdocs\ci4\admin_template_rbac1\app\Controllers\Dashboard.php(37): App\Models\DashboardModel->getItemTerjualDetail(2021)
#5 D:\xampp-8.1.2\htdocs\ci4\admin_template_rbac1\system\CodeIgniter.php(832): App\Controllers\Dashboard->index()
#6 D:\xampp-8.1.2\htdocs\ci4\admin_template_rbac1\system\CodeIgniter.php(419): CodeIgniter\CodeIgniter->runController(Object(App\Controllers\Dashboard))
#7 D:\xampp-8.1.2\htdocs\ci4\admin_template_rbac1\system\CodeIgniter.php(326): CodeIgniter\CodeIgniter->handleRequest(NULL, Object(Config\Cache), false)
#8 D:\xampp-8.1.2\htdocs\ci4\admin_template_rbac1\index.php(47): CodeIgniter\CodeIgniter->run()
#9 {main}
CRITICAL - 2022-06-05 08:23:06 --> Unknown column 'total' in 'order clause'
#0 D:\xampp-8.1.2\htdocs\ci4\admin_template_rbac1\system\Database\MySQLi\Connection.php(292): mysqli->query('SELECT id_produ...', 0)
#1 D:\xampp-8.1.2\htdocs\ci4\admin_template_rbac1\system\Database\BaseConnection.php(670): CodeIgniter\Database\MySQLi\Connection->execute('SELECT id_produ...')
#2 D:\xampp-8.1.2\htdocs\ci4\admin_template_rbac1\system\Database\BaseConnection.php(598): CodeIgniter\Database\BaseConnection->simpleQuery('SELECT id_produ...')
#3 D:\xampp-8.1.2\htdocs\ci4\admin_template_rbac1\app\Models\DashboardModel.php(44): CodeIgniter\Database\BaseConnection->query('SELECT id_produ...', 2021)
#4 D:\xampp-8.1.2\htdocs\ci4\admin_template_rbac1\app\Controllers\Dashboard.php(37): App\Models\DashboardModel->getItemTerjualDetail(2021)
#5 D:\xampp-8.1.2\htdocs\ci4\admin_template_rbac1\system\CodeIgniter.php(832): App\Controllers\Dashboard->index()
#6 D:\xampp-8.1.2\htdocs\ci4\admin_template_rbac1\system\CodeIgniter.php(419): CodeIgniter\CodeIgniter->runController(Object(App\Controllers\Dashboard))
#7 D:\xampp-8.1.2\htdocs\ci4\admin_template_rbac1\system\CodeIgniter.php(326): CodeIgniter\CodeIgniter->handleRequest(NULL, Object(Config\Cache), false)
#8 D:\xampp-8.1.2\htdocs\ci4\admin_template_rbac1\index.php(47): CodeIgniter\CodeIgniter->run()
#9 {main}
CRITICAL - 2022-06-05 08:25:03 --> Call to undefined function options()
#0 D:\xampp-8.1.2\htdocs\ci4\admin_template_rbac1\system\View\View.php(210): include()
#1 D:\xampp-8.1.2\htdocs\ci4\admin_template_rbac1\system\View\View.php(213): CodeIgniter\View\View->CodeIgniter\View\{closure}()
#2 D:\xampp-8.1.2\htdocs\ci4\admin_template_rbac1\system\Common.php(1089): CodeIgniter\View\View->render('themes/modern/d...', Array, true)
#3 D:\xampp-8.1.2\htdocs\ci4\admin_template_rbac1\app\Controllers\BaseController.php(240): view('themes/modern/d...', Array)
#4 D:\xampp-8.1.2\htdocs\ci4\admin_template_rbac1\app\Controllers\Dashboard.php(46): App\Controllers\BaseController->view('dashboard.php', Array)
#5 D:\xampp-8.1.2\htdocs\ci4\admin_template_rbac1\system\CodeIgniter.php(832): App\Controllers\Dashboard->index()
#6 D:\xampp-8.1.2\htdocs\ci4\admin_template_rbac1\system\CodeIgniter.php(419): CodeIgniter\CodeIgniter->runController(Object(App\Controllers\Dashboard))
#7 D:\xampp-8.1.2\htdocs\ci4\admin_template_rbac1\system\CodeIgniter.php(326): CodeIgniter\CodeIgniter->handleRequest(NULL, Object(Config\Cache), false)
#8 D:\xampp-8.1.2\htdocs\ci4\admin_template_rbac1\index.php(47): CodeIgniter\CodeIgniter->run()
#9 {main}
CRITICAL - 2022-06-05 08:31:34 --> Call to undefined function format_rupiah()
#0 D:\xampp-8.1.2\htdocs\ci4\admin_template_rbac1\system\View\View.php(210): include()
#1 D:\xampp-8.1.2\htdocs\ci4\admin_template_rbac1\system\View\View.php(213): CodeIgniter\View\View->CodeIgniter\View\{closure}()
#2 D:\xampp-8.1.2\htdocs\ci4\admin_template_rbac1\system\Common.php(1089): CodeIgniter\View\View->render('themes/modern/d...', Array, true)
#3 D:\xampp-8.1.2\htdocs\ci4\admin_template_rbac1\app\Controllers\BaseController.php(240): view('themes/modern/d...', Array)
#4 D:\xampp-8.1.2\htdocs\ci4\admin_template_rbac1\app\Controllers\Dashboard.php(46): App\Controllers\BaseController->view('dashboard.php', Array)
#5 D:\xampp-8.1.2\htdocs\ci4\admin_template_rbac1\system\CodeIgniter.php(832): App\Controllers\Dashboard->index()
#6 D:\xampp-8.1.2\htdocs\ci4\admin_template_rbac1\system\CodeIgniter.php(419): CodeIgniter\CodeIgniter->runController(Object(App\Controllers\Dashboard))
#7 D:\xampp-8.1.2\htdocs\ci4\admin_template_rbac1\system\CodeIgniter.php(326): CodeIgniter\CodeIgniter->handleRequest(NULL, Object(Config\Cache), false)
#8 D:\xampp-8.1.2\htdocs\ci4\admin_template_rbac1\index.php(47): CodeIgniter\CodeIgniter->run()
#9 {main}
CRITICAL - 2022-06-05 08:31:45 --> Call to undefined function format_ribuan()
#0 D:\xampp-8.1.2\htdocs\ci4\admin_template_rbac1\system\View\View.php(210): include()
#1 D:\xampp-8.1.2\htdocs\ci4\admin_template_rbac1\system\View\View.php(213): CodeIgniter\View\View->CodeIgniter\View\{closure}()
#2 D:\xampp-8.1.2\htdocs\ci4\admin_template_rbac1\system\Common.php(1089): CodeIgniter\View\View->render('themes/modern/d...', Array, true)
#3 D:\xampp-8.1.2\htdocs\ci4\admin_template_rbac1\app\Controllers\BaseController.php(240): view('themes/modern/d...', Array)
#4 D:\xampp-8.1.2\htdocs\ci4\admin_template_rbac1\app\Controllers\Dashboard.php(46): App\Controllers\BaseController->view('dashboard.php', Array)
#5 D:\xampp-8.1.2\htdocs\ci4\admin_template_rbac1\system\CodeIgniter.php(832): App\Controllers\Dashboard->index()
#6 D:\xampp-8.1.2\htdocs\ci4\admin_template_rbac1\system\CodeIgniter.php(419): CodeIgniter\CodeIgniter->runController(Object(App\Controllers\Dashboard))
#7 D:\xampp-8.1.2\htdocs\ci4\admin_template_rbac1\system\CodeIgniter.php(326): CodeIgniter\CodeIgniter->handleRequest(NULL, Object(Config\Cache), false)
#8 D:\xampp-8.1.2\htdocs\ci4\admin_template_rbac1\index.php(47): CodeIgniter\CodeIgniter->run()
#9 {main}
CRITICAL - 2022-06-05 20:51:26 --> Unclosed '{' on line 146 does not match ')'
#0 D:\xampp-8.1.2\htdocs\ci4\admin_template_rbac1\system\View\View.php(213): CodeIgniter\View\View->CodeIgniter\View\{closure}()
#1 D:\xampp-8.1.2\htdocs\ci4\admin_template_rbac1\system\Common.php(1089): CodeIgniter\View\View->render('themes/modern/d...', Array, true)
#2 D:\xampp-8.1.2\htdocs\ci4\admin_template_rbac1\app\Controllers\BaseController.php(240): view('themes/modern/d...', Array)
#3 D:\xampp-8.1.2\htdocs\ci4\admin_template_rbac1\app\Controllers\Dashboard.php(51): App\Controllers\BaseController->view('dashboard.php', Array)
#4 D:\xampp-8.1.2\htdocs\ci4\admin_template_rbac1\system\CodeIgniter.php(832): App\Controllers\Dashboard->index()
#5 D:\xampp-8.1.2\htdocs\ci4\admin_template_rbac1\system\CodeIgniter.php(419): CodeIgniter\CodeIgniter->runController(Object(App\Controllers\Dashboard))
#6 D:\xampp-8.1.2\htdocs\ci4\admin_template_rbac1\system\CodeIgniter.php(326): CodeIgniter\CodeIgniter->handleRequest(NULL, Object(Config\Cache), false)
#7 D:\xampp-8.1.2\htdocs\ci4\admin_template_rbac1\index.php(47): CodeIgniter\CodeIgniter->run()
#8 {main}
CRITICAL - 2022-06-05 20:52:16 --> Undefined array key "nama"
#0 D:\xampp-8.1.2\htdocs\ci4\admin_template_rbac1\app\Views\themes\modern\dashboard.php(150): CodeIgniter\Debug\Exceptions->errorHandler(2, 'Undefined array...', 'D:\\xampp-8.1.2\\...', 150)
#1 D:\xampp-8.1.2\htdocs\ci4\admin_template_rbac1\system\View\View.php(210): include('D:\\xampp-8.1.2\\...')
#2 D:\xampp-8.1.2\htdocs\ci4\admin_template_rbac1\system\View\View.php(213): CodeIgniter\View\View->CodeIgniter\View\{closure}()
#3 D:\xampp-8.1.2\htdocs\ci4\admin_template_rbac1\system\Common.php(1089): CodeIgniter\View\View->render('themes/modern/d...', Array, true)
#4 D:\xampp-8.1.2\htdocs\ci4\admin_template_rbac1\app\Controllers\BaseController.php(240): view('themes/modern/d...', Array)
#5 D:\xampp-8.1.2\htdocs\ci4\admin_template_rbac1\app\Controllers\Dashboard.php(51): App\Controllers\BaseController->view('dashboard.php', Array)
#6 D:\xampp-8.1.2\htdocs\ci4\admin_template_rbac1\system\CodeIgniter.php(832): App\Controllers\Dashboard->index()
#7 D:\xampp-8.1.2\htdocs\ci4\admin_template_rbac1\system\CodeIgniter.php(419): CodeIgniter\CodeIgniter->runController(Object(App\Controllers\Dashboard))
#8 D:\xampp-8.1.2\htdocs\ci4\admin_template_rbac1\system\CodeIgniter.php(326): CodeIgniter\CodeIgniter->handleRequest(NULL, Object(Config\Cache), false)
#9 D:\xampp-8.1.2\htdocs\ci4\admin_template_rbac1\index.php(47): CodeIgniter\CodeIgniter->run()
#10 {main}
CRITICAL - 2022-06-05 21:24:57 --> Undefined array key "harga_satuan"
#0 D:\xampp-8.1.2\htdocs\ci4\admin_template_rbac1\app\Views\themes\modern\dashboard.php(443): CodeIgniter\Debug\Exceptions->errorHandler(2, 'Undefined array...', 'D:\\xampp-8.1.2\\...', 443)
#1 D:\xampp-8.1.2\htdocs\ci4\admin_template_rbac1\system\View\View.php(210): include('D:\\xampp-8.1.2\\...')
#2 D:\xampp-8.1.2\htdocs\ci4\admin_template_rbac1\system\View\View.php(213): CodeIgniter\View\View->CodeIgniter\View\{closure}()
#3 D:\xampp-8.1.2\htdocs\ci4\admin_template_rbac1\system\Common.php(1089): CodeIgniter\View\View->render('themes/modern/d...', Array, true)
#4 D:\xampp-8.1.2\htdocs\ci4\admin_template_rbac1\app\Controllers\BaseController.php(240): view('themes/modern/d...', Array)
#5 D:\xampp-8.1.2\htdocs\ci4\admin_template_rbac1\app\Controllers\Dashboard.php(52): App\Controllers\BaseController->view('dashboard.php', Array)
#6 D:\xampp-8.1.2\htdocs\ci4\admin_template_rbac1\system\CodeIgniter.php(832): App\Controllers\Dashboard->index()
#7 D:\xampp-8.1.2\htdocs\ci4\admin_template_rbac1\system\CodeIgniter.php(419): CodeIgniter\CodeIgniter->runController(Object(App\Controllers\Dashboard))
#8 D:\xampp-8.1.2\htdocs\ci4\admin_template_rbac1\system\CodeIgniter.php(326): CodeIgniter\CodeIgniter->handleRequest(NULL, Object(Config\Cache), false)
#9 D:\xampp-8.1.2\htdocs\ci4\admin_template_rbac1\index.php(47): CodeIgniter\CodeIgniter->run()
#10 {main}
CRITICAL - 2022-06-05 21:34:12 --> Undefined array key "harga"
#0 D:\xampp-8.1.2\htdocs\ci4\admin_template_rbac1\app\Views\themes\modern\dashboard.php(446): CodeIgniter\Debug\Exceptions->errorHandler(2, 'Undefined array...', 'D:\\xampp-8.1.2\\...', 446)
#1 D:\xampp-8.1.2\htdocs\ci4\admin_template_rbac1\system\View\View.php(210): include('D:\\xampp-8.1.2\\...')
#2 D:\xampp-8.1.2\htdocs\ci4\admin_template_rbac1\system\View\View.php(213): CodeIgniter\View\View->CodeIgniter\View\{closure}()
#3 D:\xampp-8.1.2\htdocs\ci4\admin_template_rbac1\system\Common.php(1089): CodeIgniter\View\View->render('themes/modern/d...', Array, true)
#4 D:\xampp-8.1.2\htdocs\ci4\admin_template_rbac1\app\Controllers\BaseController.php(240): view('themes/modern/d...', Array)
#5 D:\xampp-8.1.2\htdocs\ci4\admin_template_rbac1\app\Controllers\Dashboard.php(52): App\Controllers\BaseController->view('dashboard.php', Array)
#6 D:\xampp-8.1.2\htdocs\ci4\admin_template_rbac1\system\CodeIgniter.php(832): App\Controllers\Dashboard->index()
#7 D:\xampp-8.1.2\htdocs\ci4\admin_template_rbac1\system\CodeIgniter.php(419): CodeIgniter\CodeIgniter->runController(Object(App\Controllers\Dashboard))
#8 D:\xampp-8.1.2\htdocs\ci4\admin_template_rbac1\system\CodeIgniter.php(326): CodeIgniter\CodeIgniter->handleRequest(NULL, Object(Config\Cache), false)
#9 D:\xampp-8.1.2\htdocs\ci4\admin_template_rbac1\index.php(47): CodeIgniter\CodeIgniter->run()
#10 {main}
