CRITICAL - 2023-01-27 03:49:08 --> Array to string conversion
#0 D:\xampp7\htdocs\dashboardpeg\app\Models\KenaikanPangkatModel.php(152): CodeIgniter\Debug\Exceptions->errorHandler(8, 'Array to string...', 'D:\\xampp7\\htdoc...', 152, Array)
#1 D:\xampp7\htdocs\dashboardpeg\app\Controllers\Kenaikanpangkat.php(54): App\Models\KenaikanPangkatModel->getListData(' WHERE 1 = 1 ', '77de68daecd823b...')
#2 D:\xampp7\htdocs\dashboardpeg\system\CodeIgniter.php(832): App\Controllers\Kenaikanpangkat->getDataDT()
#3 D:\xampp7\htdocs\dashboardpeg\system\CodeIgniter.php(419): CodeIgniter\CodeIgniter->runController(Object(App\Controllers\Kenaikanpangkat))
#4 D:\xampp7\htdocs\dashboardpeg\system\CodeIgniter.php(326): CodeIgniter\CodeIgniter->handleRequest(NULL, Object(Config\Cache), false)
#5 D:\xampp7\htdocs\dashboardpeg\index.php(47): CodeIgniter\CodeIgniter->run()
#6 {main}
CRITICAL - 2023-01-27 03:49:38 --> syntax error, unexpected '.'
#0 D:\xampp7\htdocs\dashboardpeg\system\Autoloader\Autoloader.php(241): CodeIgniter\Autoloader\Autoloader->includeFile('D:\\xampp7\\htdoc...')
#1 D:\xampp7\htdocs\dashboardpeg\system\Autoloader\Autoloader.php(219): CodeIgniter\Autoloader\Autoloader->loadInNamespace('App\\Models\\Kena...')
#2 [internal function]: CodeIgniter\Autoloader\Autoloader->loadClass('App\\Models\\Kena...')
#3 D:\xampp7\htdocs\dashboardpeg\app\Controllers\Kenaikanpangkat.php(12): spl_autoload_call('App\\Models\\Kena...')
#4 D:\xampp7\htdocs\dashboardpeg\system\CodeIgniter.php(809): App\Controllers\Kenaikanpangkat->__construct()
#5 D:\xampp7\htdocs\dashboardpeg\system\CodeIgniter.php(410): CodeIgniter\CodeIgniter->createController()
#6 D:\xampp7\htdocs\dashboardpeg\system\CodeIgniter.php(326): CodeIgniter\CodeIgniter->handleRequest(NULL, Object(Config\Cache), false)
#7 D:\xampp7\htdocs\dashboardpeg\index.php(47): CodeIgniter\CodeIgniter->run()
#8 {main}
CRITICAL - 2023-01-27 03:50:00 --> Array to string conversion
#0 D:\xampp7\htdocs\dashboardpeg\app\Models\KenaikanPangkatModel.php(152): CodeIgniter\Debug\Exceptions->errorHandler(8, 'Array to string...', 'D:\\xampp7\\htdoc...', 152, Array)
#1 D:\xampp7\htdocs\dashboardpeg\app\Controllers\Kenaikanpangkat.php(54): App\Models\KenaikanPangkatModel->getListData(' WHERE 1 = 1 ', '77de68daecd823b...')
#2 D:\xampp7\htdocs\dashboardpeg\system\CodeIgniter.php(832): App\Controllers\Kenaikanpangkat->getDataDT()
#3 D:\xampp7\htdocs\dashboardpeg\system\CodeIgniter.php(419): CodeIgniter\CodeIgniter->runController(Object(App\Controllers\Kenaikanpangkat))
#4 D:\xampp7\htdocs\dashboardpeg\system\CodeIgniter.php(326): CodeIgniter\CodeIgniter->handleRequest(NULL, Object(Config\Cache), false)
#5 D:\xampp7\htdocs\dashboardpeg\index.php(47): CodeIgniter\CodeIgniter->run()
#6 {main}
CRITICAL - 2023-01-27 03:51:10 --> Array to string conversion
#0 D:\xampp7\htdocs\dashboardpeg\app\Models\KenaikanPangkatModel.php(152): CodeIgniter\Debug\Exceptions->errorHandler(8, 'Array to string...', 'D:\\xampp7\\htdoc...', 152, Array)
#1 D:\xampp7\htdocs\dashboardpeg\app\Controllers\Kenaikanpangkat.php(54): App\Models\KenaikanPangkatModel->getListData(' WHERE 1 = 1 ', '77de68daecd823b...')
#2 D:\xampp7\htdocs\dashboardpeg\system\CodeIgniter.php(832): App\Controllers\Kenaikanpangkat->getDataDT()
#3 D:\xampp7\htdocs\dashboardpeg\system\CodeIgniter.php(419): CodeIgniter\CodeIgniter->runController(Object(App\Controllers\Kenaikanpangkat))
#4 D:\xampp7\htdocs\dashboardpeg\system\CodeIgniter.php(326): CodeIgniter\CodeIgniter->handleRequest(NULL, Object(Config\Cache), false)
#5 D:\xampp7\htdocs\dashboardpeg\index.php(47): CodeIgniter\CodeIgniter->run()
#6 {main}
CRITICAL - 2023-01-27 10:52:47 --> Array to string conversion
#0 D:\xampp7\htdocs\dashboardpeg\app\Models\KenaikanPangkatModel.php(152): CodeIgniter\Debug\Exceptions->errorHandler(8, 'Array to string...', 'D:\\xampp7\\htdoc...', 152, Array)
#1 D:\xampp7\htdocs\dashboardpeg\app\Controllers\Kenaikanpangkat.php(54): App\Models\KenaikanPangkatModel->getListData(' WHERE 1 = 1 ', '77de68daecd823b...')
#2 D:\xampp7\htdocs\dashboardpeg\system\CodeIgniter.php(832): App\Controllers\Kenaikanpangkat->getDataDT()
#3 D:\xampp7\htdocs\dashboardpeg\system\CodeIgniter.php(419): CodeIgniter\CodeIgniter->runController(Object(App\Controllers\Kenaikanpangkat))
#4 D:\xampp7\htdocs\dashboardpeg\system\CodeIgniter.php(326): CodeIgniter\CodeIgniter->handleRequest(NULL, Object(Config\Cache), false)
#5 D:\xampp7\htdocs\dashboardpeg\index.php(47): CodeIgniter\CodeIgniter->run()
#6 {main}
CRITICAL - 2023-01-27 10:52:50 --> Array to string conversion
#0 D:\xampp7\htdocs\dashboardpeg\app\Models\KenaikanPangkatModel.php(152): CodeIgniter\Debug\Exceptions->errorHandler(8, 'Array to string...', 'D:\\xampp7\\htdoc...', 152, Array)
#1 D:\xampp7\htdocs\dashboardpeg\app\Controllers\Kenaikanpangkat.php(54): App\Models\KenaikanPangkatModel->getListData(' WHERE 1 = 1 ', '77de68daecd823b...')
#2 D:\xampp7\htdocs\dashboardpeg\system\CodeIgniter.php(832): App\Controllers\Kenaikanpangkat->getDataDT()
#3 D:\xampp7\htdocs\dashboardpeg\system\CodeIgniter.php(419): CodeIgniter\CodeIgniter->runController(Object(App\Controllers\Kenaikanpangkat))
#4 D:\xampp7\htdocs\dashboardpeg\system\CodeIgniter.php(326): CodeIgniter\CodeIgniter->handleRequest(NULL, Object(Config\Cache), false)
#5 D:\xampp7\htdocs\dashboardpeg\index.php(47): CodeIgniter\CodeIgniter->run()
#6 {main}
CRITICAL - 2023-01-27 10:57:54 --> Array to string conversion
#0 D:\xampp7\htdocs\dashboardpeg\app\Models\KenaikanPangkatModel.php(195): CodeIgniter\Debug\Exceptions->errorHandler(8, 'Array to string...', 'D:\\xampp7\\htdoc...', 195, Array)
#1 D:\xampp7\htdocs\dashboardpeg\app\Controllers\Kenaikanpangkat.php(54): App\Models\KenaikanPangkatModel->getListData(' WHERE 1 = 1 ', '77de68daecd823b...')
#2 D:\xampp7\htdocs\dashboardpeg\system\CodeIgniter.php(832): App\Controllers\Kenaikanpangkat->getDataDT()
#3 D:\xampp7\htdocs\dashboardpeg\system\CodeIgniter.php(419): CodeIgniter\CodeIgniter->runController(Object(App\Controllers\Kenaikanpangkat))
#4 D:\xampp7\htdocs\dashboardpeg\system\CodeIgniter.php(326): CodeIgniter\CodeIgniter->handleRequest(NULL, Object(Config\Cache), false)
#5 D:\xampp7\htdocs\dashboardpeg\index.php(47): CodeIgniter\CodeIgniter->run()
#6 {main}
CRITICAL - 2023-01-27 10:58:09 --> Array to string conversion
#0 D:\xampp7\htdocs\dashboardpeg\app\Models\KenaikanPangkatModel.php(195): CodeIgniter\Debug\Exceptions->errorHandler(8, 'Array to string...', 'D:\\xampp7\\htdoc...', 195, Array)
#1 D:\xampp7\htdocs\dashboardpeg\app\Controllers\Kenaikanpangkat.php(54): App\Models\KenaikanPangkatModel->getListData(' WHERE 1 = 1 ', '77de68daecd823b...')
#2 D:\xampp7\htdocs\dashboardpeg\system\CodeIgniter.php(832): App\Controllers\Kenaikanpangkat->getDataDT()
#3 D:\xampp7\htdocs\dashboardpeg\system\CodeIgniter.php(419): CodeIgniter\CodeIgniter->runController(Object(App\Controllers\Kenaikanpangkat))
#4 D:\xampp7\htdocs\dashboardpeg\system\CodeIgniter.php(326): CodeIgniter\CodeIgniter->handleRequest(NULL, Object(Config\Cache), false)
#5 D:\xampp7\htdocs\dashboardpeg\index.php(47): CodeIgniter\CodeIgniter->run()
#6 {main}
CRITICAL - 2023-01-27 11:00:39 --> syntax error, unexpected '$searchProsedur' (T_VARIABLE), expecting function (T_FUNCTION) or const (T_CONST)
#0 D:\xampp7\htdocs\dashboardpeg\system\Autoloader\Autoloader.php(241): CodeIgniter\Autoloader\Autoloader->includeFile('D:\\xampp7\\htdoc...')
#1 D:\xampp7\htdocs\dashboardpeg\system\Autoloader\Autoloader.php(219): CodeIgniter\Autoloader\Autoloader->loadInNamespace('App\\Models\\Kena...')
#2 [internal function]: CodeIgniter\Autoloader\Autoloader->loadClass('App\\Models\\Kena...')
#3 D:\xampp7\htdocs\dashboardpeg\app\Controllers\Kenaikanpangkat.php(12): spl_autoload_call('App\\Models\\Kena...')
#4 D:\xampp7\htdocs\dashboardpeg\system\CodeIgniter.php(809): App\Controllers\Kenaikanpangkat->__construct()
#5 D:\xampp7\htdocs\dashboardpeg\system\CodeIgniter.php(410): CodeIgniter\CodeIgniter->createController()
#6 D:\xampp7\htdocs\dashboardpeg\system\CodeIgniter.php(326): CodeIgniter\CodeIgniter->handleRequest(NULL, Object(Config\Cache), false)
#7 D:\xampp7\htdocs\dashboardpeg\index.php(47): CodeIgniter\CodeIgniter->run()
#8 {main}
CRITICAL - 2023-01-27 11:08:46 --> Operand should contain 1 column(s)
#0 D:\xampp7\htdocs\dashboardpeg\system\Database\MySQLi\Connection.php(292): mysqli->query('SELECT COUNT(*)...', 0)
#1 D:\xampp7\htdocs\dashboardpeg\system\Database\BaseConnection.php(670): CodeIgniter\Database\MySQLi\Connection->execute('SELECT COUNT(*)...')
#2 D:\xampp7\htdocs\dashboardpeg\system\Database\BaseConnection.php(598): CodeIgniter\Database\BaseConnection->simpleQuery('SELECT COUNT(*)...')
#3 D:\xampp7\htdocs\dashboardpeg\app\Models\KenaikanPangkatModel.php(210): CodeIgniter\Database\BaseConnection->query('SELECT COUNT(*)...')
#4 D:\xampp7\htdocs\dashboardpeg\app\Controllers\Kenaikanpangkat.php(54): App\Models\KenaikanPangkatModel->getListData(' WHERE 1 = 1  A...', '77de68daecd823b...')
#5 D:\xampp7\htdocs\dashboardpeg\system\CodeIgniter.php(832): App\Controllers\Kenaikanpangkat->getDataDT()
#6 D:\xampp7\htdocs\dashboardpeg\system\CodeIgniter.php(419): CodeIgniter\CodeIgniter->runController(Object(App\Controllers\Kenaikanpangkat))
#7 D:\xampp7\htdocs\dashboardpeg\system\CodeIgniter.php(326): CodeIgniter\CodeIgniter->handleRequest(NULL, Object(Config\Cache), false)
#8 D:\xampp7\htdocs\dashboardpeg\index.php(47): CodeIgniter\CodeIgniter->run()
#9 {main}
CRITICAL - 2023-01-27 13:46:29 --> Undefined index: searchJenisJabatan
#0 D:\xampp7\htdocs\dashboardpeg\app\Models\KenaikanPangkatModel.php(24): CodeIgniter\Debug\Exceptions->errorHandler(8, 'Undefined index...', 'D:\\xampp7\\htdoc...', 24, Array)
#1 D:\xampp7\htdocs\dashboardpeg\app\Controllers\Kenaikanpangkat.php(54): App\Models\KenaikanPangkatModel->getListData(' WHERE 1 = 1 ', '77de68daecd823b...')
#2 D:\xampp7\htdocs\dashboardpeg\system\CodeIgniter.php(832): App\Controllers\Kenaikanpangkat->getDataDT()
#3 D:\xampp7\htdocs\dashboardpeg\system\CodeIgniter.php(419): CodeIgniter\CodeIgniter->runController(Object(App\Controllers\Kenaikanpangkat))
#4 D:\xampp7\htdocs\dashboardpeg\system\CodeIgniter.php(326): CodeIgniter\CodeIgniter->handleRequest(NULL, Object(Config\Cache), false)
#5 D:\xampp7\htdocs\dashboardpeg\index.php(47): CodeIgniter\CodeIgniter->run()
#6 {main}
CRITICAL - 2023-01-27 13:46:44 --> Undefined index: searchJenisJabatan
#0 D:\xampp7\htdocs\dashboardpeg\app\Models\KenaikanPangkatModel.php(24): CodeIgniter\Debug\Exceptions->errorHandler(8, 'Undefined index...', 'D:\\xampp7\\htdoc...', 24, Array)
#1 D:\xampp7\htdocs\dashboardpeg\app\Controllers\Kenaikanpangkat.php(54): App\Models\KenaikanPangkatModel->getListData(' WHERE 1 = 1 ', '77de68daecd823b...')
#2 D:\xampp7\htdocs\dashboardpeg\system\CodeIgniter.php(832): App\Controllers\Kenaikanpangkat->getDataDT()
#3 D:\xampp7\htdocs\dashboardpeg\system\CodeIgniter.php(419): CodeIgniter\CodeIgniter->runController(Object(App\Controllers\Kenaikanpangkat))
#4 D:\xampp7\htdocs\dashboardpeg\system\CodeIgniter.php(326): CodeIgniter\CodeIgniter->handleRequest(NULL, Object(Config\Cache), false)
#5 D:\xampp7\htdocs\dashboardpeg\index.php(47): CodeIgniter\CodeIgniter->run()
#6 {main}
CRITICAL - 2023-01-27 13:49:53 --> Undefined index: searchStatusKP
#0 D:\xampp7\htdocs\dashboardpeg\app\Models\KenaikanPangkatModel.php(26): CodeIgniter\Debug\Exceptions->errorHandler(8, 'Undefined index...', 'D:\\xampp7\\htdoc...', 26, Array)
#1 D:\xampp7\htdocs\dashboardpeg\app\Controllers\Kenaikanpangkat.php(54): App\Models\KenaikanPangkatModel->getListData(' WHERE 1 = 1 ', '77de68daecd823b...')
#2 D:\xampp7\htdocs\dashboardpeg\system\CodeIgniter.php(832): App\Controllers\Kenaikanpangkat->getDataDT()
#3 D:\xampp7\htdocs\dashboardpeg\system\CodeIgniter.php(419): CodeIgniter\CodeIgniter->runController(Object(App\Controllers\Kenaikanpangkat))
#4 D:\xampp7\htdocs\dashboardpeg\system\CodeIgniter.php(326): CodeIgniter\CodeIgniter->handleRequest(NULL, Object(Config\Cache), false)
#5 D:\xampp7\htdocs\dashboardpeg\index.php(47): CodeIgniter\CodeIgniter->run()
#6 {main}
CRITICAL - 2023-01-27 13:50:10 --> You have an error in your SQL syntax; check the manual that corresponds to your MariaDB server version for the right syntax to use near 'AND SHA1(id_instansi) = "77de68daecd823babbb58edb1c8e14d7106e83bb"' at line 1
#0 D:\xampp7\htdocs\dashboardpeg\system\Database\MySQLi\Connection.php(292): mysqli->query('SELECT COUNT(*)...', 0)
#1 D:\xampp7\htdocs\dashboardpeg\system\Database\BaseConnection.php(670): CodeIgniter\Database\MySQLi\Connection->execute('SELECT COUNT(*)...')
#2 D:\xampp7\htdocs\dashboardpeg\system\Database\BaseConnection.php(598): CodeIgniter\Database\BaseConnection->simpleQuery('SELECT COUNT(*)...')
#3 D:\xampp7\htdocs\dashboardpeg\app\Models\KenaikanPangkatModel.php(140): CodeIgniter\Database\BaseConnection->query('SELECT COUNT(*)...')
#4 D:\xampp7\htdocs\dashboardpeg\app\Controllers\Kenaikanpangkat.php(54): App\Models\KenaikanPangkatModel->getListData(' WHERE 1 = 1 ', '77de68daecd823b...')
#5 D:\xampp7\htdocs\dashboardpeg\system\CodeIgniter.php(832): App\Controllers\Kenaikanpangkat->getDataDT()
#6 D:\xampp7\htdocs\dashboardpeg\system\CodeIgniter.php(419): CodeIgniter\CodeIgniter->runController(Object(App\Controllers\Kenaikanpangkat))
#7 D:\xampp7\htdocs\dashboardpeg\system\CodeIgniter.php(326): CodeIgniter\CodeIgniter->handleRequest(NULL, Object(Config\Cache), false)
#8 D:\xampp7\htdocs\dashboardpeg\index.php(47): CodeIgniter\CodeIgniter->run()
#9 {main}
CRITICAL - 2023-01-27 13:51:28 --> You have an error in your SQL syntax; check the manual that corresponds to your MariaDB server version for the right syntax to use near 'AND SHA1(id_instansi) = "77de68daecd823babbb58edb1c8e14d7106e83bb"' at line 1
#0 D:\xampp7\htdocs\dashboardpeg\system\Database\MySQLi\Connection.php(292): mysqli->query('SELECT COUNT(*)...', 0)
#1 D:\xampp7\htdocs\dashboardpeg\system\Database\BaseConnection.php(670): CodeIgniter\Database\MySQLi\Connection->execute('SELECT COUNT(*)...')
#2 D:\xampp7\htdocs\dashboardpeg\system\Database\BaseConnection.php(598): CodeIgniter\Database\BaseConnection->simpleQuery('SELECT COUNT(*)...')
#3 D:\xampp7\htdocs\dashboardpeg\app\Models\KenaikanPangkatModel.php(140): CodeIgniter\Database\BaseConnection->query('SELECT COUNT(*)...')
#4 D:\xampp7\htdocs\dashboardpeg\app\Controllers\Kenaikanpangkat.php(54): App\Models\KenaikanPangkatModel->getListData(' WHERE 1 = 1 ', '77de68daecd823b...')
#5 D:\xampp7\htdocs\dashboardpeg\system\CodeIgniter.php(832): App\Controllers\Kenaikanpangkat->getDataDT()
#6 D:\xampp7\htdocs\dashboardpeg\system\CodeIgniter.php(419): CodeIgniter\CodeIgniter->runController(Object(App\Controllers\Kenaikanpangkat))
#7 D:\xampp7\htdocs\dashboardpeg\system\CodeIgniter.php(326): CodeIgniter\CodeIgniter->handleRequest(NULL, Object(Config\Cache), false)
#8 D:\xampp7\htdocs\dashboardpeg\index.php(47): CodeIgniter\CodeIgniter->run()
#9 {main}
CRITICAL - 2023-01-27 13:52:12 --> You have an error in your SQL syntax; check the manual that corresponds to your MariaDB server version for the right syntax to use near 'AND SHA1(id_instansi) = "77de68daecd823babbb58edb1c8e14d7106e83bb"' at line 1
#0 D:\xampp7\htdocs\dashboardpeg\system\Database\MySQLi\Connection.php(292): mysqli->query('SELECT COUNT(*)...', 0)
#1 D:\xampp7\htdocs\dashboardpeg\system\Database\BaseConnection.php(670): CodeIgniter\Database\MySQLi\Connection->execute('SELECT COUNT(*)...')
#2 D:\xampp7\htdocs\dashboardpeg\system\Database\BaseConnection.php(598): CodeIgniter\Database\BaseConnection->simpleQuery('SELECT COUNT(*)...')
#3 D:\xampp7\htdocs\dashboardpeg\app\Models\KenaikanPangkatModel.php(142): CodeIgniter\Database\BaseConnection->query('SELECT COUNT(*)...')
#4 D:\xampp7\htdocs\dashboardpeg\app\Controllers\Kenaikanpangkat.php(54): App\Models\KenaikanPangkatModel->getListData(' WHERE 1 = 1 ', '77de68daecd823b...')
#5 D:\xampp7\htdocs\dashboardpeg\system\CodeIgniter.php(832): App\Controllers\Kenaikanpangkat->getDataDT()
#6 D:\xampp7\htdocs\dashboardpeg\system\CodeIgniter.php(419): CodeIgniter\CodeIgniter->runController(Object(App\Controllers\Kenaikanpangkat))
#7 D:\xampp7\htdocs\dashboardpeg\system\CodeIgniter.php(326): CodeIgniter\CodeIgniter->handleRequest(NULL, Object(Config\Cache), false)
#8 D:\xampp7\htdocs\dashboardpeg\index.php(47): CodeIgniter\CodeIgniter->run()
#9 {main}
CRITICAL - 2023-01-27 13:53:57 --> You have an error in your SQL syntax; check the manual that corresponds to your MariaDB server version for the right syntax to use near 'AND SHA1(id_instansi) = "77de68daecd823babbb58edb1c8e14d7106e83bb"' at line 1
#0 D:\xampp7\htdocs\dashboardpeg\system\Database\MySQLi\Connection.php(292): mysqli->query('SELECT COUNT(*)...', 0)
#1 D:\xampp7\htdocs\dashboardpeg\system\Database\BaseConnection.php(670): CodeIgniter\Database\MySQLi\Connection->execute('SELECT COUNT(*)...')
#2 D:\xampp7\htdocs\dashboardpeg\system\Database\BaseConnection.php(598): CodeIgniter\Database\BaseConnection->simpleQuery('SELECT COUNT(*)...')
#3 D:\xampp7\htdocs\dashboardpeg\app\Models\KenaikanPangkatModel.php(142): CodeIgniter\Database\BaseConnection->query('SELECT COUNT(*)...')
#4 D:\xampp7\htdocs\dashboardpeg\app\Controllers\Kenaikanpangkat.php(54): App\Models\KenaikanPangkatModel->getListData(' WHERE 1 = 1 ', '77de68daecd823b...')
#5 D:\xampp7\htdocs\dashboardpeg\system\CodeIgniter.php(832): App\Controllers\Kenaikanpangkat->getDataDT()
#6 D:\xampp7\htdocs\dashboardpeg\system\CodeIgniter.php(419): CodeIgniter\CodeIgniter->runController(Object(App\Controllers\Kenaikanpangkat))
#7 D:\xampp7\htdocs\dashboardpeg\system\CodeIgniter.php(326): CodeIgniter\CodeIgniter->handleRequest(NULL, Object(Config\Cache), false)
#8 D:\xampp7\htdocs\dashboardpeg\index.php(47): CodeIgniter\CodeIgniter->run()
#9 {main}
CRITICAL - 2023-01-27 13:55:07 --> You have an error in your SQL syntax; check the manual that corresponds to your MariaDB server version for the right syntax to use near '' at line 1
#0 D:\xampp7\htdocs\dashboardpeg\system\Database\MySQLi\Connection.php(292): mysqli->query('SELECT COUNT(*)...', 0)
#1 D:\xampp7\htdocs\dashboardpeg\system\Database\BaseConnection.php(670): CodeIgniter\Database\MySQLi\Connection->execute('SELECT COUNT(*)...')
#2 D:\xampp7\htdocs\dashboardpeg\system\Database\BaseConnection.php(598): CodeIgniter\Database\BaseConnection->simpleQuery('SELECT COUNT(*)...')
#3 D:\xampp7\htdocs\dashboardpeg\app\Models\KenaikanPangkatModel.php(142): CodeIgniter\Database\BaseConnection->query('SELECT COUNT(*)...')
#4 D:\xampp7\htdocs\dashboardpeg\app\Controllers\Kenaikanpangkat.php(54): App\Models\KenaikanPangkatModel->getListData(' WHERE 1 = 1 ', '77de68daecd823b...')
#5 D:\xampp7\htdocs\dashboardpeg\system\CodeIgniter.php(832): App\Controllers\Kenaikanpangkat->getDataDT()
#6 D:\xampp7\htdocs\dashboardpeg\system\CodeIgniter.php(419): CodeIgniter\CodeIgniter->runController(Object(App\Controllers\Kenaikanpangkat))
#7 D:\xampp7\htdocs\dashboardpeg\system\CodeIgniter.php(326): CodeIgniter\CodeIgniter->handleRequest(NULL, Object(Config\Cache), false)
#8 D:\xampp7\htdocs\dashboardpeg\index.php(47): CodeIgniter\CodeIgniter->run()
#9 {main}
CRITICAL - 2023-01-27 13:58:13 --> syntax error, unexpected '='
#0 D:\xampp7\htdocs\dashboardpeg\system\Autoloader\Autoloader.php(241): CodeIgniter\Autoloader\Autoloader->includeFile('D:\\xampp7\\htdoc...')
#1 D:\xampp7\htdocs\dashboardpeg\system\Autoloader\Autoloader.php(219): CodeIgniter\Autoloader\Autoloader->loadInNamespace('App\\Models\\Kena...')
#2 [internal function]: CodeIgniter\Autoloader\Autoloader->loadClass('App\\Models\\Kena...')
#3 D:\xampp7\htdocs\dashboardpeg\app\Controllers\Kenaikanpangkat.php(12): spl_autoload_call('App\\Models\\Kena...')
#4 D:\xampp7\htdocs\dashboardpeg\system\CodeIgniter.php(809): App\Controllers\Kenaikanpangkat->__construct()
#5 D:\xampp7\htdocs\dashboardpeg\system\CodeIgniter.php(410): CodeIgniter\CodeIgniter->createController()
#6 D:\xampp7\htdocs\dashboardpeg\system\CodeIgniter.php(326): CodeIgniter\CodeIgniter->handleRequest(NULL, Object(Config\Cache), false)
#7 D:\xampp7\htdocs\dashboardpeg\index.php(47): CodeIgniter\CodeIgniter->run()
#8 {main}
CRITICAL - 2023-01-27 13:58:27 --> You have an error in your SQL syntax; check the manual that corresponds to your MariaDB server version for the right syntax to use near 'jenis_jabatan='STRUKTURAL'  AND SHA1(id_instansi) = "77de68daecd823babbb58edb...' at line 1
#0 D:\xampp7\htdocs\dashboardpeg\system\Database\MySQLi\Connection.php(292): mysqli->query('SELECT COUNT(*)...', 0)
#1 D:\xampp7\htdocs\dashboardpeg\system\Database\BaseConnection.php(670): CodeIgniter\Database\MySQLi\Connection->execute('SELECT COUNT(*)...')
#2 D:\xampp7\htdocs\dashboardpeg\system\Database\BaseConnection.php(598): CodeIgniter\Database\BaseConnection->simpleQuery('SELECT COUNT(*)...')
#3 D:\xampp7\htdocs\dashboardpeg\app\Models\KenaikanPangkatModel.php(141): CodeIgniter\Database\BaseConnection->query('SELECT COUNT(*)...')
#4 D:\xampp7\htdocs\dashboardpeg\app\Controllers\Kenaikanpangkat.php(54): App\Models\KenaikanPangkatModel->getListData(' WHERE 1 = 1  j...', '77de68daecd823b...')
#5 D:\xampp7\htdocs\dashboardpeg\system\CodeIgniter.php(832): App\Controllers\Kenaikanpangkat->getDataDT()
#6 D:\xampp7\htdocs\dashboardpeg\system\CodeIgniter.php(419): CodeIgniter\CodeIgniter->runController(Object(App\Controllers\Kenaikanpangkat))
#7 D:\xampp7\htdocs\dashboardpeg\system\CodeIgniter.php(326): CodeIgniter\CodeIgniter->handleRequest(NULL, Object(Config\Cache), false)
#8 D:\xampp7\htdocs\dashboardpeg\index.php(47): CodeIgniter\CodeIgniter->run()
#9 {main}
CRITICAL - 2023-01-27 14:01:25 --> You have an error in your SQL syntax; check the manual that corresponds to your MariaDB server version for the right syntax to use near 'jenis_jabatan="FUNGSIONAL TERTENTU"  AND SHA1(id_instansi) = "77de68daecd823b...' at line 1
#0 D:\xampp7\htdocs\dashboardpeg\system\Database\MySQLi\Connection.php(292): mysqli->query('SELECT COUNT(*)...', 0)
#1 D:\xampp7\htdocs\dashboardpeg\system\Database\BaseConnection.php(670): CodeIgniter\Database\MySQLi\Connection->execute('SELECT COUNT(*)...')
#2 D:\xampp7\htdocs\dashboardpeg\system\Database\BaseConnection.php(598): CodeIgniter\Database\BaseConnection->simpleQuery('SELECT COUNT(*)...')
#3 D:\xampp7\htdocs\dashboardpeg\app\Models\KenaikanPangkatModel.php(141): CodeIgniter\Database\BaseConnection->query('SELECT COUNT(*)...')
#4 D:\xampp7\htdocs\dashboardpeg\app\Controllers\Kenaikanpangkat.php(54): App\Models\KenaikanPangkatModel->getListData(' WHERE 1 = 1  j...', '77de68daecd823b...')
#5 D:\xampp7\htdocs\dashboardpeg\system\CodeIgniter.php(832): App\Controllers\Kenaikanpangkat->getDataDT()
#6 D:\xampp7\htdocs\dashboardpeg\system\CodeIgniter.php(419): CodeIgniter\CodeIgniter->runController(Object(App\Controllers\Kenaikanpangkat))
#7 D:\xampp7\htdocs\dashboardpeg\system\CodeIgniter.php(326): CodeIgniter\CodeIgniter->handleRequest(NULL, Object(Config\Cache), false)
#8 D:\xampp7\htdocs\dashboardpeg\index.php(47): CodeIgniter\CodeIgniter->run()
#9 {main}
CRITICAL - 2023-01-27 14:01:41 --> You have an error in your SQL syntax; check the manual that corresponds to your MariaDB server version for the right syntax to use near 'jenis_jabatan="FUNGSIONAL TERTENTU"  pangkat="prosedur1"  AND SHA1(id_instans...' at line 1
#0 D:\xampp7\htdocs\dashboardpeg\system\Database\MySQLi\Connection.php(292): mysqli->query('SELECT COUNT(*)...', 0)
#1 D:\xampp7\htdocs\dashboardpeg\system\Database\BaseConnection.php(670): CodeIgniter\Database\MySQLi\Connection->execute('SELECT COUNT(*)...')
#2 D:\xampp7\htdocs\dashboardpeg\system\Database\BaseConnection.php(598): CodeIgniter\Database\BaseConnection->simpleQuery('SELECT COUNT(*)...')
#3 D:\xampp7\htdocs\dashboardpeg\app\Models\KenaikanPangkatModel.php(141): CodeIgniter\Database\BaseConnection->query('SELECT COUNT(*)...')
#4 D:\xampp7\htdocs\dashboardpeg\app\Controllers\Kenaikanpangkat.php(54): App\Models\KenaikanPangkatModel->getListData(' WHERE 1 = 1  j...', '77de68daecd823b...')
#5 D:\xampp7\htdocs\dashboardpeg\system\CodeIgniter.php(832): App\Controllers\Kenaikanpangkat->getDataDT()
#6 D:\xampp7\htdocs\dashboardpeg\system\CodeIgniter.php(419): CodeIgniter\CodeIgniter->runController(Object(App\Controllers\Kenaikanpangkat))
#7 D:\xampp7\htdocs\dashboardpeg\system\CodeIgniter.php(326): CodeIgniter\CodeIgniter->handleRequest(NULL, Object(Config\Cache), false)
#8 D:\xampp7\htdocs\dashboardpeg\index.php(47): CodeIgniter\CodeIgniter->run()
#9 {main}
CRITICAL - 2023-01-27 14:03:06 --> You have an error in your SQL syntax; check the manual that corresponds to your MariaDB server version for the right syntax to use near '(nip LIKE "%s%" OR 
         nama LIKE "%s%" OR 
         jabatan LIKE "%s%...' at line 1
#0 D:\xampp7\htdocs\dashboardpeg\system\Database\MySQLi\Connection.php(292): mysqli->query('SELECT COUNT(*)...', 0)
#1 D:\xampp7\htdocs\dashboardpeg\system\Database\BaseConnection.php(670): CodeIgniter\Database\MySQLi\Connection->execute('SELECT COUNT(*)...')
#2 D:\xampp7\htdocs\dashboardpeg\system\Database\BaseConnection.php(598): CodeIgniter\Database\BaseConnection->simpleQuery('SELECT COUNT(*)...')
#3 D:\xampp7\htdocs\dashboardpeg\app\Models\KenaikanPangkatModel.php(141): CodeIgniter\Database\BaseConnection->query('SELECT COUNT(*)...')
#4 D:\xampp7\htdocs\dashboardpeg\app\Controllers\Kenaikanpangkat.php(54): App\Models\KenaikanPangkatModel->getListData(' WHERE 1 = 1  (...', '77de68daecd823b...')
#5 D:\xampp7\htdocs\dashboardpeg\system\CodeIgniter.php(832): App\Controllers\Kenaikanpangkat->getDataDT()
#6 D:\xampp7\htdocs\dashboardpeg\system\CodeIgniter.php(419): CodeIgniter\CodeIgniter->runController(Object(App\Controllers\Kenaikanpangkat))
#7 D:\xampp7\htdocs\dashboardpeg\system\CodeIgniter.php(326): CodeIgniter\CodeIgniter->handleRequest(NULL, Object(Config\Cache), false)
#8 D:\xampp7\htdocs\dashboardpeg\index.php(47): CodeIgniter\CodeIgniter->run()
#9 {main}
CRITICAL - 2023-01-27 14:03:08 --> You have an error in your SQL syntax; check the manual that corresponds to your MariaDB server version for the right syntax to use near '(nip LIKE "%si%" OR 
         nama LIKE "%si%" OR 
         jabatan LIKE "%...' at line 1
#0 D:\xampp7\htdocs\dashboardpeg\system\Database\MySQLi\Connection.php(292): mysqli->query('SELECT COUNT(*)...', 0)
#1 D:\xampp7\htdocs\dashboardpeg\system\Database\BaseConnection.php(670): CodeIgniter\Database\MySQLi\Connection->execute('SELECT COUNT(*)...')
#2 D:\xampp7\htdocs\dashboardpeg\system\Database\BaseConnection.php(598): CodeIgniter\Database\BaseConnection->simpleQuery('SELECT COUNT(*)...')
#3 D:\xampp7\htdocs\dashboardpeg\app\Models\KenaikanPangkatModel.php(141): CodeIgniter\Database\BaseConnection->query('SELECT COUNT(*)...')
#4 D:\xampp7\htdocs\dashboardpeg\app\Controllers\Kenaikanpangkat.php(54): App\Models\KenaikanPangkatModel->getListData(' WHERE 1 = 1  (...', '77de68daecd823b...')
#5 D:\xampp7\htdocs\dashboardpeg\system\CodeIgniter.php(832): App\Controllers\Kenaikanpangkat->getDataDT()
#6 D:\xampp7\htdocs\dashboardpeg\system\CodeIgniter.php(419): CodeIgniter\CodeIgniter->runController(Object(App\Controllers\Kenaikanpangkat))
#7 D:\xampp7\htdocs\dashboardpeg\system\CodeIgniter.php(326): CodeIgniter\CodeIgniter->handleRequest(NULL, Object(Config\Cache), false)
#8 D:\xampp7\htdocs\dashboardpeg\index.php(47): CodeIgniter\CodeIgniter->run()
#9 {main}
CRITICAL - 2023-01-27 15:40:18 --> syntax error, unexpected '}'
#0 D:\xampp7\htdocs\dashboardpeg\system\View\View.php(213): CodeIgniter\View\View->CodeIgniter\View\{closure}()
#1 D:\xampp7\htdocs\dashboardpeg\system\Common.php(1089): CodeIgniter\View\View->render('themes/modern/h...', Array, true)
#2 D:\xampp7\htdocs\dashboardpeg\app\Controllers\BaseController.php(246): view('themes/modern/h...', Array)
#3 D:\xampp7\htdocs\dashboardpeg\app\Controllers\Dashboard2.php(47): App\Controllers\BaseController->view('dashboard2.php', Array)
#4 D:\xampp7\htdocs\dashboardpeg\system\CodeIgniter.php(832): App\Controllers\Dashboard2->index()
#5 D:\xampp7\htdocs\dashboardpeg\system\CodeIgniter.php(419): CodeIgniter\CodeIgniter->runController(Object(App\Controllers\Dashboard2))
#6 D:\xampp7\htdocs\dashboardpeg\system\CodeIgniter.php(326): CodeIgniter\CodeIgniter->handleRequest(NULL, Object(Config\Cache), false)
#7 D:\xampp7\htdocs\dashboardpeg\index.php(47): CodeIgniter\CodeIgniter->run()
#8 {main}
CRITICAL - 2023-01-27 15:40:29 --> Undefined variable: dashboardpage
#0 D:\xampp7\htdocs\dashboardpeg\app\Views\themes\modern\header.php(83): CodeIgniter\Debug\Exceptions->errorHandler(8, 'Undefined varia...', 'D:\\xampp7\\htdoc...', 83, Array)
#1 D:\xampp7\htdocs\dashboardpeg\system\View\View.php(210): include('D:\\xampp7\\htdoc...')
#2 D:\xampp7\htdocs\dashboardpeg\system\View\View.php(213): CodeIgniter\View\View->CodeIgniter\View\{closure}()
#3 D:\xampp7\htdocs\dashboardpeg\system\Common.php(1089): CodeIgniter\View\View->render('themes/modern/h...', Array, true)
#4 D:\xampp7\htdocs\dashboardpeg\app\Controllers\BaseController.php(246): view('themes/modern/h...', Array)
#5 D:\xampp7\htdocs\dashboardpeg\app\Controllers\Dashboard2.php(47): App\Controllers\BaseController->view('dashboard2.php', Array)
#6 D:\xampp7\htdocs\dashboardpeg\system\CodeIgniter.php(832): App\Controllers\Dashboard2->index()
#7 D:\xampp7\htdocs\dashboardpeg\system\CodeIgniter.php(419): CodeIgniter\CodeIgniter->runController(Object(App\Controllers\Dashboard2))
#8 D:\xampp7\htdocs\dashboardpeg\system\CodeIgniter.php(326): CodeIgniter\CodeIgniter->handleRequest(NULL, Object(Config\Cache), false)
#9 D:\xampp7\htdocs\dashboardpeg\index.php(47): CodeIgniter\CodeIgniter->run()
#10 {main}
CRITICAL - 2023-01-27 15:55:33 --> Undefined offset: 8
#0 D:\xampp7\htdocs\dashboardpeg\app\Models\ImpordataModel.php(206): CodeIgniter\Debug\Exceptions->errorHandler(8, 'Undefined offse...', 'D:\\xampp7\\htdoc...', 206, Array)
#1 D:\xampp7\htdocs\dashboardpeg\app\Controllers\Impordata.php(53): App\Models\ImpordataModel->imporkenaikanpangkat()
#2 D:\xampp7\htdocs\dashboardpeg\system\CodeIgniter.php(832): App\Controllers\Impordata->index()
#3 D:\xampp7\htdocs\dashboardpeg\system\CodeIgniter.php(419): CodeIgniter\CodeIgniter->runController(Object(App\Controllers\Impordata))
#4 D:\xampp7\htdocs\dashboardpeg\system\CodeIgniter.php(326): CodeIgniter\CodeIgniter->handleRequest(NULL, Object(Config\Cache), false)
#5 D:\xampp7\htdocs\dashboardpeg\index.php(47): CodeIgniter\CodeIgniter->run()
#6 {main}
CRITICAL - 2023-01-27 15:57:25 --> Undefined offset: 8
#0 D:\xampp7\htdocs\dashboardpeg\app\Models\ImpordataModel.php(206): CodeIgniter\Debug\Exceptions->errorHandler(8, 'Undefined offse...', 'D:\\xampp7\\htdoc...', 206, Array)
#1 D:\xampp7\htdocs\dashboardpeg\app\Controllers\Impordata.php(53): App\Models\ImpordataModel->imporkenaikanpangkat()
#2 D:\xampp7\htdocs\dashboardpeg\system\CodeIgniter.php(832): App\Controllers\Impordata->index()
#3 D:\xampp7\htdocs\dashboardpeg\system\CodeIgniter.php(419): CodeIgniter\CodeIgniter->runController(Object(App\Controllers\Impordata))
#4 D:\xampp7\htdocs\dashboardpeg\system\CodeIgniter.php(326): CodeIgniter\CodeIgniter->handleRequest(NULL, Object(Config\Cache), false)
#5 D:\xampp7\htdocs\dashboardpeg\index.php(47): CodeIgniter\CodeIgniter->run()
#6 {main}
CRITICAL - 2023-01-27 15:58:17 --> Undefined offset: 8
#0 D:\xampp7\htdocs\dashboardpeg\app\Models\ImpordataModel.php(206): CodeIgniter\Debug\Exceptions->errorHandler(8, 'Undefined offse...', 'D:\\xampp7\\htdoc...', 206, Array)
#1 D:\xampp7\htdocs\dashboardpeg\app\Controllers\Impordata.php(53): App\Models\ImpordataModel->imporkenaikanpangkat()
#2 D:\xampp7\htdocs\dashboardpeg\system\CodeIgniter.php(832): App\Controllers\Impordata->index()
#3 D:\xampp7\htdocs\dashboardpeg\system\CodeIgniter.php(419): CodeIgniter\CodeIgniter->runController(Object(App\Controllers\Impordata))
#4 D:\xampp7\htdocs\dashboardpeg\system\CodeIgniter.php(326): CodeIgniter\CodeIgniter->handleRequest(NULL, Object(Config\Cache), false)
#5 D:\xampp7\htdocs\dashboardpeg\index.php(47): CodeIgniter\CodeIgniter->run()
#6 {main}
CRITICAL - 2023-01-27 15:59:27 --> Undefined offset: 8
#0 D:\xampp7\htdocs\dashboardpeg\app\Models\ImpordataModel.php(206): CodeIgniter\Debug\Exceptions->errorHandler(8, 'Undefined offse...', 'D:\\xampp7\\htdoc...', 206, Array)
#1 D:\xampp7\htdocs\dashboardpeg\app\Controllers\Impordata.php(53): App\Models\ImpordataModel->imporkenaikanpangkat()
#2 D:\xampp7\htdocs\dashboardpeg\system\CodeIgniter.php(832): App\Controllers\Impordata->index()
#3 D:\xampp7\htdocs\dashboardpeg\system\CodeIgniter.php(419): CodeIgniter\CodeIgniter->runController(Object(App\Controllers\Impordata))
#4 D:\xampp7\htdocs\dashboardpeg\system\CodeIgniter.php(326): CodeIgniter\CodeIgniter->handleRequest(NULL, Object(Config\Cache), false)
#5 D:\xampp7\htdocs\dashboardpeg\index.php(47): CodeIgniter\CodeIgniter->run()
#6 {main}
