CRITICAL - 2022-06-13 08:12:16 --> syntax error, unexpected token ";", expecting ")"
#0 D:\xampp-8.1.2\htdocs\ci4\admin_template_rbac1\system\Router\Router.php(175): CodeIgniter\Router\Router->autoRoute('dashboard')
#1 D:\xampp-8.1.2\htdocs\ci4\admin_template_rbac1\system\CodeIgniter.php(726): CodeIgniter\Router\Router->handle('dashboard')
#2 D:\xampp-8.1.2\htdocs\ci4\admin_template_rbac1\system\CodeIgniter.php(368): CodeIgniter\CodeIgniter->tryToRouteIt(Object(CodeIgniter\Router\RouteCollection))
#3 D:\xampp-8.1.2\htdocs\ci4\admin_template_rbac1\system\CodeIgniter.php(326): CodeIgniter\CodeIgniter->handleRequest(NULL, Object(Config\Cache), false)
#4 D:\xampp-8.1.2\htdocs\ci4\admin_template_rbac1\index.php(47): CodeIgniter\CodeIgniter->run()
#5 {main}
CRITICAL - 2022-06-13 20:12:42 --> A non-numeric value encountered
#0 D:\xampp-8.1.2\htdocs\ci4\admin_template_rbac1\app\Controllers\Dashboard.php(82): CodeIgniter\Debug\Exceptions->errorHandler(2, 'A non-numeric v...', 'D:\\xampp-8.1.2\\...', 82)
#1 D:\xampp-8.1.2\htdocs\ci4\admin_template_rbac1\system\CodeIgniter.php(832): App\Controllers\Dashboard->ajaxGetItemTerjualDetail()
#2 D:\xampp-8.1.2\htdocs\ci4\admin_template_rbac1\system\CodeIgniter.php(419): CodeIgniter\CodeIgniter->runController(Object(App\Controllers\Dashboard))
#3 D:\xampp-8.1.2\htdocs\ci4\admin_template_rbac1\system\CodeIgniter.php(326): CodeIgniter\CodeIgniter->handleRequest(NULL, Object(Config\Cache), false)
#4 D:\xampp-8.1.2\htdocs\ci4\admin_template_rbac1\index.php(47): CodeIgniter\CodeIgniter->run()
#5 {main}
CRITICAL - 2022-06-13 20:12:47 --> A non-numeric value encountered
#0 D:\xampp-8.1.2\htdocs\ci4\admin_template_rbac1\app\Controllers\Dashboard.php(82): CodeIgniter\Debug\Exceptions->errorHandler(2, 'A non-numeric v...', 'D:\\xampp-8.1.2\\...', 82)
#1 D:\xampp-8.1.2\htdocs\ci4\admin_template_rbac1\system\CodeIgniter.php(832): App\Controllers\Dashboard->ajaxGetItemTerjualDetail()
#2 D:\xampp-8.1.2\htdocs\ci4\admin_template_rbac1\system\CodeIgniter.php(419): CodeIgniter\CodeIgniter->runController(Object(App\Controllers\Dashboard))
#3 D:\xampp-8.1.2\htdocs\ci4\admin_template_rbac1\system\CodeIgniter.php(326): CodeIgniter\CodeIgniter->handleRequest(NULL, Object(Config\Cache), false)
#4 D:\xampp-8.1.2\htdocs\ci4\admin_template_rbac1\index.php(47): CodeIgniter\CodeIgniter->run()
#5 {main}
CRITICAL - 2022-06-13 20:51:49 --> Unknown column 'total_harga' in 'field list'
#0 D:\xampp-8.1.2\htdocs\ci4\admin_template_rbac1\system\Database\MySQLi\Connection.php(292): mysqli->query('SELECT SUM(tota...', 0)
#1 D:\xampp-8.1.2\htdocs\ci4\admin_template_rbac1\system\Database\BaseConnection.php(670): CodeIgniter\Database\MySQLi\Connection->execute('SELECT SUM(tota...')
#2 D:\xampp-8.1.2\htdocs\ci4\admin_template_rbac1\system\Database\BaseConnection.php(598): CodeIgniter\Database\BaseConnection->simpleQuery('SELECT SUM(tota...')
#3 D:\xampp-8.1.2\htdocs\ci4\admin_template_rbac1\app\Models\DashboardModel.php(31): CodeIgniter\Database\BaseConnection->query('SELECT SUM(tota...')
#4 D:\xampp-8.1.2\htdocs\ci4\admin_template_rbac1\app\Controllers\Dashboard.php(44): App\Models\DashboardModel->getTotalNilaiPenjualan('2021')
#5 D:\xampp-8.1.2\htdocs\ci4\admin_template_rbac1\system\CodeIgniter.php(832): App\Controllers\Dashboard->index()
#6 D:\xampp-8.1.2\htdocs\ci4\admin_template_rbac1\system\CodeIgniter.php(419): CodeIgniter\CodeIgniter->runController(Object(App\Controllers\Dashboard))
#7 D:\xampp-8.1.2\htdocs\ci4\admin_template_rbac1\system\CodeIgniter.php(326): CodeIgniter\CodeIgniter->handleRequest(NULL, Object(Config\Cache), false)
#8 D:\xampp-8.1.2\htdocs\ci4\admin_template_rbac1\index.php(47): CodeIgniter\CodeIgniter->run()
#9 {main}
CRITICAL - 2022-06-13 21:28:57 --> syntax error, unexpected token "public", expecting ";"
#0 D:\xampp-8.1.2\htdocs\ci4\admin_template_rbac1\system\Autoloader\Autoloader.php(241): CodeIgniter\Autoloader\Autoloader->includeFile('D:\\xampp-8.1.2\\...')
#1 D:\xampp-8.1.2\htdocs\ci4\admin_template_rbac1\system\Autoloader\Autoloader.php(219): CodeIgniter\Autoloader\Autoloader->loadInNamespace('App\\Models\\Dash...')
#2 D:\xampp-8.1.2\htdocs\ci4\admin_template_rbac1\app\Controllers\Dashboard.php(16): CodeIgniter\Autoloader\Autoloader->loadClass('App\\Models\\Dash...')
#3 D:\xampp-8.1.2\htdocs\ci4\admin_template_rbac1\system\CodeIgniter.php(809): App\Controllers\Dashboard->__construct()
#4 D:\xampp-8.1.2\htdocs\ci4\admin_template_rbac1\system\CodeIgniter.php(410): CodeIgniter\CodeIgniter->createController()
#5 D:\xampp-8.1.2\htdocs\ci4\admin_template_rbac1\system\CodeIgniter.php(326): CodeIgniter\CodeIgniter->handleRequest(NULL, Object(Config\Cache), false)
#6 D:\xampp-8.1.2\htdocs\ci4\admin_template_rbac1\index.php(47): CodeIgniter\CodeIgniter->run()
#7 {main}
CRITICAL - 2022-06-13 21:29:19 --> Cannot redeclare App\Models\DashboardModel::getTotalJumlahTransaksi()
#0 [internal function]: CodeIgniter\Debug\Exceptions->shutdownHandler()
#1 {main}
